[0.098s] DEBUG:colcon:Command line arguments: ['/usr/bin/colcon', 'build']
[0.098s] DEBUG:colcon:Parsed command line arguments: Namespace(log_base=None, log_level=None, verb_name='build', build_base='build', install_base='install', merge_install=False, symlink_install=False, test_result_base=None, continue_on_error=False, executor='parallel', parallel_workers=4, event_handlers=None, ignore_user_meta=False, metas=['./colcon.meta'], base_paths=['.'], packages_ignore=None, packages_ignore_regex=None, paths=None, packages_up_to=None, packages_up_to_regex=None, packages_above=None, packages_above_and_dependencies=None, packages_above_depth=None, packages_select_by_dep=None, packages_skip_by_dep=None, packages_skip_up_to=None, packages_select_build_failed=False, packages_skip_build_finished=False, packages_select_test_failures=False, packages_skip_test_passed=False, packages_select=None, packages_skip=None, packages_select_regex=None, packages_skip_regex=None, packages_start=None, packages_end=None, cmake_args=None, cmake_target=None, cmake_target_skip_unavailable=False, cmake_clean_cache=False, cmake_clean_first=False, cmake_force_configure=False, ament_cmake_args=None, catkin_cmake_args=None, catkin_skip_building_tests=False, mixin_files=None, mixin=None, verb_parser=<colcon_mixin.mixin.mixin_argument.MixinArgumentDecorator object at 0x7e1d829a12d0>, verb_extension=<colcon_core.verb.build.BuildVerb object at 0x7e1d829a0cd0>, main=<bound method BuildVerb.main of <colcon_core.verb.build.BuildVerb object at 0x7e1d829a0cd0>>, mixin_verb=('build',))
[0.226s] Level 1:colcon.colcon_core.package_discovery:discover_packages(colcon_meta) check parameters
[0.226s] Level 1:colcon.colcon_core.package_discovery:discover_packages(recursive) check parameters
[0.226s] Level 1:colcon.colcon_core.package_discovery:discover_packages(ignore) check parameters
[0.226s] Level 1:colcon.colcon_core.package_discovery:discover_packages(path) check parameters
[0.226s] Level 1:colcon.colcon_core.package_discovery:discover_packages(colcon_meta) discover
[0.226s] Level 1:colcon.colcon_core.package_discovery:discover_packages(recursive) discover
[0.226s] INFO:colcon.colcon_core.package_discovery:Crawling recursively for packages in '/ros2_ws'
[0.226s] Level 1:colcon.colcon_core.package_identification:_identify(.) by extensions ['ignore', 'ignore_ament_install']
[0.226s] Level 1:colcon.colcon_core.package_identification:_identify(.) by extension 'ignore'
[0.226s] Level 1:colcon.colcon_core.package_identification:_identify(.) by extension 'ignore_ament_install'
[0.226s] Level 1:colcon.colcon_core.package_identification:_identify(.) by extensions ['colcon_pkg']
[0.226s] Level 1:colcon.colcon_core.package_identification:_identify(.) by extension 'colcon_pkg'
[0.226s] Level 1:colcon.colcon_core.package_identification:_identify(.) by extensions ['colcon_meta']
[0.226s] Level 1:colcon.colcon_core.package_identification:_identify(.) by extension 'colcon_meta'
[0.226s] Level 1:colcon.colcon_core.package_identification:_identify(.) by extensions ['ros']
[0.226s] Level 1:colcon.colcon_core.package_identification:_identify(.) by extension 'ros'
[0.236s] Level 1:colcon.colcon_core.package_identification:_identify(.) by extensions ['cmake', 'python']
[0.236s] Level 1:colcon.colcon_core.package_identification:_identify(.) by extension 'cmake'
[0.236s] Level 1:colcon.colcon_core.package_identification:_identify(.) by extension 'python'
[0.236s] Level 1:colcon.colcon_core.package_identification:_identify(.) by extensions ['python_setup_py']
[0.236s] Level 1:colcon.colcon_core.package_identification:_identify(.) by extension 'python_setup_py'
[0.236s] Level 1:colcon.colcon_core.package_identification:_identify(build) by extensions ['ignore', 'ignore_ament_install']
[0.236s] Level 1:colcon.colcon_core.package_identification:_identify(build) by extension 'ignore'
[0.236s] Level 1:colcon.colcon_core.package_identification:_identify(build) ignored
[0.236s] Level 1:colcon.colcon_core.package_identification:_identify(install) by extensions ['ignore', 'ignore_ament_install']
[0.236s] Level 1:colcon.colcon_core.package_identification:_identify(install) by extension 'ignore'
[0.236s] Level 1:colcon.colcon_core.package_identification:_identify(install) ignored
[0.236s] Level 1:colcon.colcon_core.package_identification:_identify(log) by extensions ['ignore', 'ignore_ament_install']
[0.236s] Level 1:colcon.colcon_core.package_identification:_identify(log) by extension 'ignore'
[0.236s] Level 1:colcon.colcon_core.package_identification:_identify(log) ignored
[0.237s] Level 1:colcon.colcon_core.package_identification:_identify(src) by extensions ['ignore', 'ignore_ament_install']
[0.237s] Level 1:colcon.colcon_core.package_identification:_identify(src) by extension 'ignore'
[0.237s] Level 1:colcon.colcon_core.package_identification:_identify(src) by extension 'ignore_ament_install'
[0.237s] Level 1:colcon.colcon_core.package_identification:_identify(src) by extensions ['colcon_pkg']
[0.237s] Level 1:colcon.colcon_core.package_identification:_identify(src) by extension 'colcon_pkg'
[0.237s] Level 1:colcon.colcon_core.package_identification:_identify(src) by extensions ['colcon_meta']
[0.237s] Level 1:colcon.colcon_core.package_identification:_identify(src) by extension 'colcon_meta'
[0.237s] Level 1:colcon.colcon_core.package_identification:_identify(src) by extensions ['ros']
[0.237s] Level 1:colcon.colcon_core.package_identification:_identify(src) by extension 'ros'
[0.237s] Level 1:colcon.colcon_core.package_identification:_identify(src) by extensions ['cmake', 'python']
[0.237s] Level 1:colcon.colcon_core.package_identification:_identify(src) by extension 'cmake'
[0.237s] Level 1:colcon.colcon_core.package_identification:_identify(src) by extension 'python'
[0.237s] Level 1:colcon.colcon_core.package_identification:_identify(src) by extensions ['python_setup_py']
[0.237s] Level 1:colcon.colcon_core.package_identification:_identify(src) by extension 'python_setup_py'
[0.237s] Level 1:colcon.colcon_core.package_identification:_identify(src/spraying_pathways) by extensions ['ignore', 'ignore_ament_install']
[0.237s] Level 1:colcon.colcon_core.package_identification:_identify(src/spraying_pathways) by extension 'ignore'
[0.237s] Level 1:colcon.colcon_core.package_identification:_identify(src/spraying_pathways) by extension 'ignore_ament_install'
[0.237s] Level 1:colcon.colcon_core.package_identification:_identify(src/spraying_pathways) by extensions ['colcon_pkg']
[0.237s] Level 1:colcon.colcon_core.package_identification:_identify(src/spraying_pathways) by extension 'colcon_pkg'
[0.237s] Level 1:colcon.colcon_core.package_identification:_identify(src/spraying_pathways) by extensions ['colcon_meta']
[0.237s] Level 1:colcon.colcon_core.package_identification:_identify(src/spraying_pathways) by extension 'colcon_meta'
[0.237s] Level 1:colcon.colcon_core.package_identification:_identify(src/spraying_pathways) by extensions ['ros']
[0.237s] Level 1:colcon.colcon_core.package_identification:_identify(src/spraying_pathways) by extension 'ros'
[0.240s] DEBUG:colcon.colcon_core.package_identification:Package 'src/spraying_pathways' with type 'ros.ament_cmake' and name 'spraying_pathways'
[0.240s] Level 1:colcon.colcon_core.package_identification:_identify(src/ur_simulation_gazebo) by extensions ['ignore', 'ignore_ament_install']
[0.240s] Level 1:colcon.colcon_core.package_identification:_identify(src/ur_simulation_gazebo) by extension 'ignore'
[0.240s] Level 1:colcon.colcon_core.package_identification:_identify(src/ur_simulation_gazebo) by extension 'ignore_ament_install'
[0.240s] Level 1:colcon.colcon_core.package_identification:_identify(src/ur_simulation_gazebo) by extensions ['colcon_pkg']
[0.240s] Level 1:colcon.colcon_core.package_identification:_identify(src/ur_simulation_gazebo) by extension 'colcon_pkg'
[0.240s] Level 1:colcon.colcon_core.package_identification:_identify(src/ur_simulation_gazebo) by extensions ['colcon_meta']
[0.240s] Level 1:colcon.colcon_core.package_identification:_identify(src/ur_simulation_gazebo) by extension 'colcon_meta'
[0.240s] Level 1:colcon.colcon_core.package_identification:_identify(src/ur_simulation_gazebo) by extensions ['ros']
[0.240s] Level 1:colcon.colcon_core.package_identification:_identify(src/ur_simulation_gazebo) by extension 'ros'
[0.241s] DEBUG:colcon.colcon_core.package_identification:Package 'src/ur_simulation_gazebo' with type 'ros.ament_cmake' and name 'ur_simulation_gazebo'
[0.241s] Level 1:colcon.colcon_core.package_discovery:discover_packages(recursive) using defaults
[0.241s] Level 1:colcon.colcon_core.package_discovery:discover_packages(ignore) discover
[0.241s] Level 1:colcon.colcon_core.package_discovery:discover_packages(ignore) using defaults
[0.241s] Level 1:colcon.colcon_core.package_discovery:discover_packages(path) discover
[0.241s] Level 1:colcon.colcon_core.package_discovery:discover_packages(path) using defaults
[0.257s] Level 5:colcon.colcon_core.verb:set package 'spraying_pathways' build argument 'cmake_args' from command line to 'None'
[0.257s] Level 5:colcon.colcon_core.verb:set package 'spraying_pathways' build argument 'cmake_target' from command line to 'None'
[0.257s] Level 5:colcon.colcon_core.verb:set package 'spraying_pathways' build argument 'cmake_target_skip_unavailable' from command line to 'False'
[0.257s] Level 5:colcon.colcon_core.verb:set package 'spraying_pathways' build argument 'cmake_clean_cache' from command line to 'False'
[0.257s] Level 5:colcon.colcon_core.verb:set package 'spraying_pathways' build argument 'cmake_clean_first' from command line to 'False'
[0.257s] Level 5:colcon.colcon_core.verb:set package 'spraying_pathways' build argument 'cmake_force_configure' from command line to 'False'
[0.257s] Level 5:colcon.colcon_core.verb:set package 'spraying_pathways' build argument 'ament_cmake_args' from command line to 'None'
[0.257s] Level 5:colcon.colcon_core.verb:set package 'spraying_pathways' build argument 'catkin_cmake_args' from command line to 'None'
[0.257s] Level 5:colcon.colcon_core.verb:set package 'spraying_pathways' build argument 'catkin_skip_building_tests' from command line to 'False'
[0.257s] DEBUG:colcon.colcon_core.verb:Building package 'spraying_pathways' with the following arguments: {'ament_cmake_args': None, 'build_base': '/ros2_ws/build/spraying_pathways', 'catkin_cmake_args': None, 'catkin_skip_building_tests': False, 'cmake_args': None, 'cmake_clean_cache': False, 'cmake_clean_first': False, 'cmake_force_configure': False, 'cmake_target': None, 'cmake_target_skip_unavailable': False, 'install_base': '/ros2_ws/install/spraying_pathways', 'merge_install': False, 'path': '/ros2_ws/src/spraying_pathways', 'symlink_install': False, 'test_result_base': None}
[0.258s] Level 5:colcon.colcon_core.verb:set package 'ur_simulation_gazebo' build argument 'cmake_args' from command line to 'None'
[0.258s] Level 5:colcon.colcon_core.verb:set package 'ur_simulation_gazebo' build argument 'cmake_target' from command line to 'None'
[0.258s] Level 5:colcon.colcon_core.verb:set package 'ur_simulation_gazebo' build argument 'cmake_target_skip_unavailable' from command line to 'False'
[0.258s] Level 5:colcon.colcon_core.verb:set package 'ur_simulation_gazebo' build argument 'cmake_clean_cache' from command line to 'False'
[0.258s] Level 5:colcon.colcon_core.verb:set package 'ur_simulation_gazebo' build argument 'cmake_clean_first' from command line to 'False'
[0.258s] Level 5:colcon.colcon_core.verb:set package 'ur_simulation_gazebo' build argument 'cmake_force_configure' from command line to 'False'
[0.258s] Level 5:colcon.colcon_core.verb:set package 'ur_simulation_gazebo' build argument 'ament_cmake_args' from command line to 'None'
[0.258s] Level 5:colcon.colcon_core.verb:set package 'ur_simulation_gazebo' build argument 'catkin_cmake_args' from command line to 'None'
[0.258s] Level 5:colcon.colcon_core.verb:set package 'ur_simulation_gazebo' build argument 'catkin_skip_building_tests' from command line to 'False'
[0.258s] DEBUG:colcon.colcon_core.verb:Building package 'ur_simulation_gazebo' with the following arguments: {'ament_cmake_args': None, 'build_base': '/ros2_ws/build/ur_simulation_gazebo', 'catkin_cmake_args': None, 'catkin_skip_building_tests': False, 'cmake_args': None, 'cmake_clean_cache': False, 'cmake_clean_first': False, 'cmake_force_configure': False, 'cmake_target': None, 'cmake_target_skip_unavailable': False, 'install_base': '/ros2_ws/install/ur_simulation_gazebo', 'merge_install': False, 'path': '/ros2_ws/src/ur_simulation_gazebo', 'symlink_install': False, 'test_result_base': None}
[0.258s] INFO:colcon.colcon_core.executor:Executing jobs using 'parallel' executor
[0.259s] DEBUG:colcon.colcon_parallel_executor.executor.parallel:run_until_complete
[0.259s] INFO:colcon.colcon_ros.task.ament_cmake.build:Building ROS package in '/ros2_ws/src/spraying_pathways' with build type 'ament_cmake'
[0.259s] INFO:colcon.colcon_cmake.task.cmake.build:Building CMake package in '/ros2_ws/src/spraying_pathways'
[0.262s] INFO:colcon.colcon_core.plugin_system:Skipping extension 'colcon_core.shell.bat': Not used on non-Windows systems
[0.262s] INFO:colcon.colcon_core.shell:Skip shell extension 'powershell' for command environment: Not usable outside of PowerShell
[0.262s] DEBUG:colcon.colcon_core.shell:Skip shell extension 'dsv' for command environment
[0.266s] INFO:colcon.colcon_ros.task.ament_cmake.build:Building ROS package in '/ros2_ws/src/ur_simulation_gazebo' with build type 'ament_cmake'
[0.266s] INFO:colcon.colcon_cmake.task.cmake.build:Building CMake package in '/ros2_ws/src/ur_simulation_gazebo'
[0.267s] INFO:colcon.colcon_core.shell:Skip shell extension 'powershell' for command environment: Not usable outside of PowerShell
[0.267s] DEBUG:colcon.colcon_core.shell:Skip shell extension 'dsv' for command environment
[0.275s] DEBUG:colcon.colcon_core.event_handler.log_command:Invoking command in '/ros2_ws/build/spraying_pathways': CMAKE_PREFIX_PATH=${CMAKE_PREFIX_PATH}:/opt/ros/humble /usr/bin/cmake /ros2_ws/src/spraying_pathways -DCMAKE_INSTALL_PREFIX=/ros2_ws/install/spraying_pathways
[0.279s] DEBUG:colcon.colcon_core.event_handler.log_command:Invoking command in '/ros2_ws/build/ur_simulation_gazebo': CMAKE_PREFIX_PATH=${CMAKE_PREFIX_PATH}:/opt/ros/humble /usr/bin/cmake /ros2_ws/src/ur_simulation_gazebo -DCMAKE_INSTALL_PREFIX=/ros2_ws/install/ur_simulation_gazebo
[1.004s] DEBUG:colcon.colcon_core.event_handler.log_command:Invoked command in '/ros2_ws/build/ur_simulation_gazebo' returned '0': CMAKE_PREFIX_PATH=${CMAKE_PREFIX_PATH}:/opt/ros/humble /usr/bin/cmake /ros2_ws/src/ur_simulation_gazebo -DCMAKE_INSTALL_PREFIX=/ros2_ws/install/ur_simulation_gazebo
[1.007s] DEBUG:colcon.colcon_core.event_handler.log_command:Invoking command in '/ros2_ws/build/ur_simulation_gazebo': CMAKE_PREFIX_PATH=${CMAKE_PREFIX_PATH}:/opt/ros/humble /usr/bin/cmake --build /ros2_ws/build/ur_simulation_gazebo -- -j4 -l4
[1.052s] DEBUG:colcon.colcon_core.event_handler.log_command:Invoked command in '/ros2_ws/build/ur_simulation_gazebo' returned '0': CMAKE_PREFIX_PATH=${CMAKE_PREFIX_PATH}:/opt/ros/humble /usr/bin/cmake --build /ros2_ws/build/ur_simulation_gazebo -- -j4 -l4
[1.099s] DEBUG:colcon.colcon_core.event_handler.log_command:Invoking command in '/ros2_ws/build/ur_simulation_gazebo': CMAKE_PREFIX_PATH=${CMAKE_PREFIX_PATH}:/opt/ros/humble /usr/bin/cmake --install /ros2_ws/build/ur_simulation_gazebo
[1.119s] Level 1:colcon.colcon_core.environment:create_environment_scripts_only(ur_simulation_gazebo)
[1.119s] DEBUG:colcon.colcon_core.event_handler.log_command:Invoked command in '/ros2_ws/build/ur_simulation_gazebo' returned '0': CMAKE_PREFIX_PATH=${CMAKE_PREFIX_PATH}:/opt/ros/humble /usr/bin/cmake --install /ros2_ws/build/ur_simulation_gazebo
[1.123s] Level 1:colcon.colcon_core.environment:checking '/ros2_ws/install/ur_simulation_gazebo' for CMake module files
[1.124s] Level 1:colcon.colcon_core.environment:checking '/ros2_ws/install/ur_simulation_gazebo' for CMake config files
[1.124s] Level 1:colcon.colcon_core.shell:create_environment_hook('ur_simulation_gazebo', 'cmake_prefix_path')
[1.125s] INFO:colcon.colcon_core.shell:Creating environment hook '/ros2_ws/install/ur_simulation_gazebo/share/ur_simulation_gazebo/hook/cmake_prefix_path.ps1'
[1.126s] INFO:colcon.colcon_core.shell:Creating environment descriptor '/ros2_ws/install/ur_simulation_gazebo/share/ur_simulation_gazebo/hook/cmake_prefix_path.dsv'
[1.126s] INFO:colcon.colcon_core.shell:Creating environment hook '/ros2_ws/install/ur_simulation_gazebo/share/ur_simulation_gazebo/hook/cmake_prefix_path.sh'
[1.127s] Level 1:colcon.colcon_core.environment:checking '/ros2_ws/install/ur_simulation_gazebo/bin'
[1.127s] Level 1:colcon.colcon_core.environment:checking '/ros2_ws/install/ur_simulation_gazebo/lib/pkgconfig/ur_simulation_gazebo.pc'
[1.130s] Level 1:colcon.colcon_core.environment:checking '/ros2_ws/install/ur_simulation_gazebo/lib/python3.10/site-packages'
[1.130s] Level 1:colcon.colcon_core.environment:checking '/ros2_ws/install/ur_simulation_gazebo/bin'
[1.130s] INFO:colcon.colcon_core.shell:Creating package script '/ros2_ws/install/ur_simulation_gazebo/share/ur_simulation_gazebo/package.ps1'
[1.131s] INFO:colcon.colcon_core.shell:Creating package descriptor '/ros2_ws/install/ur_simulation_gazebo/share/ur_simulation_gazebo/package.dsv'
[1.132s] INFO:colcon.colcon_core.shell:Creating package script '/ros2_ws/install/ur_simulation_gazebo/share/ur_simulation_gazebo/package.sh'
[1.133s] INFO:colcon.colcon_core.shell:Creating package script '/ros2_ws/install/ur_simulation_gazebo/share/ur_simulation_gazebo/package.bash'
[1.133s] INFO:colcon.colcon_core.shell:Creating package script '/ros2_ws/install/ur_simulation_gazebo/share/ur_simulation_gazebo/package.zsh'
[1.134s] Level 1:colcon.colcon_core.environment:create_file_with_runtime_dependencies(/ros2_ws/install/ur_simulation_gazebo/share/colcon-core/packages/ur_simulation_gazebo)
[1.173s] Level 1:colcon.colcon_core.environment:create_environment_scripts_only(ur_simulation_gazebo)
[1.174s] Level 1:colcon.colcon_core.environment:checking '/ros2_ws/install/ur_simulation_gazebo' for CMake module files
[1.174s] Level 1:colcon.colcon_core.environment:checking '/ros2_ws/install/ur_simulation_gazebo' for CMake config files
[1.175s] Level 1:colcon.colcon_core.shell:create_environment_hook('ur_simulation_gazebo', 'cmake_prefix_path')
[1.175s] INFO:colcon.colcon_core.shell:Creating environment hook '/ros2_ws/install/ur_simulation_gazebo/share/ur_simulation_gazebo/hook/cmake_prefix_path.ps1'
[1.175s] INFO:colcon.colcon_core.shell:Creating environment descriptor '/ros2_ws/install/ur_simulation_gazebo/share/ur_simulation_gazebo/hook/cmake_prefix_path.dsv'
[1.176s] INFO:colcon.colcon_core.shell:Creating environment hook '/ros2_ws/install/ur_simulation_gazebo/share/ur_simulation_gazebo/hook/cmake_prefix_path.sh'
[1.176s] Level 1:colcon.colcon_core.environment:checking '/ros2_ws/install/ur_simulation_gazebo/bin'
[1.176s] Level 1:colcon.colcon_core.environment:checking '/ros2_ws/install/ur_simulation_gazebo/lib/pkgconfig/ur_simulation_gazebo.pc'
[1.176s] Level 1:colcon.colcon_core.environment:checking '/ros2_ws/install/ur_simulation_gazebo/lib/python3.10/site-packages'
[1.177s] Level 1:colcon.colcon_core.environment:checking '/ros2_ws/install/ur_simulation_gazebo/bin'
[1.177s] INFO:colcon.colcon_core.shell:Creating package script '/ros2_ws/install/ur_simulation_gazebo/share/ur_simulation_gazebo/package.ps1'
[1.178s] INFO:colcon.colcon_core.shell:Creating package descriptor '/ros2_ws/install/ur_simulation_gazebo/share/ur_simulation_gazebo/package.dsv'
[1.178s] INFO:colcon.colcon_core.shell:Creating package script '/ros2_ws/install/ur_simulation_gazebo/share/ur_simulation_gazebo/package.sh'
[1.179s] INFO:colcon.colcon_core.shell:Creating package script '/ros2_ws/install/ur_simulation_gazebo/share/ur_simulation_gazebo/package.bash'
[1.179s] INFO:colcon.colcon_core.shell:Creating package script '/ros2_ws/install/ur_simulation_gazebo/share/ur_simulation_gazebo/package.zsh'
[1.180s] Level 1:colcon.colcon_core.environment:create_file_with_runtime_dependencies(/ros2_ws/install/ur_simulation_gazebo/share/colcon-core/packages/ur_simulation_gazebo)
[5.168s] DEBUG:colcon.colcon_core.event_handler.log_command:Invoked command in '/ros2_ws/build/spraying_pathways' returned '0': CMAKE_PREFIX_PATH=${CMAKE_PREFIX_PATH}:/opt/ros/humble /usr/bin/cmake /ros2_ws/src/spraying_pathways -DCMAKE_INSTALL_PREFIX=/ros2_ws/install/spraying_pathways
[5.169s] DEBUG:colcon.colcon_core.event_handler.log_command:Invoking command in '/ros2_ws/build/spraying_pathways': CMAKE_PREFIX_PATH=${CMAKE_PREFIX_PATH}:/opt/ros/humble /usr/bin/cmake --build /ros2_ws/build/spraying_pathways -- -j4 -l4
[41.320s] DEBUG:colcon.colcon_core.event_handler.log_command:Invoked command in '/ros2_ws/build/spraying_pathways' returned '0': CMAKE_PREFIX_PATH=${CMAKE_PREFIX_PATH}:/opt/ros/humble /usr/bin/cmake --build /ros2_ws/build/spraying_pathways -- -j4 -l4
[41.428s] DEBUG:colcon.colcon_core.event_handler.log_command:Invoking command in '/ros2_ws/build/spraying_pathways': CMAKE_PREFIX_PATH=${CMAKE_PREFIX_PATH}:/opt/ros/humble /usr/bin/cmake --install /ros2_ws/build/spraying_pathways
[41.463s] Level 1:colcon.colcon_core.environment:create_environment_scripts_only(spraying_pathways)
[41.463s] DEBUG:colcon.colcon_core.event_handler.log_command:Invoked command in '/ros2_ws/build/spraying_pathways' returned '0': CMAKE_PREFIX_PATH=${CMAKE_PREFIX_PATH}:/opt/ros/humble /usr/bin/cmake --install /ros2_ws/build/spraying_pathways
[41.463s] Level 1:colcon.colcon_core.environment:checking '/ros2_ws/install/spraying_pathways' for CMake module files
[41.464s] Level 1:colcon.colcon_core.environment:checking '/ros2_ws/install/spraying_pathways' for CMake config files
[41.464s] Level 1:colcon.colcon_core.shell:create_environment_hook('spraying_pathways', 'cmake_prefix_path')
[41.465s] INFO:colcon.colcon_core.shell:Creating environment hook '/ros2_ws/install/spraying_pathways/share/spraying_pathways/hook/cmake_prefix_path.ps1'
[41.465s] INFO:colcon.colcon_core.shell:Creating environment descriptor '/ros2_ws/install/spraying_pathways/share/spraying_pathways/hook/cmake_prefix_path.dsv'
[41.465s] INFO:colcon.colcon_core.shell:Creating environment hook '/ros2_ws/install/spraying_pathways/share/spraying_pathways/hook/cmake_prefix_path.sh'
[41.465s] Level 1:colcon.colcon_core.environment:checking '/ros2_ws/install/spraying_pathways/lib'
[41.466s] Level 1:colcon.colcon_core.environment:checking '/ros2_ws/install/spraying_pathways/bin'
[41.466s] Level 1:colcon.colcon_core.environment:checking '/ros2_ws/install/spraying_pathways/lib/pkgconfig/spraying_pathways.pc'
[41.466s] Level 1:colcon.colcon_core.environment:checking '/ros2_ws/install/spraying_pathways/lib/python3.10/site-packages'
[41.466s] Level 1:colcon.colcon_core.environment:checking '/ros2_ws/install/spraying_pathways/bin'
[41.466s] INFO:colcon.colcon_core.shell:Creating package script '/ros2_ws/install/spraying_pathways/share/spraying_pathways/package.ps1'
[41.466s] INFO:colcon.colcon_core.shell:Creating package descriptor '/ros2_ws/install/spraying_pathways/share/spraying_pathways/package.dsv'
[41.467s] INFO:colcon.colcon_core.shell:Creating package script '/ros2_ws/install/spraying_pathways/share/spraying_pathways/package.sh'
[41.467s] INFO:colcon.colcon_core.shell:Creating package script '/ros2_ws/install/spraying_pathways/share/spraying_pathways/package.bash'
[41.467s] INFO:colcon.colcon_core.shell:Creating package script '/ros2_ws/install/spraying_pathways/share/spraying_pathways/package.zsh'
[41.468s] Level 1:colcon.colcon_core.environment:create_file_with_runtime_dependencies(/ros2_ws/install/spraying_pathways/share/colcon-core/packages/spraying_pathways)
[41.575s] Level 1:colcon.colcon_core.environment:create_environment_scripts_only(spraying_pathways)
[41.575s] Level 1:colcon.colcon_core.environment:checking '/ros2_ws/install/spraying_pathways' for CMake module files
[41.576s] Level 1:colcon.colcon_core.environment:checking '/ros2_ws/install/spraying_pathways' for CMake config files
[41.576s] Level 1:colcon.colcon_core.shell:create_environment_hook('spraying_pathways', 'cmake_prefix_path')
[41.576s] INFO:colcon.colcon_core.shell:Creating environment hook '/ros2_ws/install/spraying_pathways/share/spraying_pathways/hook/cmake_prefix_path.ps1'
[41.577s] INFO:colcon.colcon_core.shell:Creating environment descriptor '/ros2_ws/install/spraying_pathways/share/spraying_pathways/hook/cmake_prefix_path.dsv'
[41.577s] INFO:colcon.colcon_core.shell:Creating environment hook '/ros2_ws/install/spraying_pathways/share/spraying_pathways/hook/cmake_prefix_path.sh'
[41.578s] Level 1:colcon.colcon_core.environment:checking '/ros2_ws/install/spraying_pathways/lib'
[41.578s] Level 1:colcon.colcon_core.environment:checking '/ros2_ws/install/spraying_pathways/bin'
[41.578s] Level 1:colcon.colcon_core.environment:checking '/ros2_ws/install/spraying_pathways/lib/pkgconfig/spraying_pathways.pc'
[41.578s] Level 1:colcon.colcon_core.environment:checking '/ros2_ws/install/spraying_pathways/lib/python3.10/site-packages'
[41.578s] Level 1:colcon.colcon_core.environment:checking '/ros2_ws/install/spraying_pathways/bin'
[41.578s] INFO:colcon.colcon_core.shell:Creating package script '/ros2_ws/install/spraying_pathways/share/spraying_pathways/package.ps1'
[41.579s] INFO:colcon.colcon_core.shell:Creating package descriptor '/ros2_ws/install/spraying_pathways/share/spraying_pathways/package.dsv'
[41.579s] INFO:colcon.colcon_core.shell:Creating package script '/ros2_ws/install/spraying_pathways/share/spraying_pathways/package.sh'
[41.580s] INFO:colcon.colcon_core.shell:Creating package script '/ros2_ws/install/spraying_pathways/share/spraying_pathways/package.bash'
[41.580s] INFO:colcon.colcon_core.shell:Creating package script '/ros2_ws/install/spraying_pathways/share/spraying_pathways/package.zsh'
[41.580s] Level 1:colcon.colcon_core.environment:create_file_with_runtime_dependencies(/ros2_ws/install/spraying_pathways/share/colcon-core/packages/spraying_pathways)
[41.581s] DEBUG:colcon.colcon_parallel_executor.executor.parallel:closing loop
[41.581s] DEBUG:colcon.colcon_parallel_executor.executor.parallel:loop closed
[41.581s] DEBUG:colcon.colcon_parallel_executor.executor.parallel:run_until_complete finished with '0'
[41.581s] DEBUG:colcon.colcon_core.event_reactor:joining thread
[41.593s] INFO:colcon.colcon_core.plugin_system:Skipping extension 'colcon_notification.desktop_notification.notify_send': Could not find 'notify-send'
[41.594s] INFO:colcon.colcon_core.plugin_system:Skipping extension 'colcon_notification.desktop_notification.terminal_notifier': Not used on non-Darwin systems
[41.594s] INFO:colcon.colcon_core.plugin_system:Skipping extension 'colcon_notification.desktop_notification.win32': Not used on non-Windows systems
[41.594s] INFO:colcon.colcon_notification.desktop_notification:Sending desktop notification using 'notify2'
[41.596s] DEBUG:colcon.colcon_notification.desktop_notification.notify2:Failed to initialize notify2: org.freedesktop.DBus.Error.Spawn.ExecFailed: /usr/bin/dbus-launch terminated abnormally without any error message
[41.597s] DEBUG:colcon.colcon_core.event_reactor:joined thread
[41.597s] INFO:colcon.colcon_core.shell:Creating prefix script '/ros2_ws/install/local_setup.ps1'
[41.598s] INFO:colcon.colcon_core.shell:Creating prefix util module '/ros2_ws/install/_local_setup_util_ps1.py'
[41.600s] INFO:colcon.colcon_core.shell:Creating prefix chain script '/ros2_ws/install/setup.ps1'
[41.601s] INFO:colcon.colcon_core.shell:Creating prefix script '/ros2_ws/install/local_setup.sh'
[41.602s] INFO:colcon.colcon_core.shell:Creating prefix util module '/ros2_ws/install/_local_setup_util_sh.py'
[41.602s] INFO:colcon.colcon_core.shell:Creating prefix chain script '/ros2_ws/install/setup.sh'
[41.603s] INFO:colcon.colcon_core.shell:Creating prefix script '/ros2_ws/install/local_setup.bash'
[41.604s] INFO:colcon.colcon_core.shell:Creating prefix chain script '/ros2_ws/install/setup.bash'
[41.605s] INFO:colcon.colcon_core.shell:Creating prefix script '/ros2_ws/install/local_setup.zsh'
[41.605s] INFO:colcon.colcon_core.shell:Creating prefix chain script '/ros2_ws/install/setup.zsh'
