[01m[K/ros2_ws/src/spraying_pathways/src/cartesian_path_planner_trajectory_v1.cpp:[m[K In function ‘[01m[Kint main(int, char**)[m[K’:
[01m[K/ros2_ws/src/spraying_pathways/src/cartesian_path_planner_trajectory_v1.cpp:109:10:[m[K [01;35m[Kwarning: [m[Kunused variable ‘[01m[Kz_base[m[K’ [[01;35m[K-Wunused-variable[m[K]
  109 |   double [01;35m[Kz_base[m[K = 0.715 + 0.05; // defined for consistency (not used directly here)
      |          [01;35m[K^~~~~~[m[K
In file included from [01m[K/ros2_ws/src/spraying_pathways/src/cartesian_path_planner_cubes_v3.cpp:9[m[K:
[01m[K/opt/ros/humble/include/tf2_sensor_msgs/tf2_sensor_msgs.h:32:2:[m[K [01;35m[Kwarning: [m[K#warning This header is obsolete, please include tf2_sensor_msgs/tf2_sensor_msgs.hpp instead [[01;35m[K-Wcpp[m[K]
   32 | #[01;35m[Kwarning[m[K This header is obsolete, please include tf2_sensor_msgs/tf2_sensor_msgs.hpp instead
      |  [01;35m[K^~~~~~~[m[K
In file included from [01m[K/ros2_ws/src/spraying_pathways/src/lidar_surface_scanner.cpp:12[m[K:
[01m[K/opt/ros/humble/include/tf2_sensor_msgs/tf2_sensor_msgs.h:32:2:[m[K [01;35m[Kwarning: [m[K#warning This header is obsolete, please include tf2_sensor_msgs/tf2_sensor_msgs.hpp instead [[01;35m[K-Wcpp[m[K]
   32 | #[01;35m[Kwarning[m[K This header is obsolete, please include tf2_sensor_msgs/tf2_sensor_msgs.hpp instead
      |  [01;35m[K^~~~~~~[m[K
[01m[K/ros2_ws/src/spraying_pathways/src/lidar_surface_scanner.cpp:[m[K In member function ‘[01m[Kvoid LidarSurfaceScanner::executeTrajectory()[m[K’:
[01m[K/ros2_ws/src/spraying_pathways/src/lidar_surface_scanner.cpp:171:81:[m[K [01;35m[Kwarning: [m[K‘[01m[Kusing MoveItErrorCode = class moveit::core::MoveItErrorCode[m[K’ is deprecated: Use moveit::core::MoveItErrorCode [[01;35m[K-Wdeprecated-declarations[m[K]
  171 |     if (move_group->plan(plan1) == moveit::planning_interface::MoveItErrorCode::[01;35m[KSUCCESS[m[K) {
      |                                                                                 [01;35m[K^~~~~~~[m[K
In file included from [01m[K/ros2_ws/src/spraying_pathways/src/lidar_surface_scanner.cpp:5[m[K:
[01m[K/opt/ros/humble/include/moveit/move_group_interface/move_group_interface.h:71:7:[m[K [01;36m[Knote: [m[Kdeclared here
   71 | using [01;36m[KMoveItErrorCode[m[K [[deprecated("Use moveit::core::MoveItErrorCode")]] = moveit::core::MoveItErrorCode;
      |       [01;36m[K^~~~~~~~~~~~~~~[m[K
[01m[K/ros2_ws/src/spraying_pathways/src/lidar_surface_scanner.cpp:184:81:[m[K [01;35m[Kwarning: [m[K‘[01m[Kusing MoveItErrorCode = class moveit::core::MoveItErrorCode[m[K’ is deprecated: Use moveit::core::MoveItErrorCode [[01;35m[K-Wdeprecated-declarations[m[K]
  184 |     if (move_group->plan(plan2) == moveit::planning_interface::MoveItErrorCode::[01;35m[KSUCCESS[m[K) {
      |                                                                                 [01;35m[K^~~~~~~[m[K
In file included from [01m[K/ros2_ws/src/spraying_pathways/src/lidar_surface_scanner.cpp:5[m[K:
[01m[K/opt/ros/humble/include/moveit/move_group_interface/move_group_interface.h:71:7:[m[K [01;36m[Knote: [m[Kdeclared here
   71 | using [01;36m[KMoveItErrorCode[m[K [[deprecated("Use moveit::core::MoveItErrorCode")]] = moveit::core::MoveItErrorCode;
      |       [01;36m[K^~~~~~~~~~~~~~~[m[K
[01m[K/ros2_ws/src/spraying_pathways/src/lidar_surface_scanner.cpp:123:12:[m[K [01;35m[Kwarning: [m[Kunused variable ‘[01m[Kmid_x[m[K’ [[01;35m[K-Wunused-variable[m[K]
  123 |     double [01;35m[Kmid_x[m[K = (corners[0].first + corners[2].first) / 2.0;
      |            [01;35m[K^~~~~[m[K
[01m[K/ros2_ws/src/spraying_pathways/src/lidar_surface_scanner.cpp:126:12:[m[K [01;35m[Kwarning: [m[Kunused variable ‘[01m[Ky_start[m[K’ [[01;35m[K-Wunused-variable[m[K]
  126 |     double [01;35m[Ky_start[m[K = corners[0].second;
      |            [01;35m[K^~~~~~~[m[K
[01m[K/ros2_ws/src/spraying_pathways/src/lidar_surface_scanner.cpp:127:12:[m[K [01;35m[Kwarning: [m[Kunused variable ‘[01m[Ky_end[m[K’ [[01;35m[K-Wunused-variable[m[K]
  127 |     double [01;35m[Ky_end[m[K = corners[3].second;
      |            [01;35m[K^~~~~[m[K
