[0.015s] Invoking command in '/ros2_ws/build/spraying_pathways': CMAKE_PREFIX_PATH=${CMAKE_PREFIX_PATH}:/opt/ros/humble /usr/bin/cmake /ros2_ws/src/spraying_pathways -DCMAKE_INSTALL_PREFIX=/ros2_ws/install/spraying_pathways
[0.099s] -- The C compiler identification is GNU 11.4.0
[0.162s] -- The CXX compiler identification is GNU 11.4.0
[0.170s] -- Detecting C compiler ABI info
[0.253s] -- Detecting C compiler ABI info - done
[0.258s] -- Check for working C compiler: /usr/bin/cc - skipped
[0.258s] -- Detecting C compile features
[0.259s] -- Detecting C compile features - done
[0.261s] -- Detecting CXX compiler ABI info
[0.352s] -- Detecting CXX compiler ABI info - done
[0.359s] -- Check for working CXX compiler: /usr/bin/c++ - skipped
[0.359s] -- Detecting CXX compile features
[0.359s] -- Detecting CXX compile features - done
[0.369s] -- Found ament_cmake: 1.3.10 (/opt/ros/humble/share/ament_cmake/cmake)
[0.519s] -- Found Python3: /usr/bin/python3 (found version "3.10.12") found components: Interpreter 
[0.619s] -- Found rclcpp: 16.0.10 (/opt/ros/humble/share/rclcpp/cmake)
[0.664s] -- Found rosidl_generator_c: 3.1.5 (/opt/ros/humble/share/rosidl_generator_c/cmake)
[0.670s] -- Found rosidl_adapter: 3.1.5 (/opt/ros/humble/share/rosidl_adapter/cmake)
[0.680s] -- Found rosidl_generator_cpp: 3.1.5 (/opt/ros/humble/share/rosidl_generator_cpp/cmake)
[0.693s] -- Using all available rosidl_typesupport_c: rosidl_typesupport_fastrtps_c;rosidl_typesupport_introspection_c
[0.707s] -- Using all available rosidl_typesupport_cpp: rosidl_typesupport_fastrtps_cpp;rosidl_typesupport_introspection_cpp
[0.752s] -- Found rmw_implementation_cmake: 6.1.2 (/opt/ros/humble/share/rmw_implementation_cmake/cmake)
[0.754s] -- Found rmw_fastrtps_cpp: 6.2.6 (/opt/vulcanexus/humble/share/rmw_fastrtps_cpp/cmake)
[0.870s] -- Found OpenSSL: /usr/lib/x86_64-linux-gnu/libcrypto.so (found version "3.0.2")  
[0.901s] -- Found FastRTPS: /opt/vulcanexus/humble/include  
[0.947s] -- Using RMW implementation 'rmw_fastrtps_cpp' as default
[0.957s] -- Looking for pthread.h
[1.039s] -- Looking for pthread.h - found
[1.039s] -- Performing Test CMAKE_HAVE_LIBC_PTHREAD
[1.127s] -- Performing Test CMAKE_HAVE_LIBC_PTHREAD - Success
[1.128s] -- Found Threads: TRUE  
[1.176s] -- Found rclpy: 3.3.14 (/opt/ros/humble/share/rclpy/cmake)
[1.178s] -- Found moveit_ros_planning_interface: 2.5.9 (/opt/ros/humble/share/moveit_ros_planning_interface/cmake)
[1.206s] -- Found Boost: /usr/lib/x86_64-linux-gnu/cmake/Boost-1.74.0/BoostConfig.cmake (found version "1.74.0") found components: date_time filesystem program_options system thread 
[1.355s] -- Found Boost: /usr/lib/x86_64-linux-gnu/cmake/Boost-1.74.0/BoostConfig.cmake (found version "1.74.0") found components: chrono date_time filesystem iostreams program_options regex serialization system thread 
[1.391s] -- Found parameter_traits: 0.3.9 (/opt/ros/humble/share/parameter_traits/cmake)
[1.402s] -- Found Eigen3: TRUE (found version "3.4.0") 
[1.405s] -- Found rclcpp_lifecycle: 16.0.10 (/opt/ros/humble/share/rclcpp_lifecycle/cmake)
[1.426s] -- Found Boost: /usr/lib/x86_64-linux-gnu/cmake/Boost-1.74.0/BoostConfig.cmake (found version "1.74.0") found components: filesystem 
[1.524s] -- library: /usr/lib/x86_64-linux-gnu/libcurl.so
[1.559s] -- Ensuring Eigen3 include directory is part of orocos-kdl CMake target
[1.676s] -- Found Boost: /usr/lib/x86_64-linux-gnu/cmake/Boost-1.74.0/BoostConfig.cmake (found version "1.74.0") found components: system filesystem date_time program_options thread chrono 
[1.702s] -- Found Boost: /usr/lib/x86_64-linux-gnu/cmake/Boost-1.74.0/BoostConfig.cmake (found version "1.74.0") found components: thread system filesystem regex date_time program_options 
[1.721s] -- Found Boost: /usr/lib/x86_64-linux-gnu/cmake/Boost-1.74.0/BoostConfig.cmake (found version "1.74.0") found components: system filesystem date_time program_options thread 
[1.746s] -- Found gazebo_ros: 3.9.0 (/opt/ros/humble/share/gazebo_ros/cmake)
[1.757s] -- Found PkgConfig: /usr/bin/pkg-config (found version "0.29.2") 
[1.758s] -- Checking for module 'bullet>=2.82'
[1.773s] --   Found bullet, version 3.05
[1.899s] -- Found fcl: /usr/include (found suitable version "0.7.0", minimum required is "0.5.0") 
[1.965s] -- Found assimp: /usr/include (found version "5.2.0") 
[1.971s] -- Found DART: /usr/include (Required is at least version "6.6") found components: dart 
[1.981s] -- Found Boost: /usr/lib/x86_64-linux-gnu/cmake/Boost-1.74.0/BoostConfig.cmake (found suitable version "1.74.0", minimum required is "1.40.0") found components: thread system filesystem program_options regex iostreams date_time 
[1.997s] -- Found Protobuf: /usr/lib/x86_64-linux-gnu/libprotobuf.so (found version "3.12.4") 
[2.003s] -- Looking for ignition-math6 -- found version 6.15.1
[2.009s] -- Searching for dependencies of ignition-math6
[2.010s] -- Looking for OGRE...
[2.010s] -- OGRE_PREFIX_WATCH changed.
[2.016s] -- Checking for module 'OGRE'
[2.034s] --   Found OGRE, version 1.9.0
[2.084s] -- Found Ogre Ghadamon (1.9.0)
[2.088s] -- Found OGRE: optimized;/usr/lib/x86_64-linux-gnu/libOgreMain.so;debug;/usr/lib/x86_64-linux-gnu/libOgreMain.so
[2.097s] -- Looking for OGRE_Paging...
[2.100s] -- Found OGRE_Paging: optimized;/usr/lib/x86_64-linux-gnu/libOgrePaging.so;debug;/usr/lib/x86_64-linux-gnu/libOgrePaging.so
[2.100s] -- Looking for OGRE_Terrain...
[2.103s] -- Found OGRE_Terrain: optimized;/usr/lib/x86_64-linux-gnu/libOgreTerrain.so;debug;/usr/lib/x86_64-linux-gnu/libOgreTerrain.so
[2.103s] -- Looking for OGRE_Property...
[2.106s] -- Found OGRE_Property: optimized;/usr/lib/x86_64-linux-gnu/libOgreProperty.so;debug;/usr/lib/x86_64-linux-gnu/libOgreProperty.so
[2.106s] -- Looking for OGRE_RTShaderSystem...
[2.109s] -- Found OGRE_RTShaderSystem: optimized;/usr/lib/x86_64-linux-gnu/libOgreRTShaderSystem.so;debug;/usr/lib/x86_64-linux-gnu/libOgreRTShaderSystem.so
[2.109s] -- Looking for OGRE_Volume...
[2.111s] -- Found OGRE_Volume: optimized;/usr/lib/x86_64-linux-gnu/libOgreVolume.so;debug;/usr/lib/x86_64-linux-gnu/libOgreVolume.so
[2.111s] -- Looking for OGRE_Overlay...
[2.114s] -- Found OGRE_Overlay: optimized;/usr/lib/x86_64-linux-gnu/libOgreOverlay.so;debug;/usr/lib/x86_64-linux-gnu/libOgreOverlay.so
[2.183s] -- Looking for ignition-math6 -- found version 6.15.1
[2.185s] -- Looking for ignition-transport8 -- found version 8.2.1
[2.186s] -- Searching for dependencies of ignition-transport8
[2.203s] -- Found Protobuf: /usr/lib/x86_64-linux-gnu/libprotobuf.so (found suitable version "3.12.4", minimum required is "3") 
[2.213s] -- Config-file not installed for ZeroMQ -- checking for pkg-config
[2.219s] -- Checking for module 'libzmq >= 4'
[2.234s] --   Found libzmq , version 4.3.4
[2.280s] -- Found ZeroMQ: TRUE (Required is at least version "4") 
[2.285s] -- Checking for module 'uuid'
[2.301s] --   Found uuid, version 2.37.2
[2.345s] -- Found UUID: TRUE  
[2.347s] -- Looking for ignition-msgs5 -- found version 5.8.1
[2.347s] -- Searching for dependencies of ignition-msgs5
[2.365s] -- Looking for ignition-math6 -- found version 6.15.1
[2.370s] -- Checking for module 'tinyxml2'
[2.387s] --   Found tinyxml2, version 9.0.0
[2.428s] -- Looking for ignition-msgs5 -- found version 5.8.1
[2.430s] -- Looking for ignition-common3 -- found version 3.14.0
[2.431s] -- Searching for dependencies of ignition-common3
[2.431s] -- Looking for dlfcn.h - found
[2.432s] -- Looking for libdl - found
[2.436s] -- Found DL: TRUE  
[2.448s] -- Found tinyobjloader: /usr/lib/x86_64-linux-gnu/cmake/tinyobjloader/tinyobjloader-config.cmake (found version "2.0.0") 
[2.448s] -- Searching for <ignition-common3> component [graphics]
[2.450s] -- Looking for ignition-common3-graphics -- found version 3.14.0
[2.451s] -- Searching for dependencies of ignition-common3-graphics
[2.451s] -- Looking for ignition-math6 -- found version 6.15.1
[2.454s] -- Looking for ignition-fuel_tools4 -- found version 4.4.0
[2.455s] -- Searching for dependencies of ignition-fuel_tools4
[2.484s] -- Found CURL: /usr/lib/x86_64-linux-gnu/libcurl.so (found version "7.81.0")  
[2.492s] -- Checking for module 'jsoncpp'
[2.513s] --   Found jsoncpp, version 1.9.5
[2.557s] -- Found JSONCPP: TRUE  
[2.562s] -- Checking for module 'libzip'
[2.577s] --   Found libzip, version 1.7.3
[2.619s] -- Found ZIP: TRUE  
[2.619s] -- Looking for ignition-common3 -- found version 3.14.0
[2.620s] -- Looking for ignition-math6 -- found version 6.15.1
[2.620s] -- Looking for ignition-msgs5 -- found version 5.8.1
[2.624s] -- Gazebo version: 11.10
[2.624s] -- Checking for module 'tbb'
[2.641s] --   Found tbb, version 2021.5.0
[2.685s] -- Found laser_geometry: 2.4.0 (/opt/ros/humble/share/laser_geometry/cmake)
[2.690s] -- Found pcl_ros: 2.4.5 (/opt/ros/humble/share/pcl_ros/cmake)
[2.728s] -- Checking for module 'eigen3'
[2.745s] --   Found eigen3, version 3.4.0
[2.787s] -- Found Eigen: /usr/include/eigen3 (Required is at least version "3.1") 
[2.787s] -- Eigen found (include: /usr/include/eigen3, version: 3.4.0)
[2.806s] -- Checking for module 'flann'
[2.823s] --   Found flann, version 1.9.1
[2.871s] -- Found FLANN: /usr/lib/x86_64-linux-gnu/libflann_cpp.so  
[2.872s] -- FLANN found (include: /usr/include, lib: /usr/lib/x86_64-linux-gnu/libflann_cpp.so)
[3.899s] -- Checking for module 'libusb-1.0'
[3.917s] --   Found libusb-1.0, version 1.0.25
[3.966s] -- Found libusb: /usr/lib/x86_64-linux-gnu/libusb-1.0.so  
[3.966s] -- OpenNI found (version: 1.5.4.0, include: /usr/include/ni, lib: /usr/lib/libOpenNI.so;libusb::libusb)
[4.029s] -- OpenNI2 found (version: 2.2.0.33, include: /usr/include/openni2, lib: /usr/lib/x86_64-linux-gnu/libOpenNI2.so;libusb::libusb)
[4.154s] -- Eigen found (include: /usr/include/eigen3, version: 3.4.0)
[4.161s] -- OpenNI found (version: 1.5.4.0, include: /usr/include/ni, lib: /usr/lib/libOpenNI.so;libusb::libusb)
[4.168s] -- OpenNI2 found (version: 2.2.0.33, include: /usr/include/openni2, lib: /usr/lib/x86_64-linux-gnu/libOpenNI2.so;libusb::libusb)
[4.279s] -- Found Qhull version 8.0.2
[4.399s] -- OpenNI found (version: 1.5.4.0, include: /usr/include/ni, lib: /usr/lib/libOpenNI.so;libusb::libusb)
[4.515s] -- Found PCL_COMMON: /usr/lib/x86_64-linux-gnu/libpcl_common.so  
[4.517s] -- Found PCL_KDTREE: /usr/lib/x86_64-linux-gnu/libpcl_kdtree.so  
[4.518s] -- Found PCL_OCTREE: /usr/lib/x86_64-linux-gnu/libpcl_octree.so  
[4.518s] -- Found PCL_SEARCH: /usr/lib/x86_64-linux-gnu/libpcl_search.so  
[4.518s] -- Found PCL_SAMPLE_CONSENSUS: /usr/lib/x86_64-linux-gnu/libpcl_sample_consensus.so  
[4.519s] -- Found PCL_FILTERS: /usr/lib/x86_64-linux-gnu/libpcl_filters.so  
[4.519s] -- Found PCL_2D: /usr/include/pcl-1.12  
[4.520s] -- Found PCL_GEOMETRY: /usr/include/pcl-1.12  
[4.520s] -- Found PCL_IO: /usr/lib/x86_64-linux-gnu/libpcl_io.so  
[4.521s] -- Found PCL_FEATURES: /usr/lib/x86_64-linux-gnu/libpcl_features.so  
[4.522s] -- Found PCL_ML: /usr/lib/x86_64-linux-gnu/libpcl_ml.so  
[4.522s] -- Found PCL_SEGMENTATION: /usr/lib/x86_64-linux-gnu/libpcl_segmentation.so  
[4.523s] -- Found PCL_VISUALIZATION: /usr/lib/x86_64-linux-gnu/libpcl_visualization.so  
[4.524s] -- Found PCL_SURFACE: /usr/lib/x86_64-linux-gnu/libpcl_surface.so  
[4.525s] -- Found PCL_REGISTRATION: /usr/lib/x86_64-linux-gnu/libpcl_registration.so  
[4.525s] -- Found PCL_KEYPOINTS: /usr/lib/x86_64-linux-gnu/libpcl_keypoints.so  
[4.526s] -- Found PCL_TRACKING: /usr/lib/x86_64-linux-gnu/libpcl_tracking.so  
[4.527s] -- Found PCL_RECOGNITION: /usr/lib/x86_64-linux-gnu/libpcl_recognition.so  
[4.528s] -- Found PCL_STEREO: /usr/lib/x86_64-linux-gnu/libpcl_stereo.so  
[4.529s] -- Found PCL_APPS: /usr/lib/x86_64-linux-gnu/libpcl_apps.so  
[4.530s] -- Found PCL_IN_HAND_SCANNER: /usr/include/pcl-1.12  
[4.530s] -- Found PCL_MODELER: /usr/include/pcl-1.12  
[4.530s] -- Found PCL_POINT_CLOUD_EDITOR: /usr/include/pcl-1.12  
[4.531s] -- Found PCL_OUTOFCORE: /usr/lib/x86_64-linux-gnu/libpcl_outofcore.so  
[4.532s] -- Found PCL_PEOPLE: /usr/lib/x86_64-linux-gnu/libpcl_people.so  
[4.541s] -- Found rosbag2_cpp: 0.15.12 (/opt/ros/humble/share/rosbag2_cpp/cmake)
[4.555s] -- Found tf2_sensor_msgs: 0.25.7 (/opt/ros/humble/share/tf2_sensor_msgs/cmake)
[4.561s] -- Found tf2_py: 0.25.7 (/opt/ros/humble/share/tf2_py/cmake)
[4.580s] -- Found ament_lint_auto: 0.12.11 (/opt/ros/humble/share/ament_lint_auto/cmake)
[4.652s] -- Added test 'cppcheck' to perform static code analysis on C / C++ code
[4.653s] -- Configured cppcheck include dirs: 
[4.653s] -- Configured cppcheck exclude dirs and/or files: 
[4.654s] -- Added test 'flake8' to check Python code syntax and style conventions
[4.655s] -- Added test 'lint_cmake' to check CMake code style
[4.656s] -- Added test 'pep257' to check Python code against some of the docstring style conventions in PEP 257
[4.659s] -- Added test 'uncrustify' to check C / C++ code style
[4.659s] -- Configured uncrustify additional arguments: 
[4.660s] -- Added test 'xmllint' to check XML markup files
[4.663s] -- Configuring done
[4.878s] -- Generating done
[4.883s] -- Build files have been written to: /ros2_ws/build/spraying_pathways
[4.908s] Invoked command in '/ros2_ws/build/spraying_pathways' returned '0': CMAKE_PREFIX_PATH=${CMAKE_PREFIX_PATH}:/opt/ros/humble /usr/bin/cmake /ros2_ws/src/spraying_pathways -DCMAKE_INSTALL_PREFIX=/ros2_ws/install/spraying_pathways
[4.909s] Invoking command in '/ros2_ws/build/spraying_pathways': CMAKE_PREFIX_PATH=${CMAKE_PREFIX_PATH}:/opt/ros/humble /usr/bin/cmake --build /ros2_ws/build/spraying_pathways -- -j4 -l4
[4.984s] [  4%] [32mBuilding CXX object CMakeFiles/go_home_node.dir/src/go_home.cpp.o[0m
[4.984s] [  9%] [32mBuilding CXX object CMakeFiles/follow_joints_positions_node.dir/src/follow_joints_positions.cpp.o[0m
[4.992s] [ 13%] [32mBuilding CXX object CMakeFiles/cartesian_path_planner_trajectory_v1_node.dir/src/cartesian_path_planner_trajectory_v1.cpp.o[0m
[5.000s] [ 18%] [32mBuilding CXX object CMakeFiles/cartesian_path_planner_cubes_v2_node.dir/src/cartesian_path_planner_cubes_v2.cpp.o[0m
[10.336s] [01m[K/ros2_ws/src/spraying_pathways/src/cartesian_path_planner_trajectory_v1.cpp:[m[K In function ‘[01m[Kint main(int, char**)[m[K’:
[10.336s] [01m[K/ros2_ws/src/spraying_pathways/src/cartesian_path_planner_trajectory_v1.cpp:109:10:[m[K [01;35m[Kwarning: [m[Kunused variable ‘[01m[Kz_base[m[K’ [[01;35m[K-Wunused-variable[m[K]
[10.336s]   109 |   double [01;35m[Kz_base[m[K = 0.715 + 0.05; // defined for consistency (not used directly here)
[10.336s]       |          [01;35m[K^~~~~~[m[K
[13.783s] [ 22%] [32m[1mLinking CXX executable follow_joints_positions_node[0m
[14.100s] [ 22%] Built target follow_joints_positions_node
[14.140s] [ 27%] [32mBuilding CXX object CMakeFiles/cartesian_path_planner_cubes_v3_node.dir/src/cartesian_path_planner_cubes_v3.cpp.o[0m
[14.278s] [ 31%] [32m[1mLinking CXX executable cartesian_path_planner_trajectory_v1_node[0m
[14.617s] [ 31%] Built target cartesian_path_planner_trajectory_v1_node
[14.649s] [ 36%] [32mBuilding CXX object CMakeFiles/cartesian_path_planner_cubes_test_v1_node.dir/src/cartesian_path_planner_cubes_test_v1.cpp.o[0m
[14.790s] [ 40%] [32m[1mLinking CXX executable go_home_node[0m
[14.793s] [ 45%] [32m[1mLinking CXX executable cartesian_path_planner_cubes_v2_node[0m
[15.077s] In file included from [01m[K/ros2_ws/src/spraying_pathways/src/cartesian_path_planner_cubes_v3.cpp:9[m[K:
[15.078s] [01m[K/opt/ros/humble/include/tf2_sensor_msgs/tf2_sensor_msgs.h:32:2:[m[K [01;35m[Kwarning: [m[K#warning This header is obsolete, please include tf2_sensor_msgs/tf2_sensor_msgs.hpp instead [[01;35m[K-Wcpp[m[K]
[15.078s]    32 | #[01;35m[Kwarning[m[K This header is obsolete, please include tf2_sensor_msgs/tf2_sensor_msgs.hpp instead
[15.078s]       |  [01;35m[K^~~~~~~[m[K
[15.120s] [ 45%] Built target cartesian_path_planner_cubes_v2_node
[15.127s] [ 45%] Built target go_home_node
[15.152s] [ 50%] [32mBuilding CXX object CMakeFiles/cartesian_path_planner_cubes_test_v2_node.dir/src/cartesian_path_planner_cubes_test_v2.cpp.o[0m
[15.158s] [ 54%] [32mBuilding CXX object CMakeFiles/cartesian_path_planner_cubes_test_go_v1_node.dir/src/cartesian_path_planner_cubes_test_go_v1.cpp.o[0m
[22.599s] [ 59%] [32m[1mLinking CXX executable cartesian_path_planner_cubes_test_v1_node[0m
[22.956s] [ 63%] [32m[1mLinking CXX executable cartesian_path_planner_cubes_test_go_v1_node[0m
[22.989s] [ 63%] Built target cartesian_path_planner_cubes_test_v1_node
[23.023s] [ 68%] [32mBuilding CXX object CMakeFiles/cartesian_path_planner_cubes_test_go_v2_node.dir/src/cartesian_path_planner_cubes_test_go_v2.cpp.o[0m
[23.153s] [ 72%] [32m[1mLinking CXX executable cartesian_path_planner_cubes_v3_node[0m
[23.279s] [ 72%] Built target cartesian_path_planner_cubes_test_go_v1_node
[23.304s] [ 77%] [32mBuilding CXX object CMakeFiles/cartesian_path_planner_cubes_v4_node.dir/src/cartesian_path_planner_cubes_v4.cpp.o[0m
[23.480s] [ 77%] Built target cartesian_path_planner_cubes_v3_node
[23.522s] [ 81%] [32mBuilding CXX object CMakeFiles/lidar_surface_scanner_node.dir/src/lidar_surface_scanner.cpp.o[0m
[23.763s] [ 86%] [32m[1mLinking CXX executable cartesian_path_planner_cubes_test_v2_node[0m
[24.072s] [ 86%] Built target cartesian_path_planner_cubes_test_v2_node
[25.772s] In file included from [01m[K/ros2_ws/src/spraying_pathways/src/lidar_surface_scanner.cpp:12[m[K:
[25.772s] [01m[K/opt/ros/humble/include/tf2_sensor_msgs/tf2_sensor_msgs.h:32:2:[m[K [01;35m[Kwarning: [m[K#warning This header is obsolete, please include tf2_sensor_msgs/tf2_sensor_msgs.hpp instead [[01;35m[K-Wcpp[m[K]
[25.772s]    32 | #[01;35m[Kwarning[m[K This header is obsolete, please include tf2_sensor_msgs/tf2_sensor_msgs.hpp instead
[25.772s]       |  [01;35m[K^~~~~~~[m[K
[30.445s] [01m[K/ros2_ws/src/spraying_pathways/src/lidar_surface_scanner.cpp:[m[K In member function ‘[01m[Kvoid LidarSurfaceScanner::executeTrajectory()[m[K’:
[30.446s] [01m[K/ros2_ws/src/spraying_pathways/src/lidar_surface_scanner.cpp:171:81:[m[K [01;35m[Kwarning: [m[K‘[01m[Kusing MoveItErrorCode = class moveit::core::MoveItErrorCode[m[K’ is deprecated: Use moveit::core::MoveItErrorCode [[01;35m[K-Wdeprecated-declarations[m[K]
[30.446s]   171 |     if (move_group->plan(plan1) == moveit::planning_interface::MoveItErrorCode::[01;35m[KSUCCESS[m[K) {
[30.446s]       |                                                                                 [01;35m[K^~~~~~~[m[K
[30.446s] In file included from [01m[K/ros2_ws/src/spraying_pathways/src/lidar_surface_scanner.cpp:5[m[K:
[30.446s] [01m[K/opt/ros/humble/include/moveit/move_group_interface/move_group_interface.h:71:7:[m[K [01;36m[Knote: [m[Kdeclared here
[30.446s]    71 | using [01;36m[KMoveItErrorCode[m[K [[deprecated("Use moveit::core::MoveItErrorCode")]] = moveit::core::MoveItErrorCode;
[30.446s]       |       [01;36m[K^~~~~~~~~~~~~~~[m[K
[30.446s] [01m[K/ros2_ws/src/spraying_pathways/src/lidar_surface_scanner.cpp:184:81:[m[K [01;35m[Kwarning: [m[K‘[01m[Kusing MoveItErrorCode = class moveit::core::MoveItErrorCode[m[K’ is deprecated: Use moveit::core::MoveItErrorCode [[01;35m[K-Wdeprecated-declarations[m[K]
[30.446s]   184 |     if (move_group->plan(plan2) == moveit::planning_interface::MoveItErrorCode::[01;35m[KSUCCESS[m[K) {
[30.446s]       |                                                                                 [01;35m[K^~~~~~~[m[K
[30.447s] In file included from [01m[K/ros2_ws/src/spraying_pathways/src/lidar_surface_scanner.cpp:5[m[K:
[30.447s] [01m[K/opt/ros/humble/include/moveit/move_group_interface/move_group_interface.h:71:7:[m[K [01;36m[Knote: [m[Kdeclared here
[30.447s]    71 | using [01;36m[KMoveItErrorCode[m[K [[deprecated("Use moveit::core::MoveItErrorCode")]] = moveit::core::MoveItErrorCode;
[30.447s]       |       [01;36m[K^~~~~~~~~~~~~~~[m[K
[30.448s] [01m[K/ros2_ws/src/spraying_pathways/src/lidar_surface_scanner.cpp:123:12:[m[K [01;35m[Kwarning: [m[Kunused variable ‘[01m[Kmid_x[m[K’ [[01;35m[K-Wunused-variable[m[K]
[30.448s]   123 |     double [01;35m[Kmid_x[m[K = (corners[0].first + corners[2].first) / 2.0;
[30.448s]       |            [01;35m[K^~~~~[m[K
[30.448s] [01m[K/ros2_ws/src/spraying_pathways/src/lidar_surface_scanner.cpp:126:12:[m[K [01;35m[Kwarning: [m[Kunused variable ‘[01m[Ky_start[m[K’ [[01;35m[K-Wunused-variable[m[K]
[30.448s]   126 |     double [01;35m[Ky_start[m[K = corners[0].second;
[30.448s]       |            [01;35m[K^~~~~~~[m[K
[30.448s] [01m[K/ros2_ws/src/spraying_pathways/src/lidar_surface_scanner.cpp:127:12:[m[K [01;35m[Kwarning: [m[Kunused variable ‘[01m[Ky_end[m[K’ [[01;35m[K-Wunused-variable[m[K]
[30.448s]   127 |     double [01;35m[Ky_end[m[K = corners[3].second;
[30.448s]       |            [01;35m[K^~~~~[m[K
[31.035s] [ 90%] [32m[1mLinking CXX executable cartesian_path_planner_cubes_v4_node[0m
[31.112s] [ 95%] [32m[1mLinking CXX executable cartesian_path_planner_cubes_test_go_v2_node[0m
[31.386s] [ 95%] Built target cartesian_path_planner_cubes_v4_node
[31.448s] [ 95%] Built target cartesian_path_planner_cubes_test_go_v2_node
[40.005s] [100%] [32m[1mLinking CXX executable lidar_surface_scanner_node[0m
[41.048s] [100%] Built target lidar_surface_scanner_node
[41.060s] Invoked command in '/ros2_ws/build/spraying_pathways' returned '0': CMAKE_PREFIX_PATH=${CMAKE_PREFIX_PATH}:/opt/ros/humble /usr/bin/cmake --build /ros2_ws/build/spraying_pathways -- -j4 -l4
[41.169s] Invoking command in '/ros2_ws/build/spraying_pathways': CMAKE_PREFIX_PATH=${CMAKE_PREFIX_PATH}:/opt/ros/humble /usr/bin/cmake --install /ros2_ws/build/spraying_pathways
[41.177s] -- Install configuration: ""
[41.177s] -- Installing: /ros2_ws/install/spraying_pathways/lib/spraying_pathways/go_home_node
[41.178s] -- Set runtime path of "/ros2_ws/install/spraying_pathways/lib/spraying_pathways/go_home_node" to ""
[41.178s] -- Installing: /ros2_ws/install/spraying_pathways/lib/spraying_pathways/follow_joints_positions_node
[41.178s] -- Set runtime path of "/ros2_ws/install/spraying_pathways/lib/spraying_pathways/follow_joints_positions_node" to ""
[41.178s] -- Installing: /ros2_ws/install/spraying_pathways/lib/spraying_pathways/cartesian_path_planner_cubes_v2_node
[41.179s] -- Set runtime path of "/ros2_ws/install/spraying_pathways/lib/spraying_pathways/cartesian_path_planner_cubes_v2_node" to ""
[41.179s] -- Installing: /ros2_ws/install/spraying_pathways/lib/spraying_pathways/cartesian_path_planner_trajectory_v1_node
[41.179s] -- Set runtime path of "/ros2_ws/install/spraying_pathways/lib/spraying_pathways/cartesian_path_planner_trajectory_v1_node" to ""
[41.179s] -- Installing: /ros2_ws/install/spraying_pathways/lib/spraying_pathways/cartesian_path_planner_cubes_v3_node
[41.180s] -- Set runtime path of "/ros2_ws/install/spraying_pathways/lib/spraying_pathways/cartesian_path_planner_cubes_v3_node" to ""
[41.180s] -- Installing: /ros2_ws/install/spraying_pathways/lib/spraying_pathways/cartesian_path_planner_cubes_test_v1_node
[41.180s] -- Set runtime path of "/ros2_ws/install/spraying_pathways/lib/spraying_pathways/cartesian_path_planner_cubes_test_v1_node" to ""
[41.180s] -- Installing: /ros2_ws/install/spraying_pathways/lib/spraying_pathways/cartesian_path_planner_cubes_test_v2_node
[41.181s] -- Set runtime path of "/ros2_ws/install/spraying_pathways/lib/spraying_pathways/cartesian_path_planner_cubes_test_v2_node" to ""
[41.181s] -- Installing: /ros2_ws/install/spraying_pathways/lib/spraying_pathways/cartesian_path_planner_cubes_test_go_v1_node
[41.182s] -- Set runtime path of "/ros2_ws/install/spraying_pathways/lib/spraying_pathways/cartesian_path_planner_cubes_test_go_v1_node" to ""
[41.182s] -- Installing: /ros2_ws/install/spraying_pathways/lib/spraying_pathways/cartesian_path_planner_cubes_test_go_v2_node
[41.183s] -- Set runtime path of "/ros2_ws/install/spraying_pathways/lib/spraying_pathways/cartesian_path_planner_cubes_test_go_v2_node" to ""
[41.183s] -- Installing: /ros2_ws/install/spraying_pathways/lib/spraying_pathways/cartesian_path_planner_cubes_v4_node
[41.184s] -- Set runtime path of "/ros2_ws/install/spraying_pathways/lib/spraying_pathways/cartesian_path_planner_cubes_v4_node" to ""
[41.184s] -- Installing: /ros2_ws/install/spraying_pathways/lib/spraying_pathways/lidar_surface_scanner_node
[41.189s] -- Set runtime path of "/ros2_ws/install/spraying_pathways/lib/spraying_pathways/lidar_surface_scanner_node" to ""
[41.189s] -- Installing: /ros2_ws/install/spraying_pathways/lib/spraying_pathways/trajectory_logger.py
[41.190s] -- Installing: /ros2_ws/install/spraying_pathways/lib/spraying_pathways/plot_trajectory_log.py
[41.190s] -- Installing: /ros2_ws/install/spraying_pathways/share/spraying_pathways/launch
[41.190s] -- Installing: /ros2_ws/install/spraying_pathways/share/spraying_pathways/launch/bringup_v3.launch.py
[41.190s] -- Installing: /ros2_ws/install/spraying_pathways/share/spraying_pathways/launch/bringup_v2.launch.py
[41.190s] -- Installing: /ros2_ws/install/spraying_pathways/share/spraying_pathways/launch/bringup_v4.launch.py
[41.191s] -- Installing: /ros2_ws/install/spraying_pathways/share/spraying_pathways/launch/bringup.launch.py
[41.191s] -- Installing: /ros2_ws/install/spraying_pathways/share/spraying_pathways/rviz
[41.192s] -- Installing: /ros2_ws/install/spraying_pathways/share/spraying_pathways/config
[41.192s] -- Installing: /ros2_ws/install/spraying_pathways/share/spraying_pathways/config/ur10e
[41.192s] -- Installing: /ros2_ws/install/spraying_pathways/share/spraying_pathways/config/ur10e/visual_parameters.yaml
[41.192s] -- Installing: /ros2_ws/install/spraying_pathways/share/spraying_pathways/config/ur10e/default_kinematics.yaml
[41.192s] -- Installing: /ros2_ws/install/spraying_pathways/share/spraying_pathways/config/ur10e/joint_limits.yaml
[41.192s] -- Installing: /ros2_ws/install/spraying_pathways/share/spraying_pathways/config/ur10e/physical_parameters.yaml
[41.192s] -- Installing: /ros2_ws/install/spraying_pathways/share/spraying_pathways/models
[41.192s] -- Installing: /ros2_ws/install/spraying_pathways/share/spraying_pathways/models/box_0_5
[41.192s] -- Installing: /ros2_ws/install/spraying_pathways/share/spraying_pathways/models/box_0_5/model.config
[41.192s] -- Installing: /ros2_ws/install/spraying_pathways/share/spraying_pathways/models/box_0_5/model.sdf
[41.192s] -- Installing: /ros2_ws/install/spraying_pathways/share/spraying_pathways/models/black_table
[41.192s] -- Installing: /ros2_ws/install/spraying_pathways/share/spraying_pathways/models/black_table/model.config
[41.192s] -- Installing: /ros2_ws/install/spraying_pathways/share/spraying_pathways/models/black_table/model.sdf
[41.192s] -- Installing: /ros2_ws/install/spraying_pathways/share/spraying_pathways/models/wood_table
[41.192s] -- Installing: /ros2_ws/install/spraying_pathways/share/spraying_pathways/models/wood_table/model.config
[41.194s] -- Installing: /ros2_ws/install/spraying_pathways/share/spraying_pathways/models/wood_table/model.sdf
[41.194s] -- Installing: /ros2_ws/install/spraying_pathways/share/spraying_pathways/worlds
[41.194s] -- Installing: /ros2_ws/install/spraying_pathways/share/spraying_pathways/worlds/table_world.world
[41.194s] -- Installing: /ros2_ws/install/spraying_pathways/share/spraying_pathways/worlds/first_test_case.world
[41.194s] -- Installing: /ros2_ws/install/spraying_pathways/share/spraying_pathways/urdf
[41.194s] -- Installing: /ros2_ws/install/spraying_pathways/share/spraying_pathways/urdf/2d_lidar.urdf.xacro
[41.194s] -- Installing: /ros2_ws/install/spraying_pathways/share/spraying_pathways/urdf/depth_camera.urdf.xacro
[41.194s] -- Installing: /ros2_ws/install/spraying_pathways/share/spraying_pathways/urdf/my_robot.urdf.xacro
[41.194s] -- Installing: /ros2_ws/install/spraying_pathways/share/ament_index/resource_index/package_run_dependencies/spraying_pathways
[41.195s] -- Installing: /ros2_ws/install/spraying_pathways/share/ament_index/resource_index/parent_prefix_path/spraying_pathways
[41.195s] -- Installing: /ros2_ws/install/spraying_pathways/share/spraying_pathways/environment/ament_prefix_path.sh
[41.195s] -- Installing: /ros2_ws/install/spraying_pathways/share/spraying_pathways/environment/ament_prefix_path.dsv
[41.195s] -- Installing: /ros2_ws/install/spraying_pathways/share/spraying_pathways/environment/path.sh
[41.195s] -- Installing: /ros2_ws/install/spraying_pathways/share/spraying_pathways/environment/path.dsv
[41.195s] -- Installing: /ros2_ws/install/spraying_pathways/share/spraying_pathways/local_setup.bash
[41.200s] -- Installing: /ros2_ws/install/spraying_pathways/share/spraying_pathways/local_setup.sh
[41.200s] -- Installing: /ros2_ws/install/spraying_pathways/share/spraying_pathways/local_setup.zsh
[41.201s] -- Installing: /ros2_ws/install/spraying_pathways/share/spraying_pathways/local_setup.dsv
[41.202s] -- Installing: /ros2_ws/install/spraying_pathways/share/spraying_pathways/package.dsv
[41.202s] -- Installing: /ros2_ws/install/spraying_pathways/share/ament_index/resource_index/packages/spraying_pathways
[41.202s] -- Installing: /ros2_ws/install/spraying_pathways/share/spraying_pathways/cmake/spraying_pathwaysConfig.cmake
[41.202s] -- Installing: /ros2_ws/install/spraying_pathways/share/spraying_pathways/cmake/spraying_pathwaysConfig-version.cmake
[41.202s] -- Installing: /ros2_ws/install/spraying_pathways/share/spraying_pathways/package.xml
[41.203s] Invoked command in '/ros2_ws/build/spraying_pathways' returned '0': CMAKE_PREFIX_PATH=${CMAKE_PREFIX_PATH}:/opt/ros/humble /usr/bin/cmake --install /ros2_ws/build/spraying_pathways
