[0.021s] Invoking command in '/ros2_ws/build/spraying_pathways': CMAKE_PREFIX_PATH=${CMAKE_PREFIX_PATH}:/opt/ros/humble /usr/bin/cmake /ros2_ws/src/spraying_pathways -DCMAKE_INSTALL_PREFIX=/ros2_ws/install/spraying_pathways
[0.083s] -- The C compiler identification is GNU 11.4.0
[0.158s] -- The CXX compiler identification is GNU 11.4.0
[0.165s] -- Detecting C compiler ABI info
[0.245s] -- Detecting C compiler ABI info - done
[0.249s] -- Check for working C compiler: /usr/bin/cc - skipped
[0.249s] -- Detecting C compile features
[0.250s] -- Detecting C compile features - done
[0.252s] -- Detecting CXX compiler ABI info
[0.347s] -- Detecting CXX compiler ABI info - done
[0.356s] -- Check for working CXX compiler: /usr/bin/c++ - skipped
[0.356s] -- Detecting CXX compile features
[0.357s] -- Detecting CXX compile features - done
[0.361s] -- Found ament_cmake: 1.3.10 (/opt/ros/humble/share/ament_cmake/cmake)
[0.493s] -- Found Python3: /usr/bin/python3 (found version "3.10.12") found components: Interpreter 
[0.585s] -- Found rclcpp: 16.0.10 (/opt/ros/humble/share/rclcpp/cmake)
[0.629s] -- Found rosidl_generator_c: 3.1.5 (/opt/ros/humble/share/rosidl_generator_c/cmake)
[0.636s] -- Found rosidl_adapter: 3.1.5 (/opt/ros/humble/share/rosidl_adapter/cmake)
[0.645s] -- Found rosidl_generator_cpp: 3.1.5 (/opt/ros/humble/share/rosidl_generator_cpp/cmake)
[0.659s] -- Using all available rosidl_typesupport_c: rosidl_typesupport_fastrtps_c;rosidl_typesupport_introspection_c
[0.680s] -- Using all available rosidl_typesupport_cpp: rosidl_typesupport_fastrtps_cpp;rosidl_typesupport_introspection_cpp
[0.735s] -- Found rmw_implementation_cmake: 6.1.2 (/opt/ros/humble/share/rmw_implementation_cmake/cmake)
[0.736s] -- Found rmw_fastrtps_cpp: 6.2.6 (/opt/vulcanexus/humble/share/rmw_fastrtps_cpp/cmake)
[0.828s] -- Found OpenSSL: /usr/lib/x86_64-linux-gnu/libcrypto.so (found version "3.0.2")  
[0.860s] -- Found FastRTPS: /opt/vulcanexus/humble/include  
[0.915s] -- Using RMW implementation 'rmw_fastrtps_cpp' as default
[0.928s] -- Looking for pthread.h
[1.010s] -- Looking for pthread.h - found
[1.010s] -- Performing Test CMAKE_HAVE_LIBC_PTHREAD
[1.092s] -- Performing Test CMAKE_HAVE_LIBC_PTHREAD - Success
[1.093s] -- Found Threads: TRUE  
[1.136s] -- Found rclpy: 3.3.14 (/opt/ros/humble/share/rclpy/cmake)
[1.138s] -- Found moveit_ros_planning_interface: 2.5.9 (/opt/ros/humble/share/moveit_ros_planning_interface/cmake)
[1.162s] -- Found Boost: /usr/lib/x86_64-linux-gnu/cmake/Boost-1.74.0/BoostConfig.cmake (found version "1.74.0") found components: date_time filesystem program_options system thread 
[1.304s] -- Found Boost: /usr/lib/x86_64-linux-gnu/cmake/Boost-1.74.0/BoostConfig.cmake (found version "1.74.0") found components: chrono date_time filesystem iostreams program_options regex serialization system thread 
[1.342s] -- Found parameter_traits: 0.3.9 (/opt/ros/humble/share/parameter_traits/cmake)
[1.353s] -- Found Eigen3: TRUE (found version "3.4.0") 
[1.356s] -- Found rclcpp_lifecycle: 16.0.10 (/opt/ros/humble/share/rclcpp_lifecycle/cmake)
[1.377s] -- Found Boost: /usr/lib/x86_64-linux-gnu/cmake/Boost-1.74.0/BoostConfig.cmake (found version "1.74.0") found components: filesystem 
[1.492s] -- library: /usr/lib/x86_64-linux-gnu/libcurl.so
[1.523s] -- Ensuring Eigen3 include directory is part of orocos-kdl CMake target
[1.644s] -- Found Boost: /usr/lib/x86_64-linux-gnu/cmake/Boost-1.74.0/BoostConfig.cmake (found version "1.74.0") found components: system filesystem date_time program_options thread chrono 
[1.668s] -- Found Boost: /usr/lib/x86_64-linux-gnu/cmake/Boost-1.74.0/BoostConfig.cmake (found version "1.74.0") found components: thread system filesystem regex date_time program_options 
[1.686s] -- Found Boost: /usr/lib/x86_64-linux-gnu/cmake/Boost-1.74.0/BoostConfig.cmake (found version "1.74.0") found components: system filesystem date_time program_options thread 
[1.709s] -- Found gazebo_ros: 3.9.0 (/opt/ros/humble/share/gazebo_ros/cmake)
[1.720s] -- Found PkgConfig: /usr/bin/pkg-config (found version "0.29.2") 
[1.721s] -- Checking for module 'bullet>=2.82'
[1.738s] --   Found bullet, version 3.05
[1.854s] -- Found fcl: /usr/include (found suitable version "0.7.0", minimum required is "0.5.0") 
[1.913s] -- Found assimp: /usr/include (found version "5.2.0") 
[1.919s] -- Found DART: /usr/include (Required is at least version "6.6") found components: dart 
[1.929s] -- Found Boost: /usr/lib/x86_64-linux-gnu/cmake/Boost-1.74.0/BoostConfig.cmake (found suitable version "1.74.0", minimum required is "1.40.0") found components: thread system filesystem program_options regex iostreams date_time 
[1.944s] -- Found Protobuf: /usr/lib/x86_64-linux-gnu/libprotobuf.so (found version "3.12.4") 
[1.949s] -- Looking for ignition-math6 -- found version 6.15.1
[1.955s] -- Searching for dependencies of ignition-math6
[1.956s] -- Looking for OGRE...
[1.956s] -- OGRE_PREFIX_WATCH changed.
[1.962s] -- Checking for module 'OGRE'
[1.977s] --   Found OGRE, version 1.9.0
[2.016s] -- Found Ogre Ghadamon (1.9.0)
[2.020s] -- Found OGRE: optimized;/usr/lib/x86_64-linux-gnu/libOgreMain.so;debug;/usr/lib/x86_64-linux-gnu/libOgreMain.so
[2.028s] -- Looking for OGRE_Paging...
[2.031s] -- Found OGRE_Paging: optimized;/usr/lib/x86_64-linux-gnu/libOgrePaging.so;debug;/usr/lib/x86_64-linux-gnu/libOgrePaging.so
[2.031s] -- Looking for OGRE_Terrain...
[2.035s] -- Found OGRE_Terrain: optimized;/usr/lib/x86_64-linux-gnu/libOgreTerrain.so;debug;/usr/lib/x86_64-linux-gnu/libOgreTerrain.so
[2.035s] -- Looking for OGRE_Property...
[2.038s] -- Found OGRE_Property: optimized;/usr/lib/x86_64-linux-gnu/libOgreProperty.so;debug;/usr/lib/x86_64-linux-gnu/libOgreProperty.so
[2.038s] -- Looking for OGRE_RTShaderSystem...
[2.041s] -- Found OGRE_RTShaderSystem: optimized;/usr/lib/x86_64-linux-gnu/libOgreRTShaderSystem.so;debug;/usr/lib/x86_64-linux-gnu/libOgreRTShaderSystem.so
[2.041s] -- Looking for OGRE_Volume...
[2.044s] -- Found OGRE_Volume: optimized;/usr/lib/x86_64-linux-gnu/libOgreVolume.so;debug;/usr/lib/x86_64-linux-gnu/libOgreVolume.so
[2.044s] -- Looking for OGRE_Overlay...
[2.047s] -- Found OGRE_Overlay: optimized;/usr/lib/x86_64-linux-gnu/libOgreOverlay.so;debug;/usr/lib/x86_64-linux-gnu/libOgreOverlay.so
[2.125s] -- Looking for ignition-math6 -- found version 6.15.1
[2.127s] -- Looking for ignition-transport8 -- found version 8.2.1
[2.128s] -- Searching for dependencies of ignition-transport8
[2.147s] -- Found Protobuf: /usr/lib/x86_64-linux-gnu/libprotobuf.so (found suitable version "3.12.4", minimum required is "3") 
[2.158s] -- Config-file not installed for ZeroMQ -- checking for pkg-config
[2.163s] -- Checking for module 'libzmq >= 4'
[2.179s] --   Found libzmq , version 4.3.4
[2.224s] -- Found ZeroMQ: TRUE (Required is at least version "4") 
[2.229s] -- Checking for module 'uuid'
[2.246s] --   Found uuid, version 2.37.2
[2.286s] -- Found UUID: TRUE  
[2.289s] -- Looking for ignition-msgs5 -- found version 5.8.1
[2.290s] -- Searching for dependencies of ignition-msgs5
[2.309s] -- Looking for ignition-math6 -- found version 6.15.1
[2.314s] -- Checking for module 'tinyxml2'
[2.334s] --   Found tinyxml2, version 9.0.0
[2.385s] -- Looking for ignition-msgs5 -- found version 5.8.1
[2.388s] -- Looking for ignition-common3 -- found version 3.14.0
[2.389s] -- Searching for dependencies of ignition-common3
[2.389s] -- Looking for dlfcn.h - found
[2.389s] -- Looking for libdl - found
[2.391s] -- Found DL: TRUE  
[2.401s] -- Found tinyobjloader: /usr/lib/x86_64-linux-gnu/cmake/tinyobjloader/tinyobjloader-config.cmake (found version "2.0.0") 
[2.402s] -- Searching for <ignition-common3> component [graphics]
[2.404s] -- Looking for ignition-common3-graphics -- found version 3.14.0
[2.405s] -- Searching for dependencies of ignition-common3-graphics
[2.405s] -- Looking for ignition-math6 -- found version 6.15.1
[2.408s] -- Looking for ignition-fuel_tools4 -- found version 4.4.0
[2.409s] -- Searching for dependencies of ignition-fuel_tools4
[2.440s] -- Found CURL: /usr/lib/x86_64-linux-gnu/libcurl.so (found version "7.81.0")  
[2.450s] -- Checking for module 'jsoncpp'
[2.465s] --   Found jsoncpp, version 1.9.5
[2.507s] -- Found JSONCPP: TRUE  
[2.512s] -- Checking for module 'libzip'
[2.527s] --   Found libzip, version 1.7.3
[2.573s] -- Found ZIP: TRUE  
[2.573s] -- Looking for ignition-common3 -- found version 3.14.0
[2.573s] -- Looking for ignition-math6 -- found version 6.15.1
[2.574s] -- Looking for ignition-msgs5 -- found version 5.8.1
[2.579s] -- Gazebo version: 11.10
[2.579s] -- Checking for module 'tbb'
[2.594s] --   Found tbb, version 2021.5.0
[2.640s] -- Found laser_geometry: 2.4.0 (/opt/ros/humble/share/laser_geometry/cmake)
[2.645s] -- Found pcl_ros: 2.4.5 (/opt/ros/humble/share/pcl_ros/cmake)
[2.680s] -- Checking for module 'eigen3'
[2.695s] --   Found eigen3, version 3.4.0
[2.752s] -- Found Eigen: /usr/include/eigen3 (Required is at least version "3.1") 
[2.752s] -- Eigen found (include: /usr/include/eigen3, version: 3.4.0)
[2.774s] -- Checking for module 'flann'
[2.791s] --   Found flann, version 1.9.1
[2.837s] -- Found FLANN: /usr/lib/x86_64-linux-gnu/libflann_cpp.so  
[2.837s] -- FLANN found (include: /usr/include, lib: /usr/lib/x86_64-linux-gnu/libflann_cpp.so)
[3.823s] -- Checking for module 'libusb-1.0'
[3.846s] --   Found libusb-1.0, version 1.0.25
[3.904s] -- Found libusb: /usr/lib/x86_64-linux-gnu/libusb-1.0.so  
[3.905s] -- OpenNI found (version: 1.5.4.0, include: /usr/include/ni, lib: /usr/lib/libOpenNI.so;libusb::libusb)
[3.975s] -- OpenNI2 found (version: 2.2.0.33, include: /usr/include/openni2, lib: /usr/lib/x86_64-linux-gnu/libOpenNI2.so;libusb::libusb)
[4.099s] -- Eigen found (include: /usr/include/eigen3, version: 3.4.0)
[4.106s] -- OpenNI found (version: 1.5.4.0, include: /usr/include/ni, lib: /usr/lib/libOpenNI.so;libusb::libusb)
[4.113s] -- OpenNI2 found (version: 2.2.0.33, include: /usr/include/openni2, lib: /usr/lib/x86_64-linux-gnu/libOpenNI2.so;libusb::libusb)
[4.233s] -- Found Qhull version 8.0.2
[4.351s] -- OpenNI found (version: 1.5.4.0, include: /usr/include/ni, lib: /usr/lib/libOpenNI.so;libusb::libusb)
[4.464s] -- Found PCL_COMMON: /usr/lib/x86_64-linux-gnu/libpcl_common.so  
[4.464s] -- Found PCL_KDTREE: /usr/lib/x86_64-linux-gnu/libpcl_kdtree.so  
[4.465s] -- Found PCL_OCTREE: /usr/lib/x86_64-linux-gnu/libpcl_octree.so  
[4.466s] -- Found PCL_SEARCH: /usr/lib/x86_64-linux-gnu/libpcl_search.so  
[4.466s] -- Found PCL_SAMPLE_CONSENSUS: /usr/lib/x86_64-linux-gnu/libpcl_sample_consensus.so  
[4.467s] -- Found PCL_FILTERS: /usr/lib/x86_64-linux-gnu/libpcl_filters.so  
[4.468s] -- Found PCL_2D: /usr/include/pcl-1.12  
[4.468s] -- Found PCL_GEOMETRY: /usr/include/pcl-1.12  
[4.468s] -- Found PCL_IO: /usr/lib/x86_64-linux-gnu/libpcl_io.so  
[4.471s] -- Found PCL_FEATURES: /usr/lib/x86_64-linux-gnu/libpcl_features.so  
[4.471s] -- Found PCL_ML: /usr/lib/x86_64-linux-gnu/libpcl_ml.so  
[4.471s] -- Found PCL_SEGMENTATION: /usr/lib/x86_64-linux-gnu/libpcl_segmentation.so  
[4.471s] -- Found PCL_VISUALIZATION: /usr/lib/x86_64-linux-gnu/libpcl_visualization.so  
[4.471s] -- Found PCL_SURFACE: /usr/lib/x86_64-linux-gnu/libpcl_surface.so  
[4.472s] -- Found PCL_REGISTRATION: /usr/lib/x86_64-linux-gnu/libpcl_registration.so  
[4.473s] -- Found PCL_KEYPOINTS: /usr/lib/x86_64-linux-gnu/libpcl_keypoints.so  
[4.473s] -- Found PCL_TRACKING: /usr/lib/x86_64-linux-gnu/libpcl_tracking.so  
[4.474s] -- Found PCL_RECOGNITION: /usr/lib/x86_64-linux-gnu/libpcl_recognition.so  
[4.474s] -- Found PCL_STEREO: /usr/lib/x86_64-linux-gnu/libpcl_stereo.so  
[4.475s] -- Found PCL_APPS: /usr/lib/x86_64-linux-gnu/libpcl_apps.so  
[4.476s] -- Found PCL_IN_HAND_SCANNER: /usr/include/pcl-1.12  
[4.476s] -- Found PCL_MODELER: /usr/include/pcl-1.12  
[4.476s] -- Found PCL_POINT_CLOUD_EDITOR: /usr/include/pcl-1.12  
[4.477s] -- Found PCL_OUTOFCORE: /usr/lib/x86_64-linux-gnu/libpcl_outofcore.so  
[4.478s] -- Found PCL_PEOPLE: /usr/lib/x86_64-linux-gnu/libpcl_people.so  
[4.487s] -- Found rosbag2_cpp: 0.15.12 (/opt/ros/humble/share/rosbag2_cpp/cmake)
[4.500s] -- Found tf2_sensor_msgs: 0.25.7 (/opt/ros/humble/share/tf2_sensor_msgs/cmake)
[4.504s] -- Found tf2_py: 0.25.7 (/opt/ros/humble/share/tf2_py/cmake)
[4.525s] -- Found ament_lint_auto: 0.12.11 (/opt/ros/humble/share/ament_lint_auto/cmake)
[4.612s] -- Added test 'cppcheck' to perform static code analysis on C / C++ code
[4.613s] -- Configured cppcheck include dirs: 
[4.613s] -- Configured cppcheck exclude dirs and/or files: 
[4.613s] -- Added test 'flake8' to check Python code syntax and style conventions
[4.615s] -- Added test 'lint_cmake' to check CMake code style
[4.616s] -- Added test 'pep257' to check Python code against some of the docstring style conventions in PEP 257
[4.619s] -- Added test 'uncrustify' to check C / C++ code style
[4.619s] -- Configured uncrustify additional arguments: 
[4.620s] -- Added test 'xmllint' to check XML markup files
[4.623s] -- Configuring done
[4.830s] -- Generating done
[4.834s] -- Build files have been written to: /ros2_ws/build/spraying_pathways
[4.859s] Invoked command in '/ros2_ws/build/spraying_pathways' returned '0': CMAKE_PREFIX_PATH=${CMAKE_PREFIX_PATH}:/opt/ros/humble /usr/bin/cmake /ros2_ws/src/spraying_pathways -DCMAKE_INSTALL_PREFIX=/ros2_ws/install/spraying_pathways
[4.862s] Invoking command in '/ros2_ws/build/spraying_pathways': CMAKE_PREFIX_PATH=${CMAKE_PREFIX_PATH}:/opt/ros/humble /usr/bin/cmake --build /ros2_ws/build/spraying_pathways -- -j4 -l4
[4.933s] [  4%] [32mBuilding CXX object CMakeFiles/go_home_node.dir/src/go_home.cpp.o[0m
[4.933s] [  9%] [32mBuilding CXX object CMakeFiles/follow_joints_positions_node.dir/src/follow_joints_positions.cpp.o[0m
[4.935s] [ 13%] [32mBuilding CXX object CMakeFiles/cartesian_path_planner_trajectory_v1_node.dir/src/cartesian_path_planner_trajectory_v1.cpp.o[0m
[4.938s] [ 18%] [32mBuilding CXX object CMakeFiles/cartesian_path_planner_cubes_v2_node.dir/src/cartesian_path_planner_cubes_v2.cpp.o[0m
[9.516s] [01m[K/ros2_ws/src/spraying_pathways/src/cartesian_path_planner_trajectory_v1.cpp:[m[K In function ‘[01m[Kint main(int, char**)[m[K’:
[9.518s] [01m[K/ros2_ws/src/spraying_pathways/src/cartesian_path_planner_trajectory_v1.cpp:109:10:[m[K [01;35m[Kwarning: [m[Kunused variable ‘[01m[Kz_base[m[K’ [[01;35m[K-Wunused-variable[m[K]
[9.518s]   109 |   double [01;35m[Kz_base[m[K = 0.715 + 0.05; // defined for consistency (not used directly here)
[9.518s]       |          [01;35m[K^~~~~~[m[K
[12.057s] [ 22%] [32m[1mLinking CXX executable go_home_node[0m
[12.135s] [ 27%] [32m[1mLinking CXX executable cartesian_path_planner_trajectory_v1_node[0m
[12.320s] [ 31%] [32m[1mLinking CXX executable follow_joints_positions_node[0m
[12.366s] [ 31%] Built target go_home_node
[12.401s] [ 36%] [32mBuilding CXX object CMakeFiles/cartesian_path_planner_cubes_v3_node.dir/src/cartesian_path_planner_cubes_v3.cpp.o[0m
[12.436s] [ 36%] Built target cartesian_path_planner_trajectory_v1_node
[12.469s] [ 40%] [32mBuilding CXX object CMakeFiles/cartesian_path_planner_cubes_test_v1_node.dir/src/cartesian_path_planner_cubes_test_v1.cpp.o[0m
[12.582s] [ 40%] Built target follow_joints_positions_node
[12.617s] [ 45%] [32mBuilding CXX object CMakeFiles/cartesian_path_planner_cubes_test_v2_node.dir/src/cartesian_path_planner_cubes_test_v2.cpp.o[0m
[12.854s] [ 50%] [32m[1mLinking CXX executable cartesian_path_planner_cubes_v2_node[0m
[13.148s] [ 50%] Built target cartesian_path_planner_cubes_v2_node
[13.180s] [ 54%] [32mBuilding CXX object CMakeFiles/cartesian_path_planner_cubes_test_go_v1_node.dir/src/cartesian_path_planner_cubes_test_go_v1.cpp.o[0m
[13.382s] In file included from [01m[K/ros2_ws/src/spraying_pathways/src/cartesian_path_planner_cubes_v3.cpp:9[m[K:
[13.382s] [01m[K/opt/ros/humble/include/tf2_sensor_msgs/tf2_sensor_msgs.h:32:2:[m[K [01;35m[Kwarning: [m[K#warning This header is obsolete, please include tf2_sensor_msgs/tf2_sensor_msgs.hpp instead [[01;35m[K-Wcpp[m[K]
[13.382s]    32 | #[01;35m[Kwarning[m[K This header is obsolete, please include tf2_sensor_msgs/tf2_sensor_msgs.hpp instead
[13.382s]       |  [01;35m[K^~~~~~~[m[K
[19.707s] [ 59%] [32m[1mLinking CXX executable cartesian_path_planner_cubes_test_v1_node[0m
[20.034s] [ 59%] Built target cartesian_path_planner_cubes_test_v1_node
[20.064s] [ 63%] [32m[1mLinking CXX executable cartesian_path_planner_cubes_test_v2_node[0m
[20.068s] [ 68%] [32mBuilding CXX object CMakeFiles/cartesian_path_planner_cubes_test_go_v2_node.dir/src/cartesian_path_planner_cubes_test_go_v2.cpp.o[0m
[20.396s] [ 68%] Built target cartesian_path_planner_cubes_test_v2_node
[20.431s] [ 72%] [32mBuilding CXX object CMakeFiles/cartesian_path_planner_cubes_v4_node.dir/src/cartesian_path_planner_cubes_v4.cpp.o[0m
[20.441s] [ 77%] [32m[1mLinking CXX executable cartesian_path_planner_cubes_v3_node[0m
[20.718s] [ 77%] Built target cartesian_path_planner_cubes_v3_node
[20.754s] [ 81%] [32mBuilding CXX object CMakeFiles/lidar_surface_scanner_node.dir/src/lidar_surface_scanner.cpp.o[0m
[21.103s] [ 86%] [32m[1mLinking CXX executable cartesian_path_planner_cubes_test_go_v1_node[0m
[21.406s] [ 86%] Built target cartesian_path_planner_cubes_test_go_v1_node
[23.051s] In file included from [01m[K/ros2_ws/src/spraying_pathways/src/lidar_surface_scanner.cpp:12[m[K:
[23.051s] [01m[K/opt/ros/humble/include/tf2_sensor_msgs/tf2_sensor_msgs.h:32:2:[m[K [01;35m[Kwarning: [m[K#warning This header is obsolete, please include tf2_sensor_msgs/tf2_sensor_msgs.hpp instead [[01;35m[K-Wcpp[m[K]
[23.051s]    32 | #[01;35m[Kwarning[m[K This header is obsolete, please include tf2_sensor_msgs/tf2_sensor_msgs.hpp instead
[23.051s]       |  [01;35m[K^~~~~~~[m[K
[27.021s] [ 90%] [32m[1mLinking CXX executable cartesian_path_planner_cubes_v4_node[0m
[27.290s] [ 95%] [32m[1mLinking CXX executable cartesian_path_planner_cubes_test_go_v2_node[0m
[27.342s] [ 95%] Built target cartesian_path_planner_cubes_v4_node
[27.560s] [ 95%] Built target cartesian_path_planner_cubes_test_go_v2_node
[27.682s] [01m[K/ros2_ws/src/spraying_pathways/src/lidar_surface_scanner.cpp:[m[K In member function ‘[01m[Kvoid LidarSurfaceScanner::executeTrajectory()[m[K’:
[27.682s] [01m[K/ros2_ws/src/spraying_pathways/src/lidar_surface_scanner.cpp:171:81:[m[K [01;35m[Kwarning: [m[K‘[01m[Kusing MoveItErrorCode = class moveit::core::MoveItErrorCode[m[K’ is deprecated: Use moveit::core::MoveItErrorCode [[01;35m[K-Wdeprecated-declarations[m[K]
[27.682s]   171 |     if (move_group->plan(plan1) == moveit::planning_interface::MoveItErrorCode::[01;35m[KSUCCESS[m[K) {
[27.682s]       |                                                                                 [01;35m[K^~~~~~~[m[K
[27.682s] In file included from [01m[K/ros2_ws/src/spraying_pathways/src/lidar_surface_scanner.cpp:5[m[K:
[27.682s] [01m[K/opt/ros/humble/include/moveit/move_group_interface/move_group_interface.h:71:7:[m[K [01;36m[Knote: [m[Kdeclared here
[27.682s]    71 | using [01;36m[KMoveItErrorCode[m[K [[deprecated("Use moveit::core::MoveItErrorCode")]] = moveit::core::MoveItErrorCode;
[27.682s]       |       [01;36m[K^~~~~~~~~~~~~~~[m[K
[27.682s] [01m[K/ros2_ws/src/spraying_pathways/src/lidar_surface_scanner.cpp:184:81:[m[K [01;35m[Kwarning: [m[K‘[01m[Kusing MoveItErrorCode = class moveit::core::MoveItErrorCode[m[K’ is deprecated: Use moveit::core::MoveItErrorCode [[01;35m[K-Wdeprecated-declarations[m[K]
[27.682s]   184 |     if (move_group->plan(plan2) == moveit::planning_interface::MoveItErrorCode::[01;35m[KSUCCESS[m[K) {
[27.682s]       |                                                                                 [01;35m[K^~~~~~~[m[K
[27.682s] In file included from [01m[K/ros2_ws/src/spraying_pathways/src/lidar_surface_scanner.cpp:5[m[K:
[27.682s] [01m[K/opt/ros/humble/include/moveit/move_group_interface/move_group_interface.h:71:7:[m[K [01;36m[Knote: [m[Kdeclared here
[27.682s]    71 | using [01;36m[KMoveItErrorCode[m[K [[deprecated("Use moveit::core::MoveItErrorCode")]] = moveit::core::MoveItErrorCode;
[27.682s]       |       [01;36m[K^~~~~~~~~~~~~~~[m[K
[27.684s] [01m[K/ros2_ws/src/spraying_pathways/src/lidar_surface_scanner.cpp:123:12:[m[K [01;35m[Kwarning: [m[Kunused variable ‘[01m[Kmid_x[m[K’ [[01;35m[K-Wunused-variable[m[K]
[27.684s]   123 |     double [01;35m[Kmid_x[m[K = (corners[0].first + corners[2].first) / 2.0;
[27.684s]       |            [01;35m[K^~~~~[m[K
[27.684s] [01m[K/ros2_ws/src/spraying_pathways/src/lidar_surface_scanner.cpp:126:12:[m[K [01;35m[Kwarning: [m[Kunused variable ‘[01m[Ky_start[m[K’ [[01;35m[K-Wunused-variable[m[K]
[27.684s]   126 |     double [01;35m[Ky_start[m[K = corners[0].second;
[27.684s]       |            [01;35m[K^~~~~~~[m[K
[27.684s] [01m[K/ros2_ws/src/spraying_pathways/src/lidar_surface_scanner.cpp:127:12:[m[K [01;35m[Kwarning: [m[Kunused variable ‘[01m[Ky_end[m[K’ [[01;35m[K-Wunused-variable[m[K]
[27.684s]   127 |     double [01;35m[Ky_end[m[K = corners[3].second;
[27.684s]       |            [01;35m[K^~~~~[m[K
[37.022s] [100%] [32m[1mLinking CXX executable lidar_surface_scanner_node[0m
[38.070s] [100%] Built target lidar_surface_scanner_node
[38.083s] Invoked command in '/ros2_ws/build/spraying_pathways' returned '0': CMAKE_PREFIX_PATH=${CMAKE_PREFIX_PATH}:/opt/ros/humble /usr/bin/cmake --build /ros2_ws/build/spraying_pathways -- -j4 -l4
[38.191s] Invoking command in '/ros2_ws/build/spraying_pathways': CMAKE_PREFIX_PATH=${CMAKE_PREFIX_PATH}:/opt/ros/humble /usr/bin/cmake --install /ros2_ws/build/spraying_pathways
[38.200s] -- Install configuration: ""
[38.200s] -- Installing: /ros2_ws/install/spraying_pathways/lib/spraying_pathways/go_home_node
[38.200s] -- Set runtime path of "/ros2_ws/install/spraying_pathways/lib/spraying_pathways/go_home_node" to ""
[38.201s] -- Installing: /ros2_ws/install/spraying_pathways/lib/spraying_pathways/follow_joints_positions_node
[38.201s] -- Set runtime path of "/ros2_ws/install/spraying_pathways/lib/spraying_pathways/follow_joints_positions_node" to ""
[38.201s] -- Installing: /ros2_ws/install/spraying_pathways/lib/spraying_pathways/cartesian_path_planner_cubes_v2_node
[38.202s] -- Set runtime path of "/ros2_ws/install/spraying_pathways/lib/spraying_pathways/cartesian_path_planner_cubes_v2_node" to ""
[38.203s] -- Installing: /ros2_ws/install/spraying_pathways/lib/spraying_pathways/cartesian_path_planner_trajectory_v1_node
[38.203s] -- Set runtime path of "/ros2_ws/install/spraying_pathways/lib/spraying_pathways/cartesian_path_planner_trajectory_v1_node" to ""
[38.203s] -- Installing: /ros2_ws/install/spraying_pathways/lib/spraying_pathways/cartesian_path_planner_cubes_v3_node
[38.203s] -- Set runtime path of "/ros2_ws/install/spraying_pathways/lib/spraying_pathways/cartesian_path_planner_cubes_v3_node" to ""
[38.203s] -- Installing: /ros2_ws/install/spraying_pathways/lib/spraying_pathways/cartesian_path_planner_cubes_test_v1_node
[38.204s] -- Set runtime path of "/ros2_ws/install/spraying_pathways/lib/spraying_pathways/cartesian_path_planner_cubes_test_v1_node" to ""
[38.204s] -- Installing: /ros2_ws/install/spraying_pathways/lib/spraying_pathways/cartesian_path_planner_cubes_test_v2_node
[38.205s] -- Set runtime path of "/ros2_ws/install/spraying_pathways/lib/spraying_pathways/cartesian_path_planner_cubes_test_v2_node" to ""
[38.205s] -- Installing: /ros2_ws/install/spraying_pathways/lib/spraying_pathways/cartesian_path_planner_cubes_test_go_v1_node
[38.205s] -- Set runtime path of "/ros2_ws/install/spraying_pathways/lib/spraying_pathways/cartesian_path_planner_cubes_test_go_v1_node" to ""
[38.206s] -- Installing: /ros2_ws/install/spraying_pathways/lib/spraying_pathways/cartesian_path_planner_cubes_test_go_v2_node
[38.206s] -- Set runtime path of "/ros2_ws/install/spraying_pathways/lib/spraying_pathways/cartesian_path_planner_cubes_test_go_v2_node" to ""
[38.206s] -- Installing: /ros2_ws/install/spraying_pathways/lib/spraying_pathways/cartesian_path_planner_cubes_v4_node
[38.208s] -- Set runtime path of "/ros2_ws/install/spraying_pathways/lib/spraying_pathways/cartesian_path_planner_cubes_v4_node" to ""
[38.208s] -- Installing: /ros2_ws/install/spraying_pathways/lib/spraying_pathways/lidar_surface_scanner_node
[38.213s] -- Set runtime path of "/ros2_ws/install/spraying_pathways/lib/spraying_pathways/lidar_surface_scanner_node" to ""
[38.213s] -- Installing: /ros2_ws/install/spraying_pathways/lib/spraying_pathways/trajectory_logger.py
[38.213s] -- Installing: /ros2_ws/install/spraying_pathways/lib/spraying_pathways/plot_trajectory_log.py
[38.213s] -- Installing: /ros2_ws/install/spraying_pathways/lib/spraying_pathways/depth_dip_detector_v1.py
[38.213s] -- Installing: /ros2_ws/install/spraying_pathways/lib/spraying_pathways/transform_camera_pointcloud.py
[38.213s] -- Installing: /ros2_ws/install/spraying_pathways/share/spraying_pathways/launch
[38.214s] -- Installing: /ros2_ws/install/spraying_pathways/share/spraying_pathways/launch/bringup_v3.launch.py
[38.214s] -- Installing: /ros2_ws/install/spraying_pathways/share/spraying_pathways/launch/bringup_v2.launch.py
[38.214s] -- Installing: /ros2_ws/install/spraying_pathways/share/spraying_pathways/launch/bringup_v4.launch.py
[38.214s] -- Installing: /ros2_ws/install/spraying_pathways/share/spraying_pathways/launch/bringup.launch.py
[38.214s] -- Installing: /ros2_ws/install/spraying_pathways/share/spraying_pathways/rviz
[38.215s] -- Installing: /ros2_ws/install/spraying_pathways/share/spraying_pathways/config
[38.215s] -- Installing: /ros2_ws/install/spraying_pathways/share/spraying_pathways/config/ur10e
[38.215s] -- Installing: /ros2_ws/install/spraying_pathways/share/spraying_pathways/config/ur10e/visual_parameters.yaml
[38.215s] -- Installing: /ros2_ws/install/spraying_pathways/share/spraying_pathways/config/ur10e/default_kinematics.yaml
[38.215s] -- Installing: /ros2_ws/install/spraying_pathways/share/spraying_pathways/config/ur10e/joint_limits.yaml
[38.215s] -- Installing: /ros2_ws/install/spraying_pathways/share/spraying_pathways/config/ur10e/physical_parameters.yaml
[38.216s] -- Installing: /ros2_ws/install/spraying_pathways/share/spraying_pathways/models
[38.216s] -- Installing: /ros2_ws/install/spraying_pathways/share/spraying_pathways/models/box_0_5
[38.216s] -- Installing: /ros2_ws/install/spraying_pathways/share/spraying_pathways/models/box_0_5/model.config
[38.216s] -- Installing: /ros2_ws/install/spraying_pathways/share/spraying_pathways/models/box_0_5/model.sdf
[38.216s] -- Installing: /ros2_ws/install/spraying_pathways/share/spraying_pathways/models/black_table
[38.216s] -- Installing: /ros2_ws/install/spraying_pathways/share/spraying_pathways/models/black_table/model.config
[38.217s] -- Installing: /ros2_ws/install/spraying_pathways/share/spraying_pathways/models/black_table/model.sdf
[38.217s] -- Installing: /ros2_ws/install/spraying_pathways/share/spraying_pathways/models/wood_table
[38.217s] -- Installing: /ros2_ws/install/spraying_pathways/share/spraying_pathways/models/wood_table/model.config
[38.217s] -- Installing: /ros2_ws/install/spraying_pathways/share/spraying_pathways/models/wood_table/model.sdf
[38.217s] -- Installing: /ros2_ws/install/spraying_pathways/share/spraying_pathways/worlds
[38.218s] -- Installing: /ros2_ws/install/spraying_pathways/share/spraying_pathways/worlds/table_world.world
[38.218s] -- Installing: /ros2_ws/install/spraying_pathways/share/spraying_pathways/worlds/first_test_case.world
[38.218s] -- Installing: /ros2_ws/install/spraying_pathways/share/spraying_pathways/urdf
[38.218s] -- Installing: /ros2_ws/install/spraying_pathways/share/spraying_pathways/urdf/2d_lidar.urdf.xacro
[38.218s] -- Installing: /ros2_ws/install/spraying_pathways/share/spraying_pathways/urdf/depth_camera.urdf.xacro
[38.218s] -- Installing: /ros2_ws/install/spraying_pathways/share/spraying_pathways/urdf/my_robot.urdf.xacro
[38.218s] -- Installing: /ros2_ws/install/spraying_pathways/share/ament_index/resource_index/package_run_dependencies/spraying_pathways
[38.219s] -- Installing: /ros2_ws/install/spraying_pathways/share/ament_index/resource_index/parent_prefix_path/spraying_pathways
[38.219s] -- Installing: /ros2_ws/install/spraying_pathways/share/spraying_pathways/environment/ament_prefix_path.sh
[38.219s] -- Installing: /ros2_ws/install/spraying_pathways/share/spraying_pathways/environment/ament_prefix_path.dsv
[38.219s] -- Installing: /ros2_ws/install/spraying_pathways/share/spraying_pathways/environment/path.sh
[38.219s] -- Installing: /ros2_ws/install/spraying_pathways/share/spraying_pathways/environment/path.dsv
[38.219s] -- Installing: /ros2_ws/install/spraying_pathways/share/spraying_pathways/local_setup.bash
[38.219s] -- Installing: /ros2_ws/install/spraying_pathways/share/spraying_pathways/local_setup.sh
[38.219s] -- Installing: /ros2_ws/install/spraying_pathways/share/spraying_pathways/local_setup.zsh
[38.219s] -- Installing: /ros2_ws/install/spraying_pathways/share/spraying_pathways/local_setup.dsv
[38.219s] -- Installing: /ros2_ws/install/spraying_pathways/share/spraying_pathways/package.dsv
[38.220s] -- Installing: /ros2_ws/install/spraying_pathways/share/ament_index/resource_index/packages/spraying_pathways
[38.220s] -- Installing: /ros2_ws/install/spraying_pathways/share/spraying_pathways/cmake/spraying_pathwaysConfig.cmake
[38.220s] -- Installing: /ros2_ws/install/spraying_pathways/share/spraying_pathways/cmake/spraying_pathwaysConfig-version.cmake
[38.220s] -- Installing: /ros2_ws/install/spraying_pathways/share/spraying_pathways/package.xml
[38.221s] Invoked command in '/ros2_ws/build/spraying_pathways' returned '0': CMAKE_PREFIX_PATH=${CMAKE_PREFIX_PATH}:/opt/ros/humble /usr/bin/cmake --install /ros2_ws/build/spraying_pathways
