[0.019s] Invoking command in '/ros2_ws/build/spraying_pathways': CMAKE_PREFIX_PATH=${CMAKE_PREFIX_PATH}:/opt/ros/humble /usr/bin/cmake /ros2_ws/src/spraying_pathways -DCMAKE_INSTALL_PREFIX=/ros2_ws/install/spraying_pathways
[0.131s] -- The C compiler identification is GNU 11.4.0
[0.204s] -- The CXX compiler identification is GNU 11.4.0
[0.213s] -- Detecting C compiler ABI info
[0.304s] -- Detecting C compiler ABI info - done
[0.311s] -- Check for working C compiler: /usr/bin/cc - skipped
[0.311s] -- Detecting C compile features
[0.312s] -- Detecting C compile features - done
[0.315s] -- Detecting CXX compiler ABI info
[0.406s] -- Detecting CXX compiler ABI info - done
[0.412s] -- Check for working CXX compiler: /usr/bin/c++ - skipped
[0.412s] -- Detecting CXX compile features
[0.412s] -- Detecting CXX compile features - done
[0.418s] -- Found ament_cmake: 1.3.10 (/opt/ros/humble/share/ament_cmake/cmake)
[0.575s] -- Found Python3: /usr/bin/python3 (found version "3.10.12") found components: Interpreter 
[0.687s] -- Found rclcpp: 16.0.10 (/opt/ros/humble/share/rclcpp/cmake)
[0.733s] -- Found rosidl_generator_c: 3.1.5 (/opt/ros/humble/share/rosidl_generator_c/cmake)
[0.740s] -- Found rosidl_adapter: 3.1.5 (/opt/ros/humble/share/rosidl_adapter/cmake)
[0.749s] -- Found rosidl_generator_cpp: 3.1.5 (/opt/ros/humble/share/rosidl_generator_cpp/cmake)
[0.768s] -- Using all available rosidl_typesupport_c: rosidl_typesupport_fastrtps_c;rosidl_typesupport_introspection_c
[0.790s] -- Using all available rosidl_typesupport_cpp: rosidl_typesupport_fastrtps_cpp;rosidl_typesupport_introspection_cpp
[0.842s] -- Found rmw_implementation_cmake: 6.1.2 (/opt/ros/humble/share/rmw_implementation_cmake/cmake)
[0.843s] -- Found rmw_fastrtps_cpp: 6.2.6 (/opt/vulcanexus/humble/share/rmw_fastrtps_cpp/cmake)
[0.955s] -- Found OpenSSL: /usr/lib/x86_64-linux-gnu/libcrypto.so (found version "3.0.2")  
[0.986s] -- Found FastRTPS: /opt/vulcanexus/humble/include  
[1.032s] -- Using RMW implementation 'rmw_fastrtps_cpp' as default
[1.042s] -- Looking for pthread.h
[1.131s] -- Looking for pthread.h - found
[1.131s] -- Performing Test CMAKE_HAVE_LIBC_PTHREAD
[1.219s] -- Performing Test CMAKE_HAVE_LIBC_PTHREAD - Success
[1.219s] -- Found Threads: TRUE  
[1.264s] -- Found rclpy: 3.3.14 (/opt/ros/humble/share/rclpy/cmake)
[1.266s] -- Found moveit_ros_planning_interface: 2.5.9 (/opt/ros/humble/share/moveit_ros_planning_interface/cmake)
[1.291s] -- Found Boost: /usr/lib/x86_64-linux-gnu/cmake/Boost-1.74.0/BoostConfig.cmake (found version "1.74.0") found components: date_time filesystem program_options system thread 
[1.441s] -- Found Boost: /usr/lib/x86_64-linux-gnu/cmake/Boost-1.74.0/BoostConfig.cmake (found version "1.74.0") found components: chrono date_time filesystem iostreams program_options regex serialization system thread 
[1.485s] -- Found parameter_traits: 0.3.9 (/opt/ros/humble/share/parameter_traits/cmake)
[1.496s] -- Found Eigen3: TRUE (found version "3.4.0") 
[1.500s] -- Found rclcpp_lifecycle: 16.0.10 (/opt/ros/humble/share/rclcpp_lifecycle/cmake)
[1.521s] -- Found Boost: /usr/lib/x86_64-linux-gnu/cmake/Boost-1.74.0/BoostConfig.cmake (found version "1.74.0") found components: filesystem 
[1.626s] -- library: /usr/lib/x86_64-linux-gnu/libcurl.so
[1.657s] -- Ensuring Eigen3 include directory is part of orocos-kdl CMake target
[1.784s] -- Found Boost: /usr/lib/x86_64-linux-gnu/cmake/Boost-1.74.0/BoostConfig.cmake (found version "1.74.0") found components: system filesystem date_time program_options thread chrono 
[1.808s] -- Found Boost: /usr/lib/x86_64-linux-gnu/cmake/Boost-1.74.0/BoostConfig.cmake (found version "1.74.0") found components: thread system filesystem regex date_time program_options 
[1.834s] -- Found Boost: /usr/lib/x86_64-linux-gnu/cmake/Boost-1.74.0/BoostConfig.cmake (found version "1.74.0") found components: system filesystem date_time program_options thread 
[1.861s] -- Found gazebo_ros: 3.9.0 (/opt/ros/humble/share/gazebo_ros/cmake)
[1.872s] -- Found PkgConfig: /usr/bin/pkg-config (found version "0.29.2") 
[1.873s] -- Checking for module 'bullet>=2.82'
[1.888s] --   Found bullet, version 3.05
[2.020s] -- Found fcl: /usr/include (found suitable version "0.7.0", minimum required is "0.5.0") 
[2.081s] -- Found assimp: /usr/include (found version "5.2.0") 
[2.087s] -- Found DART: /usr/include (Required is at least version "6.6") found components: dart 
[2.098s] -- Found Boost: /usr/lib/x86_64-linux-gnu/cmake/Boost-1.74.0/BoostConfig.cmake (found suitable version "1.74.0", minimum required is "1.40.0") found components: thread system filesystem program_options regex iostreams date_time 
[2.111s] -- Found Protobuf: /usr/lib/x86_64-linux-gnu/libprotobuf.so (found version "3.12.4") 
[2.118s] -- Looking for ignition-math6 -- found version 6.15.1
[2.124s] -- Searching for dependencies of ignition-math6
[2.125s] -- Looking for OGRE...
[2.125s] -- OGRE_PREFIX_WATCH changed.
[2.132s] -- Checking for module 'OGRE'
[2.150s] --   Found OGRE, version 1.9.0
[2.190s] -- Found Ogre Ghadamon (1.9.0)
[2.194s] -- Found OGRE: optimized;/usr/lib/x86_64-linux-gnu/libOgreMain.so;debug;/usr/lib/x86_64-linux-gnu/libOgreMain.so
[2.202s] -- Looking for OGRE_Paging...
[2.205s] -- Found OGRE_Paging: optimized;/usr/lib/x86_64-linux-gnu/libOgrePaging.so;debug;/usr/lib/x86_64-linux-gnu/libOgrePaging.so
[2.205s] -- Looking for OGRE_Terrain...
[2.209s] -- Found OGRE_Terrain: optimized;/usr/lib/x86_64-linux-gnu/libOgreTerrain.so;debug;/usr/lib/x86_64-linux-gnu/libOgreTerrain.so
[2.209s] -- Looking for OGRE_Property...
[2.212s] -- Found OGRE_Property: optimized;/usr/lib/x86_64-linux-gnu/libOgreProperty.so;debug;/usr/lib/x86_64-linux-gnu/libOgreProperty.so
[2.212s] -- Looking for OGRE_RTShaderSystem...
[2.215s] -- Found OGRE_RTShaderSystem: optimized;/usr/lib/x86_64-linux-gnu/libOgreRTShaderSystem.so;debug;/usr/lib/x86_64-linux-gnu/libOgreRTShaderSystem.so
[2.215s] -- Looking for OGRE_Volume...
[2.218s] -- Found OGRE_Volume: optimized;/usr/lib/x86_64-linux-gnu/libOgreVolume.so;debug;/usr/lib/x86_64-linux-gnu/libOgreVolume.so
[2.218s] -- Looking for OGRE_Overlay...
[2.221s] -- Found OGRE_Overlay: optimized;/usr/lib/x86_64-linux-gnu/libOgreOverlay.so;debug;/usr/lib/x86_64-linux-gnu/libOgreOverlay.so
[2.291s] -- Looking for ignition-math6 -- found version 6.15.1
[2.294s] -- Looking for ignition-transport8 -- found version 8.2.1
[2.294s] -- Searching for dependencies of ignition-transport8
[2.312s] -- Found Protobuf: /usr/lib/x86_64-linux-gnu/libprotobuf.so (found suitable version "3.12.4", minimum required is "3") 
[2.322s] -- Config-file not installed for ZeroMQ -- checking for pkg-config
[2.327s] -- Checking for module 'libzmq >= 4'
[2.346s] --   Found libzmq , version 4.3.4
[2.400s] -- Found ZeroMQ: TRUE (Required is at least version "4") 
[2.406s] -- Checking for module 'uuid'
[2.421s] --   Found uuid, version 2.37.2
[2.466s] -- Found UUID: TRUE  
[2.469s] -- Looking for ignition-msgs5 -- found version 5.8.1
[2.469s] -- Searching for dependencies of ignition-msgs5
[2.487s] -- Looking for ignition-math6 -- found version 6.15.1
[2.493s] -- Checking for module 'tinyxml2'
[2.518s] --   Found tinyxml2, version 9.0.0
[2.580s] -- Looking for ignition-msgs5 -- found version 5.8.1
[2.583s] -- Looking for ignition-common3 -- found version 3.14.0
[2.584s] -- Searching for dependencies of ignition-common3
[2.584s] -- Looking for dlfcn.h - found
[2.585s] -- Looking for libdl - found
[2.587s] -- Found DL: TRUE  
[2.597s] -- Found tinyobjloader: /usr/lib/x86_64-linux-gnu/cmake/tinyobjloader/tinyobjloader-config.cmake (found version "2.0.0") 
[2.598s] -- Searching for <ignition-common3> component [graphics]
[2.600s] -- Looking for ignition-common3-graphics -- found version 3.14.0
[2.601s] -- Searching for dependencies of ignition-common3-graphics
[2.601s] -- Looking for ignition-math6 -- found version 6.15.1
[2.604s] -- Looking for ignition-fuel_tools4 -- found version 4.4.0
[2.605s] -- Searching for dependencies of ignition-fuel_tools4
[2.637s] -- Found CURL: /usr/lib/x86_64-linux-gnu/libcurl.so (found version "7.81.0")  
[2.655s] -- Checking for module 'jsoncpp'
[2.670s] --   Found jsoncpp, version 1.9.5
[2.714s] -- Found JSONCPP: TRUE  
[2.719s] -- Checking for module 'libzip'
[2.734s] --   Found libzip, version 1.7.3
[2.782s] -- Found ZIP: TRUE  
[2.782s] -- Looking for ignition-common3 -- found version 3.14.0
[2.782s] -- Looking for ignition-math6 -- found version 6.15.1
[2.782s] -- Looking for ignition-msgs5 -- found version 5.8.1
[2.785s] -- Gazebo version: 11.10
[2.785s] -- Checking for module 'tbb'
[2.801s] --   Found tbb, version 2021.5.0
[2.868s] -- Found ament_lint_auto: 0.12.11 (/opt/ros/humble/share/ament_lint_auto/cmake)
[2.942s] -- Added test 'cppcheck' to perform static code analysis on C / C++ code
[2.943s] -- Configured cppcheck include dirs: 
[2.943s] -- Configured cppcheck exclude dirs and/or files: 
[2.944s] -- Added test 'flake8' to check Python code syntax and style conventions
[2.945s] -- Added test 'lint_cmake' to check CMake code style
[2.946s] -- Added test 'pep257' to check Python code against some of the docstring style conventions in PEP 257
[2.948s] -- Added test 'uncrustify' to check C / C++ code style
[2.948s] -- Configured uncrustify additional arguments: 
[2.949s] -- Added test 'xmllint' to check XML markup files
[2.950s] -- Configuring done
[3.100s] -- Generating done
[3.105s] -- Build files have been written to: /ros2_ws/build/spraying_pathways
[3.120s] Invoked command in '/ros2_ws/build/spraying_pathways' returned '0': CMAKE_PREFIX_PATH=${CMAKE_PREFIX_PATH}:/opt/ros/humble /usr/bin/cmake /ros2_ws/src/spraying_pathways -DCMAKE_INSTALL_PREFIX=/ros2_ws/install/spraying_pathways
[3.122s] Invoking command in '/ros2_ws/build/spraying_pathways': CMAKE_PREFIX_PATH=${CMAKE_PREFIX_PATH}:/opt/ros/humble /usr/bin/cmake --build /ros2_ws/build/spraying_pathways -- -j4 -l4
[3.196s] [  5%] [32mBuilding CXX object CMakeFiles/go_home_node.dir/src/go_home.cpp.o[0m
[3.196s] [ 11%] [32mBuilding CXX object CMakeFiles/cartesian_path_planner_cubes_v2_node.dir/src/cartesian_path_planner_cubes_v2.cpp.o[0m
[3.199s] [ 16%] [32mBuilding CXX object CMakeFiles/follow_joints_positions_node.dir/src/follow_joints_positions.cpp.o[0m
[3.199s] [ 22%] [32mBuilding CXX object CMakeFiles/cartesian_path_planner_trajectory_v1_node.dir/src/cartesian_path_planner_trajectory_v1.cpp.o[0m
[10.937s] [ 27%] [32m[1mLinking CXX executable go_home_node[0m
[11.276s] [ 27%] Built target go_home_node
[11.289s] [ 33%] [32m[1mLinking CXX executable cartesian_path_planner_cubes_v2_node[0m
[11.304s] [ 38%] [32mBuilding CXX object CMakeFiles/cartesian_path_planner_cubes_v3_node.dir/src/cartesian_path_planner_cubes_v3.cpp.o[0m
[11.560s] [ 38%] Built target cartesian_path_planner_cubes_v2_node
[11.563s] [ 44%] [32m[1mLinking CXX executable cartesian_path_planner_trajectory_v1_node[0m
[11.588s] [ 50%] [32mBuilding CXX object CMakeFiles/cartesian_path_planner_cubes_test_v1_node.dir/src/cartesian_path_planner_cubes_test_v1.cpp.o[0m
[11.612s] [ 55%] [32m[1mLinking CXX executable follow_joints_positions_node[0m
[11.909s] [ 55%] Built target cartesian_path_planner_trajectory_v1_node
[11.941s] [ 55%] Built target follow_joints_positions_node
[11.942s] [ 61%] [32mBuilding CXX object CMakeFiles/cartesian_path_planner_cubes_test_v2_node.dir/src/cartesian_path_planner_cubes_test_v2.cpp.o[0m
[11.970s] [ 66%] [32mBuilding CXX object CMakeFiles/cartesian_path_planner_cubes_test_go_v1_node.dir/src/cartesian_path_planner_cubes_test_go_v1.cpp.o[0m
[19.294s] [ 72%] [32m[1mLinking CXX executable cartesian_path_planner_cubes_v3_node[0m
[19.495s] [ 77%] [32m[1mLinking CXX executable cartesian_path_planner_cubes_test_v1_node[0m
[19.623s] [ 77%] Built target cartesian_path_planner_cubes_v3_node
[19.650s] [ 83%] [32mBuilding CXX object CMakeFiles/cartesian_path_planner_cubes_test_go_v2_node.dir/src/cartesian_path_planner_cubes_test_go_v2.cpp.o[0m
[19.871s] [ 83%] Built target cartesian_path_planner_cubes_test_v1_node
[20.312s] [ 88%] [32m[1mLinking CXX executable cartesian_path_planner_cubes_test_v2_node[0m
[20.436s] [ 94%] [32m[1mLinking CXX executable cartesian_path_planner_cubes_test_go_v1_node[0m
[20.656s] [ 94%] Built target cartesian_path_planner_cubes_test_v2_node
[20.757s] [ 94%] Built target cartesian_path_planner_cubes_test_go_v1_node
[26.020s] [100%] [32m[1mLinking CXX executable cartesian_path_planner_cubes_test_go_v2_node[0m
[26.289s] [100%] Built target cartesian_path_planner_cubes_test_go_v2_node
[26.301s] Invoked command in '/ros2_ws/build/spraying_pathways' returned '0': CMAKE_PREFIX_PATH=${CMAKE_PREFIX_PATH}:/opt/ros/humble /usr/bin/cmake --build /ros2_ws/build/spraying_pathways -- -j4 -l4
[26.407s] Invoking command in '/ros2_ws/build/spraying_pathways': CMAKE_PREFIX_PATH=${CMAKE_PREFIX_PATH}:/opt/ros/humble /usr/bin/cmake --install /ros2_ws/build/spraying_pathways
[26.416s] -- Install configuration: ""
[26.416s] -- Installing: /ros2_ws/install/spraying_pathways/lib/spraying_pathways/go_home_node
[26.416s] -- Set runtime path of "/ros2_ws/install/spraying_pathways/lib/spraying_pathways/go_home_node" to ""
[26.416s] -- Installing: /ros2_ws/install/spraying_pathways/lib/spraying_pathways/follow_joints_positions_node
[26.416s] -- Set runtime path of "/ros2_ws/install/spraying_pathways/lib/spraying_pathways/follow_joints_positions_node" to ""
[26.416s] -- Installing: /ros2_ws/install/spraying_pathways/lib/spraying_pathways/cartesian_path_planner_cubes_v2_node
[26.418s] -- Set runtime path of "/ros2_ws/install/spraying_pathways/lib/spraying_pathways/cartesian_path_planner_cubes_v2_node" to ""
[26.418s] -- Installing: /ros2_ws/install/spraying_pathways/lib/spraying_pathways/cartesian_path_planner_trajectory_v1_node
[26.418s] -- Set runtime path of "/ros2_ws/install/spraying_pathways/lib/spraying_pathways/cartesian_path_planner_trajectory_v1_node" to ""
[26.418s] -- Installing: /ros2_ws/install/spraying_pathways/lib/spraying_pathways/cartesian_path_planner_cubes_v3_node
[26.420s] -- Set runtime path of "/ros2_ws/install/spraying_pathways/lib/spraying_pathways/cartesian_path_planner_cubes_v3_node" to ""
[26.420s] -- Installing: /ros2_ws/install/spraying_pathways/lib/spraying_pathways/cartesian_path_planner_cubes_test_v1_node
[26.420s] -- Set runtime path of "/ros2_ws/install/spraying_pathways/lib/spraying_pathways/cartesian_path_planner_cubes_test_v1_node" to ""
[26.420s] -- Installing: /ros2_ws/install/spraying_pathways/lib/spraying_pathways/cartesian_path_planner_cubes_test_v2_node
[26.420s] -- Set runtime path of "/ros2_ws/install/spraying_pathways/lib/spraying_pathways/cartesian_path_planner_cubes_test_v2_node" to ""
[26.420s] -- Installing: /ros2_ws/install/spraying_pathways/lib/spraying_pathways/cartesian_path_planner_cubes_test_go_v1_node
[26.421s] -- Set runtime path of "/ros2_ws/install/spraying_pathways/lib/spraying_pathways/cartesian_path_planner_cubes_test_go_v1_node" to ""
[26.421s] -- Installing: /ros2_ws/install/spraying_pathways/lib/spraying_pathways/cartesian_path_planner_cubes_test_go_v2_node
[26.422s] -- Set runtime path of "/ros2_ws/install/spraying_pathways/lib/spraying_pathways/cartesian_path_planner_cubes_test_go_v2_node" to ""
[26.422s] -- Installing: /ros2_ws/install/spraying_pathways/lib/spraying_pathways/trajectory_logger.py
[26.422s] -- Installing: /ros2_ws/install/spraying_pathways/lib/spraying_pathways/plot_trajectory_log.py
[26.422s] -- Installing: /ros2_ws/install/spraying_pathways/share/spraying_pathways/launch
[26.422s] -- Installing: /ros2_ws/install/spraying_pathways/share/spraying_pathways/launch/bringup.launch.py
[26.422s] -- Installing: /ros2_ws/install/spraying_pathways/share/spraying_pathways/rviz
[26.423s] -- Installing: /ros2_ws/install/spraying_pathways/share/spraying_pathways/config
[26.423s] -- Installing: /ros2_ws/install/spraying_pathways/share/spraying_pathways/models
[26.423s] -- Installing: /ros2_ws/install/spraying_pathways/share/spraying_pathways/models/box_0_5
[26.423s] -- Installing: /ros2_ws/install/spraying_pathways/share/spraying_pathways/models/box_0_5/model.config
[26.423s] -- Installing: /ros2_ws/install/spraying_pathways/share/spraying_pathways/models/box_0_5/model.sdf
[26.423s] -- Installing: /ros2_ws/install/spraying_pathways/share/ament_index/resource_index/package_run_dependencies/spraying_pathways
[26.423s] -- Installing: /ros2_ws/install/spraying_pathways/share/ament_index/resource_index/parent_prefix_path/spraying_pathways
[26.423s] -- Installing: /ros2_ws/install/spraying_pathways/share/spraying_pathways/environment/ament_prefix_path.sh
[26.424s] -- Installing: /ros2_ws/install/spraying_pathways/share/spraying_pathways/environment/ament_prefix_path.dsv
[26.424s] -- Installing: /ros2_ws/install/spraying_pathways/share/spraying_pathways/environment/path.sh
[26.424s] -- Installing: /ros2_ws/install/spraying_pathways/share/spraying_pathways/environment/path.dsv
[26.424s] -- Installing: /ros2_ws/install/spraying_pathways/share/spraying_pathways/local_setup.bash
[26.425s] -- Installing: /ros2_ws/install/spraying_pathways/share/spraying_pathways/local_setup.sh
[26.425s] -- Installing: /ros2_ws/install/spraying_pathways/share/spraying_pathways/local_setup.zsh
[26.426s] -- Installing: /ros2_ws/install/spraying_pathways/share/spraying_pathways/local_setup.dsv
[26.426s] -- Installing: /ros2_ws/install/spraying_pathways/share/spraying_pathways/package.dsv
[26.426s] -- Installing: /ros2_ws/install/spraying_pathways/share/ament_index/resource_index/packages/spraying_pathways
[26.426s] -- Installing: /ros2_ws/install/spraying_pathways/share/spraying_pathways/cmake/spraying_pathwaysConfig.cmake
[26.426s] -- Installing: /ros2_ws/install/spraying_pathways/share/spraying_pathways/cmake/spraying_pathwaysConfig-version.cmake
[26.426s] -- Installing: /ros2_ws/install/spraying_pathways/share/spraying_pathways/package.xml
[26.428s] Invoked command in '/ros2_ws/build/spraying_pathways' returned '0': CMAKE_PREFIX_PATH=${CMAKE_PREFIX_PATH}:/opt/ros/humble /usr/bin/cmake --install /ros2_ws/build/spraying_pathways
