[0.014s] Invoking command in '/ros2_ws/build/spraying_pathways': CMAKE_PREFIX_PATH=${CMAKE_PREFIX_PATH}:/opt/ros/humble /usr/bin/cmake /ros2_ws/src/spraying_pathways -DCMAKE_INSTALL_PREFIX=/ros2_ws/install/spraying_pathways
[0.407s] -- The C compiler identification is GNU 11.4.0
[0.636s] -- The CXX compiler identification is GNU 11.4.0
[0.652s] -- Detecting C compiler ABI info
[0.788s] -- Detecting C compiler ABI info - done
[0.789s] -- Check for working C compiler: /usr/bin/cc - skipped
[0.789s] -- Detecting C compile features
[0.791s] -- Detecting C compile features - done
[0.796s] -- Detecting CXX compiler ABI info
[0.934s] -- Detecting CXX compiler ABI info - done
[0.941s] -- Check for working CXX compiler: /usr/bin/c++ - skipped
[0.942s] -- Detecting CXX compile features
[0.942s] -- Detecting CXX compile features - done
[0.949s] -- Found ament_cmake: 1.3.10 (/opt/ros/humble/share/ament_cmake/cmake)
[1.103s] -- Found Python3: /usr/bin/python3 (found version "3.10.12") found components: Interpreter 
[1.249s] -- Found rclcpp: 16.0.10 (/opt/ros/humble/share/rclcpp/cmake)
[1.331s] -- Found rosidl_generator_c: 3.1.5 (/opt/ros/humble/share/rosidl_generator_c/cmake)
[1.343s] -- Found rosidl_adapter: 3.1.5 (/opt/ros/humble/share/rosidl_adapter/cmake)
[1.359s] -- Found rosidl_generator_cpp: 3.1.5 (/opt/ros/humble/share/rosidl_generator_cpp/cmake)
[1.386s] -- Using all available rosidl_typesupport_c: rosidl_typesupport_fastrtps_c;rosidl_typesupport_introspection_c
[1.416s] -- Using all available rosidl_typesupport_cpp: rosidl_typesupport_fastrtps_cpp;rosidl_typesupport_introspection_cpp
[1.496s] -- Found rmw_implementation_cmake: 6.1.2 (/opt/ros/humble/share/rmw_implementation_cmake/cmake)
[1.501s] -- Found rmw_fastrtps_cpp: 6.2.6 (/opt/vulcanexus/humble/share/rmw_fastrtps_cpp/cmake)
[1.651s] -- Found OpenSSL: /usr/lib/x86_64-linux-gnu/libcrypto.so (found version "3.0.2")  
[1.680s] -- Found FastRTPS: /opt/vulcanexus/humble/include  
[1.718s] -- Using RMW implementation 'rmw_fastrtps_cpp' as default
[1.739s] -- Looking for pthread.h
[1.843s] -- Looking for pthread.h - found
[1.843s] -- Performing Test CMAKE_HAVE_LIBC_PTHREAD
[1.931s] -- Performing Test CMAKE_HAVE_LIBC_PTHREAD - Success
[1.932s] -- Found Threads: TRUE  
[2.007s] -- Found rclpy: 3.3.14 (/opt/ros/humble/share/rclpy/cmake)
[2.011s] -- Found moveit_ros_planning_interface: 2.5.9 (/opt/ros/humble/share/moveit_ros_planning_interface/cmake)
[2.050s] -- Found Boost: /usr/lib/x86_64-linux-gnu/cmake/Boost-1.74.0/BoostConfig.cmake (found version "1.74.0") found components: date_time filesystem program_options system thread 
[2.289s] -- Found Boost: /usr/lib/x86_64-linux-gnu/cmake/Boost-1.74.0/BoostConfig.cmake (found version "1.74.0") found components: chrono date_time filesystem iostreams program_options regex serialization system thread 
[2.346s] -- Found parameter_traits: 0.3.9 (/opt/ros/humble/share/parameter_traits/cmake)
[2.364s] -- Found Eigen3: TRUE (found version "3.4.0") 
[2.368s] -- Found rclcpp_lifecycle: 16.0.10 (/opt/ros/humble/share/rclcpp_lifecycle/cmake)
[2.404s] -- Found Boost: /usr/lib/x86_64-linux-gnu/cmake/Boost-1.74.0/BoostConfig.cmake (found version "1.74.0") found components: filesystem 
[2.580s] -- library: /usr/lib/x86_64-linux-gnu/libcurl.so
[2.623s] -- Ensuring Eigen3 include directory is part of orocos-kdl CMake target
[2.815s] -- Found Boost: /usr/lib/x86_64-linux-gnu/cmake/Boost-1.74.0/BoostConfig.cmake (found version "1.74.0") found components: system filesystem date_time program_options thread chrono 
[2.850s] -- Found Boost: /usr/lib/x86_64-linux-gnu/cmake/Boost-1.74.0/BoostConfig.cmake (found version "1.74.0") found components: thread system filesystem regex date_time program_options 
[2.879s] -- Found Boost: /usr/lib/x86_64-linux-gnu/cmake/Boost-1.74.0/BoostConfig.cmake (found version "1.74.0") found components: system filesystem date_time program_options thread 
[2.920s] -- Found gazebo_ros: 3.9.0 (/opt/ros/humble/share/gazebo_ros/cmake)
[2.938s] -- Found PkgConfig: /usr/bin/pkg-config (found version "0.29.2") 
[2.940s] -- Checking for module 'bullet>=2.82'
[2.964s] --   Found bullet, version 3.05
[3.153s] -- Found fcl: /usr/include (found suitable version "0.7.0", minimum required is "0.5.0") 
[3.222s] -- Found assimp: /usr/include (found version "5.2.0") 
[3.232s] -- Found DART: /usr/include (Required is at least version "6.6") found components: dart 
[3.246s] -- Found Boost: /usr/lib/x86_64-linux-gnu/cmake/Boost-1.74.0/BoostConfig.cmake (found suitable version "1.74.0", minimum required is "1.40.0") found components: thread system filesystem program_options regex iostreams date_time 
[3.275s] -- Found Protobuf: /usr/lib/x86_64-linux-gnu/libprotobuf.so (found version "3.12.4") 
[3.285s] -- Looking for ignition-math6 -- found version 6.15.1
[3.301s] -- Searching for dependencies of ignition-math6
[3.306s] -- Looking for OGRE...
[3.307s] -- OGRE_PREFIX_WATCH changed.
[3.315s] -- Checking for module 'OGRE'
[3.331s] --   Found OGRE, version 1.9.0
[3.384s] -- Found Ogre Ghadamon (1.9.0)
[3.391s] -- Found OGRE: optimized;/usr/lib/x86_64-linux-gnu/libOgreMain.so;debug;/usr/lib/x86_64-linux-gnu/libOgreMain.so
[3.400s] -- Looking for OGRE_Paging...
[3.404s] -- Found OGRE_Paging: optimized;/usr/lib/x86_64-linux-gnu/libOgrePaging.so;debug;/usr/lib/x86_64-linux-gnu/libOgrePaging.so
[3.404s] -- Looking for OGRE_Terrain...
[3.407s] -- Found OGRE_Terrain: optimized;/usr/lib/x86_64-linux-gnu/libOgreTerrain.so;debug;/usr/lib/x86_64-linux-gnu/libOgreTerrain.so
[3.407s] -- Looking for OGRE_Property...
[3.411s] -- Found OGRE_Property: optimized;/usr/lib/x86_64-linux-gnu/libOgreProperty.so;debug;/usr/lib/x86_64-linux-gnu/libOgreProperty.so
[3.411s] -- Looking for OGRE_RTShaderSystem...
[3.414s] -- Found OGRE_RTShaderSystem: optimized;/usr/lib/x86_64-linux-gnu/libOgreRTShaderSystem.so;debug;/usr/lib/x86_64-linux-gnu/libOgreRTShaderSystem.so
[3.414s] -- Looking for OGRE_Volume...
[3.417s] -- Found OGRE_Volume: optimized;/usr/lib/x86_64-linux-gnu/libOgreVolume.so;debug;/usr/lib/x86_64-linux-gnu/libOgreVolume.so
[3.417s] -- Looking for OGRE_Overlay...
[3.420s] -- Found OGRE_Overlay: optimized;/usr/lib/x86_64-linux-gnu/libOgreOverlay.so;debug;/usr/lib/x86_64-linux-gnu/libOgreOverlay.so
[3.500s] -- Looking for ignition-math6 -- found version 6.15.1
[3.502s] -- Looking for ignition-transport8 -- found version 8.2.1
[3.502s] -- Searching for dependencies of ignition-transport8
[3.521s] -- Found Protobuf: /usr/lib/x86_64-linux-gnu/libprotobuf.so (found suitable version "3.12.4", minimum required is "3") 
[3.535s] -- Config-file not installed for ZeroMQ -- checking for pkg-config
[3.541s] -- Checking for module 'libzmq >= 4'
[3.565s] --   Found libzmq , version 4.3.4
[3.608s] -- Found ZeroMQ: TRUE (Required is at least version "4") 
[3.616s] -- Checking for module 'uuid'
[3.631s] --   Found uuid, version 2.37.2
[3.673s] -- Found UUID: TRUE  
[3.676s] -- Looking for ignition-msgs5 -- found version 5.8.1
[3.677s] -- Searching for dependencies of ignition-msgs5
[3.696s] -- Looking for ignition-math6 -- found version 6.15.1
[3.702s] -- Checking for module 'tinyxml2'
[3.720s] --   Found tinyxml2, version 9.0.0
[3.768s] -- Looking for ignition-msgs5 -- found version 5.8.1
[3.772s] -- Looking for ignition-common3 -- found version 3.14.0
[3.773s] -- Searching for dependencies of ignition-common3
[3.773s] -- Looking for dlfcn.h - found
[3.774s] -- Looking for libdl - found
[3.775s] -- Found DL: TRUE  
[3.788s] -- Found tinyobjloader: /usr/lib/x86_64-linux-gnu/cmake/tinyobjloader/tinyobjloader-config.cmake (found version "2.0.0") 
[3.789s] -- Searching for <ignition-common3> component [graphics]
[3.793s] -- Looking for ignition-common3-graphics -- found version 3.14.0
[3.793s] -- Searching for dependencies of ignition-common3-graphics
[3.793s] -- Looking for ignition-math6 -- found version 6.15.1
[3.799s] -- Looking for ignition-fuel_tools4 -- found version 4.4.0
[3.799s] -- Searching for dependencies of ignition-fuel_tools4
[3.828s] -- Found CURL: /usr/lib/x86_64-linux-gnu/libcurl.so (found version "7.81.0")  
[3.842s] -- Checking for module 'jsoncpp'
[3.860s] --   Found jsoncpp, version 1.9.5
[3.901s] -- Found JSONCPP: TRUE  
[3.907s] -- Checking for module 'libzip'
[3.923s] --   Found libzip, version 1.7.3
[3.963s] -- Found ZIP: TRUE  
[3.964s] -- Looking for ignition-common3 -- found version 3.14.0
[3.964s] -- Looking for ignition-math6 -- found version 6.15.1
[3.965s] -- Looking for ignition-msgs5 -- found version 5.8.1
[3.973s] -- Gazebo version: 11.10
[3.974s] -- Checking for module 'tbb'
[3.990s] --   Found tbb, version 2021.5.0
[4.046s] -- Found ament_lint_auto: 0.12.11 (/opt/ros/humble/share/ament_lint_auto/cmake)
[4.175s] -- Added test 'cppcheck' to perform static code analysis on C / C++ code
[4.176s] -- Configured cppcheck include dirs: 
[4.176s] -- Configured cppcheck exclude dirs and/or files: 
[4.177s] -- Added test 'flake8' to check Python code syntax and style conventions
[4.178s] -- Added test 'lint_cmake' to check CMake code style
[4.179s] -- Added test 'pep257' to check Python code against some of the docstring style conventions in PEP 257
[4.182s] -- Added test 'uncrustify' to check C / C++ code style
[4.182s] -- Configured uncrustify additional arguments: 
[4.183s] -- Added test 'xmllint' to check XML markup files
[4.185s] -- Configuring done
[4.295s] -- Generating done
[4.299s] -- Build files have been written to: /ros2_ws/build/spraying_pathways
[4.315s] Invoked command in '/ros2_ws/build/spraying_pathways' returned '0': CMAKE_PREFIX_PATH=${CMAKE_PREFIX_PATH}:/opt/ros/humble /usr/bin/cmake /ros2_ws/src/spraying_pathways -DCMAKE_INSTALL_PREFIX=/ros2_ws/install/spraying_pathways
[4.315s] Invoking command in '/ros2_ws/build/spraying_pathways': CMAKE_PREFIX_PATH=${CMAKE_PREFIX_PATH}:/opt/ros/humble /usr/bin/cmake --build /ros2_ws/build/spraying_pathways -- -j4 -l4
[4.385s] [ 30%] [32mBuilding CXX object CMakeFiles/cartesian_path_planner_trajectory_v1_node.dir/src/cartesian_path_planner_trajectory_v1.cpp.o[0m
[4.386s] [ 40%] [32mBuilding CXX object CMakeFiles/follow_joints_positions_node.dir/src/follow_joints_positions.cpp.o[0m
[4.386s] [ 40%] [32mBuilding CXX object CMakeFiles/go_home_node.dir/src/go_home.cpp.o[0m
[4.386s] [ 40%] [32mBuilding CXX object CMakeFiles/cartesian_path_planner_cubes_v2_node.dir/src/cartesian_path_planner_cubes_v2.cpp.o[0m
[18.415s] [ 50%] [32m[1mLinking CXX executable follow_joints_positions_node[0m
[18.437s] [ 60%] [32m[1mLinking CXX executable cartesian_path_planner_trajectory_v1_node[0m
[18.447s] [ 70%] [32m[1mLinking CXX executable go_home_node[0m
[18.911s] [ 70%] Built target cartesian_path_planner_trajectory_v1_node
[18.924s] [ 70%] Built target follow_joints_positions_node
[18.940s] [ 70%] Built target go_home_node
[18.941s] [ 80%] [32mBuilding CXX object CMakeFiles/cartesian_path_planner_cubes_v3_node.dir/src/cartesian_path_planner_cubes_v3.cpp.o[0m
[18.961s] [ 90%] [32m[1mLinking CXX executable cartesian_path_planner_cubes_v2_node[0m
[19.274s] [ 90%] Built target cartesian_path_planner_cubes_v2_node
[24.947s] [100%] [32m[1mLinking CXX executable cartesian_path_planner_cubes_v3_node[0m
[25.196s] [100%] Built target cartesian_path_planner_cubes_v3_node
[25.212s] Invoked command in '/ros2_ws/build/spraying_pathways' returned '0': CMAKE_PREFIX_PATH=${CMAKE_PREFIX_PATH}:/opt/ros/humble /usr/bin/cmake --build /ros2_ws/build/spraying_pathways -- -j4 -l4
[25.282s] Invoking command in '/ros2_ws/build/spraying_pathways': CMAKE_PREFIX_PATH=${CMAKE_PREFIX_PATH}:/opt/ros/humble /usr/bin/cmake --install /ros2_ws/build/spraying_pathways
[25.289s] -- Install configuration: ""
[25.290s] -- Installing: /ros2_ws/install/spraying_pathways/lib/spraying_pathways/go_home_node
[25.291s] -- Set runtime path of "/ros2_ws/install/spraying_pathways/lib/spraying_pathways/go_home_node" to ""
[25.291s] -- Installing: /ros2_ws/install/spraying_pathways/lib/spraying_pathways/follow_joints_positions_node
[25.291s] -- Set runtime path of "/ros2_ws/install/spraying_pathways/lib/spraying_pathways/follow_joints_positions_node" to ""
[25.292s] -- Installing: /ros2_ws/install/spraying_pathways/lib/spraying_pathways/cartesian_path_planner_cubes_v2_node
[25.292s] -- Set runtime path of "/ros2_ws/install/spraying_pathways/lib/spraying_pathways/cartesian_path_planner_cubes_v2_node" to ""
[25.292s] -- Installing: /ros2_ws/install/spraying_pathways/lib/spraying_pathways/cartesian_path_planner_trajectory_v1_node
[25.293s] -- Set runtime path of "/ros2_ws/install/spraying_pathways/lib/spraying_pathways/cartesian_path_planner_trajectory_v1_node" to ""
[25.293s] -- Installing: /ros2_ws/install/spraying_pathways/lib/spraying_pathways/cartesian_path_planner_cubes_v3_node
[25.294s] -- Set runtime path of "/ros2_ws/install/spraying_pathways/lib/spraying_pathways/cartesian_path_planner_cubes_v3_node" to ""
[25.294s] -- Installing: /ros2_ws/install/spraying_pathways/lib/spraying_pathways/trajectory_logger.py
[25.295s] -- Installing: /ros2_ws/install/spraying_pathways/lib/spraying_pathways/plot_trajectory_log.py
[25.297s] -- Installing: /ros2_ws/install/spraying_pathways/share/spraying_pathways/launch
[25.297s] -- Installing: /ros2_ws/install/spraying_pathways/share/spraying_pathways/launch/bringup.launch.py
[25.297s] -- Installing: /ros2_ws/install/spraying_pathways/share/spraying_pathways/rviz
[25.297s] -- Installing: /ros2_ws/install/spraying_pathways/share/spraying_pathways/config
[25.297s] -- Installing: /ros2_ws/install/spraying_pathways/share/spraying_pathways/models
[25.297s] -- Installing: /ros2_ws/install/spraying_pathways/share/spraying_pathways/models/box_0_5
[25.298s] -- Installing: /ros2_ws/install/spraying_pathways/share/spraying_pathways/models/box_0_5/model.config
[25.298s] -- Installing: /ros2_ws/install/spraying_pathways/share/spraying_pathways/models/box_0_5/model.sdf
[25.298s] -- Installing: /ros2_ws/install/spraying_pathways/share/ament_index/resource_index/package_run_dependencies/spraying_pathways
[25.298s] -- Installing: /ros2_ws/install/spraying_pathways/share/ament_index/resource_index/parent_prefix_path/spraying_pathways
[25.299s] -- Installing: /ros2_ws/install/spraying_pathways/share/spraying_pathways/environment/ament_prefix_path.sh
[25.299s] -- Installing: /ros2_ws/install/spraying_pathways/share/spraying_pathways/environment/ament_prefix_path.dsv
[25.299s] -- Installing: /ros2_ws/install/spraying_pathways/share/spraying_pathways/environment/path.sh
[25.300s] -- Installing: /ros2_ws/install/spraying_pathways/share/spraying_pathways/environment/path.dsv
[25.300s] -- Installing: /ros2_ws/install/spraying_pathways/share/spraying_pathways/local_setup.bash
[25.300s] -- Installing: /ros2_ws/install/spraying_pathways/share/spraying_pathways/local_setup.sh
[25.300s] -- Installing: /ros2_ws/install/spraying_pathways/share/spraying_pathways/local_setup.zsh
[25.300s] -- Installing: /ros2_ws/install/spraying_pathways/share/spraying_pathways/local_setup.dsv
[25.300s] -- Installing: /ros2_ws/install/spraying_pathways/share/spraying_pathways/package.dsv
[25.300s] -- Installing: /ros2_ws/install/spraying_pathways/share/ament_index/resource_index/packages/spraying_pathways
[25.301s] -- Installing: /ros2_ws/install/spraying_pathways/share/spraying_pathways/cmake/spraying_pathwaysConfig.cmake
[25.301s] -- Installing: /ros2_ws/install/spraying_pathways/share/spraying_pathways/cmake/spraying_pathwaysConfig-version.cmake
[25.301s] -- Installing: /ros2_ws/install/spraying_pathways/share/spraying_pathways/package.xml
[25.304s] Invoked command in '/ros2_ws/build/spraying_pathways' returned '0': CMAKE_PREFIX_PATH=${CMAKE_PREFIX_PATH}:/opt/ros/humble /usr/bin/cmake --install /ros2_ws/build/spraying_pathways
