-- The C compiler identification is GNU 11.4.0
-- The CXX compiler identification is GNU 11.4.0
-- Detecting C compiler ABI info
-- Detecting C compiler ABI info - done
-- Check for working C compiler: /usr/bin/cc - skipped
-- Detecting C compile features
-- Detecting C compile features - done
-- Detecting CXX compiler ABI info
-- Detecting CXX compiler ABI info - done
-- Check for working CXX compiler: /usr/bin/c++ - skipped
-- Detecting CXX compile features
-- Detecting CXX compile features - done
-- Found ament_cmake: 1.3.10 (/opt/ros/humble/share/ament_cmake/cmake)
-- Found Python3: /usr/bin/python3 (found version "3.10.12") found components: Interpreter 
-- Found rclcpp: 16.0.10 (/opt/ros/humble/share/rclcpp/cmake)
-- Found rosidl_generator_c: 3.1.5 (/opt/ros/humble/share/rosidl_generator_c/cmake)
-- Found rosidl_adapter: 3.1.5 (/opt/ros/humble/share/rosidl_adapter/cmake)
-- Found rosidl_generator_cpp: 3.1.5 (/opt/ros/humble/share/rosidl_generator_cpp/cmake)
-- Using all available rosidl_typesupport_c: rosidl_typesupport_fastrtps_c;rosidl_typesupport_introspection_c
-- Using all available rosidl_typesupport_cpp: rosidl_typesupport_fastrtps_cpp;rosidl_typesupport_introspection_cpp
-- Found rmw_implementation_cmake: 6.1.2 (/opt/ros/humble/share/rmw_implementation_cmake/cmake)
-- Found rmw_fastrtps_cpp: 6.2.6 (/opt/vulcanexus/humble/share/rmw_fastrtps_cpp/cmake)
-- Found OpenSSL: /usr/lib/x86_64-linux-gnu/libcrypto.so (found version "3.0.2")  
-- Found FastRTPS: /opt/vulcanexus/humble/include  
-- Using RMW implementation 'rmw_fastrtps_cpp' as default
-- Looking for pthread.h
-- Looking for pthread.h - found
-- Performing Test CMAKE_HAVE_LIBC_PTHREAD
-- Performing Test CMAKE_HAVE_LIBC_PTHREAD - Success
-- Found Threads: TRUE  
-- Found rclpy: 3.3.14 (/opt/ros/humble/share/rclpy/cmake)
-- Found moveit_ros_planning_interface: 2.5.9 (/opt/ros/humble/share/moveit_ros_planning_interface/cmake)
-- Found Boost: /usr/lib/x86_64-linux-gnu/cmake/Boost-1.74.0/BoostConfig.cmake (found version "1.74.0") found components: date_time filesystem program_options system thread 
-- Found Boost: /usr/lib/x86_64-linux-gnu/cmake/Boost-1.74.0/BoostConfig.cmake (found version "1.74.0") found components: chrono date_time filesystem iostreams program_options regex serialization system thread 
-- Found parameter_traits: 0.3.9 (/opt/ros/humble/share/parameter_traits/cmake)
-- Found Eigen3: TRUE (found version "3.4.0") 
-- Found rclcpp_lifecycle: 16.0.10 (/opt/ros/humble/share/rclcpp_lifecycle/cmake)
-- Found Boost: /usr/lib/x86_64-linux-gnu/cmake/Boost-1.74.0/BoostConfig.cmake (found version "1.74.0") found components: filesystem 
-- library: /usr/lib/x86_64-linux-gnu/libcurl.so
-- Ensuring Eigen3 include directory is part of orocos-kdl CMake target
-- Found Boost: /usr/lib/x86_64-linux-gnu/cmake/Boost-1.74.0/BoostConfig.cmake (found version "1.74.0") found components: system filesystem date_time program_options thread chrono 
-- Found Boost: /usr/lib/x86_64-linux-gnu/cmake/Boost-1.74.0/BoostConfig.cmake (found version "1.74.0") found components: thread system filesystem regex date_time program_options 
-- Found Boost: /usr/lib/x86_64-linux-gnu/cmake/Boost-1.74.0/BoostConfig.cmake (found version "1.74.0") found components: system filesystem date_time program_options thread 
-- Found gazebo_ros: 3.9.0 (/opt/ros/humble/share/gazebo_ros/cmake)
-- Found PkgConfig: /usr/bin/pkg-config (found version "0.29.2") 
-- Checking for module 'bullet>=2.82'
--   Found bullet, version 3.05
-- Found fcl: /usr/include (found suitable version "0.7.0", minimum required is "0.5.0") 
-- Found assimp: /usr/include (found version "5.2.0") 
-- Found DART: /usr/include (Required is at least version "6.6") found components: dart 
-- Found Boost: /usr/lib/x86_64-linux-gnu/cmake/Boost-1.74.0/BoostConfig.cmake (found suitable version "1.74.0", minimum required is "1.40.0") found components: thread system filesystem program_options regex iostreams date_time 
-- Found Protobuf: /usr/lib/x86_64-linux-gnu/libprotobuf.so (found version "3.12.4") 
-- Looking for ignition-math6 -- found version 6.15.1
-- Searching for dependencies of ignition-math6
-- Looking for OGRE...
-- OGRE_PREFIX_WATCH changed.
-- Checking for module 'OGRE'
--   Found OGRE, version 1.9.0
-- Found Ogre Ghadamon (1.9.0)
-- Found OGRE: optimized;/usr/lib/x86_64-linux-gnu/libOgreMain.so;debug;/usr/lib/x86_64-linux-gnu/libOgreMain.so
-- Looking for OGRE_Paging...
-- Found OGRE_Paging: optimized;/usr/lib/x86_64-linux-gnu/libOgrePaging.so;debug;/usr/lib/x86_64-linux-gnu/libOgrePaging.so
-- Looking for OGRE_Terrain...
-- Found OGRE_Terrain: optimized;/usr/lib/x86_64-linux-gnu/libOgreTerrain.so;debug;/usr/lib/x86_64-linux-gnu/libOgreTerrain.so
-- Looking for OGRE_Property...
-- Found OGRE_Property: optimized;/usr/lib/x86_64-linux-gnu/libOgreProperty.so;debug;/usr/lib/x86_64-linux-gnu/libOgreProperty.so
-- Looking for OGRE_RTShaderSystem...
-- Found OGRE_RTShaderSystem: optimized;/usr/lib/x86_64-linux-gnu/libOgreRTShaderSystem.so;debug;/usr/lib/x86_64-linux-gnu/libOgreRTShaderSystem.so
-- Looking for OGRE_Volume...
-- Found OGRE_Volume: optimized;/usr/lib/x86_64-linux-gnu/libOgreVolume.so;debug;/usr/lib/x86_64-linux-gnu/libOgreVolume.so
-- Looking for OGRE_Overlay...
-- Found OGRE_Overlay: optimized;/usr/lib/x86_64-linux-gnu/libOgreOverlay.so;debug;/usr/lib/x86_64-linux-gnu/libOgreOverlay.so
-- Looking for ignition-math6 -- found version 6.15.1
-- Looking for ignition-transport8 -- found version 8.2.1
-- Searching for dependencies of ignition-transport8
-- Found Protobuf: /usr/lib/x86_64-linux-gnu/libprotobuf.so (found suitable version "3.12.4", minimum required is "3") 
-- Config-file not installed for ZeroMQ -- checking for pkg-config
-- Checking for module 'libzmq >= 4'
--   Found libzmq , version 4.3.4
-- Found ZeroMQ: TRUE (Required is at least version "4") 
-- Checking for module 'uuid'
--   Found uuid, version 2.37.2
-- Found UUID: TRUE  
-- Looking for ignition-msgs5 -- found version 5.8.1
-- Searching for dependencies of ignition-msgs5
-- Looking for ignition-math6 -- found version 6.15.1
-- Checking for module 'tinyxml2'
--   Found tinyxml2, version 9.0.0
-- Looking for ignition-msgs5 -- found version 5.8.1
-- Looking for ignition-common3 -- found version 3.14.0
-- Searching for dependencies of ignition-common3
-- Looking for dlfcn.h - found
-- Looking for libdl - found
-- Found DL: TRUE  
-- Found tinyobjloader: /usr/lib/x86_64-linux-gnu/cmake/tinyobjloader/tinyobjloader-config.cmake (found version "2.0.0") 
-- Searching for <ignition-common3> component [graphics]
-- Looking for ignition-common3-graphics -- found version 3.14.0
-- Searching for dependencies of ignition-common3-graphics
-- Looking for ignition-math6 -- found version 6.15.1
-- Looking for ignition-fuel_tools4 -- found version 4.4.0
-- Searching for dependencies of ignition-fuel_tools4
-- Found CURL: /usr/lib/x86_64-linux-gnu/libcurl.so (found version "7.81.0")  
-- Checking for module 'jsoncpp'
--   Found jsoncpp, version 1.9.5
-- Found JSONCPP: TRUE  
-- Checking for module 'libzip'
--   Found libzip, version 1.7.3
-- Found ZIP: TRUE  
-- Looking for ignition-common3 -- found version 3.14.0
-- Looking for ignition-math6 -- found version 6.15.1
-- Looking for ignition-msgs5 -- found version 5.8.1
-- Gazebo version: 11.10
-- Checking for module 'tbb'
--   Found tbb, version 2021.5.0
-- Found laser_geometry: 2.4.0 (/opt/ros/humble/share/laser_geometry/cmake)
-- Found pcl_ros: 2.4.5 (/opt/ros/humble/share/pcl_ros/cmake)
-- Checking for module 'eigen3'
--   Found eigen3, version 3.4.0
-- Found Eigen: /usr/include/eigen3 (Required is at least version "3.1") 
-- Eigen found (include: /usr/include/eigen3, version: 3.4.0)
-- Checking for module 'flann'
--   Found flann, version 1.9.1
-- Found FLANN: /usr/lib/x86_64-linux-gnu/libflann_cpp.so  
-- FLANN found (include: /usr/include, lib: /usr/lib/x86_64-linux-gnu/libflann_cpp.so)
-- Checking for module 'libusb-1.0'
--   Found libusb-1.0, version 1.0.25
-- Found libusb: /usr/lib/x86_64-linux-gnu/libusb-1.0.so  
-- OpenNI found (version: 1.5.4.0, include: /usr/include/ni, lib: /usr/lib/libOpenNI.so;libusb::libusb)
-- OpenNI2 found (version: 2.2.0.33, include: /usr/include/openni2, lib: /usr/lib/x86_64-linux-gnu/libOpenNI2.so;libusb::libusb)
-- Eigen found (include: /usr/include/eigen3, version: 3.4.0)
-- OpenNI found (version: 1.5.4.0, include: /usr/include/ni, lib: /usr/lib/libOpenNI.so;libusb::libusb)
-- OpenNI2 found (version: 2.2.0.33, include: /usr/include/openni2, lib: /usr/lib/x86_64-linux-gnu/libOpenNI2.so;libusb::libusb)
-- Found Qhull version 8.0.2
-- OpenNI found (version: 1.5.4.0, include: /usr/include/ni, lib: /usr/lib/libOpenNI.so;libusb::libusb)
-- Found PCL_COMMON: /usr/lib/x86_64-linux-gnu/libpcl_common.so  
-- Found PCL_KDTREE: /usr/lib/x86_64-linux-gnu/libpcl_kdtree.so  
-- Found PCL_OCTREE: /usr/lib/x86_64-linux-gnu/libpcl_octree.so  
-- Found PCL_SEARCH: /usr/lib/x86_64-linux-gnu/libpcl_search.so  
-- Found PCL_SAMPLE_CONSENSUS: /usr/lib/x86_64-linux-gnu/libpcl_sample_consensus.so  
-- Found PCL_FILTERS: /usr/lib/x86_64-linux-gnu/libpcl_filters.so  
-- Found PCL_2D: /usr/include/pcl-1.12  
-- Found PCL_GEOMETRY: /usr/include/pcl-1.12  
-- Found PCL_IO: /usr/lib/x86_64-linux-gnu/libpcl_io.so  
-- Found PCL_FEATURES: /usr/lib/x86_64-linux-gnu/libpcl_features.so  
-- Found PCL_ML: /usr/lib/x86_64-linux-gnu/libpcl_ml.so  
-- Found PCL_SEGMENTATION: /usr/lib/x86_64-linux-gnu/libpcl_segmentation.so  
-- Found PCL_VISUALIZATION: /usr/lib/x86_64-linux-gnu/libpcl_visualization.so  
-- Found PCL_SURFACE: /usr/lib/x86_64-linux-gnu/libpcl_surface.so  
-- Found PCL_REGISTRATION: /usr/lib/x86_64-linux-gnu/libpcl_registration.so  
-- Found PCL_KEYPOINTS: /usr/lib/x86_64-linux-gnu/libpcl_keypoints.so  
-- Found PCL_TRACKING: /usr/lib/x86_64-linux-gnu/libpcl_tracking.so  
-- Found PCL_RECOGNITION: /usr/lib/x86_64-linux-gnu/libpcl_recognition.so  
-- Found PCL_STEREO: /usr/lib/x86_64-linux-gnu/libpcl_stereo.so  
-- Found PCL_APPS: /usr/lib/x86_64-linux-gnu/libpcl_apps.so  
-- Found PCL_IN_HAND_SCANNER: /usr/include/pcl-1.12  
-- Found PCL_MODELER: /usr/include/pcl-1.12  
-- Found PCL_POINT_CLOUD_EDITOR: /usr/include/pcl-1.12  
-- Found PCL_OUTOFCORE: /usr/lib/x86_64-linux-gnu/libpcl_outofcore.so  
-- Found PCL_PEOPLE: /usr/lib/x86_64-linux-gnu/libpcl_people.so  
-- Found rosbag2_cpp: 0.15.12 (/opt/ros/humble/share/rosbag2_cpp/cmake)
-- Found tf2_sensor_msgs: 0.25.7 (/opt/ros/humble/share/tf2_sensor_msgs/cmake)
-- Found tf2_py: 0.25.7 (/opt/ros/humble/share/tf2_py/cmake)
-- Found ament_lint_auto: 0.12.11 (/opt/ros/humble/share/ament_lint_auto/cmake)
-- Added test 'cppcheck' to perform static code analysis on C / C++ code
-- Configured cppcheck include dirs: 
-- Configured cppcheck exclude dirs and/or files: 
-- Added test 'flake8' to check Python code syntax and style conventions
-- Added test 'lint_cmake' to check CMake code style
-- Added test 'pep257' to check Python code against some of the docstring style conventions in PEP 257
-- Added test 'uncrustify' to check C / C++ code style
-- Configured uncrustify additional arguments: 
-- Added test 'xmllint' to check XML markup files
-- Configuring done
-- Generating done
-- Build files have been written to: /ros2_ws/build/spraying_pathways
[  9%] [32mBuilding CXX object CMakeFiles/go_home_node.dir/src/go_home.cpp.o[0m
[  9%] [32mBuilding CXX object CMakeFiles/cartesian_path_planner_trajectory_v1_node.dir/src/cartesian_path_planner_trajectory_v1.cpp.o[0m
[ 13%] [32mBuilding CXX object CMakeFiles/cartesian_path_planner_cubes_v2_node.dir/src/cartesian_path_planner_cubes_v2.cpp.o[0m
[ 18%] [32mBuilding CXX object CMakeFiles/follow_joints_positions_node.dir/src/follow_joints_positions.cpp.o[0m
[ 22%] [32m[1mLinking CXX executable follow_joints_positions_node[0m
[ 22%] Built target follow_joints_positions_node
[ 27%] [32mBuilding CXX object CMakeFiles/cartesian_path_planner_cubes_v3_node.dir/src/cartesian_path_planner_cubes_v3.cpp.o[0m
[ 31%] [32m[1mLinking CXX executable cartesian_path_planner_trajectory_v1_node[0m
[ 36%] [32m[1mLinking CXX executable cartesian_path_planner_cubes_v2_node[0m
[ 36%] Built target cartesian_path_planner_trajectory_v1_node
[ 40%] [32mBuilding CXX object CMakeFiles/cartesian_path_planner_cubes_test_v1_node.dir/src/cartesian_path_planner_cubes_test_v1.cpp.o[0m
[ 45%] [32m[1mLinking CXX executable go_home_node[0m
[ 45%] Built target cartesian_path_planner_cubes_v2_node
[ 50%] [32mBuilding CXX object CMakeFiles/cartesian_path_planner_cubes_test_v2_node.dir/src/cartesian_path_planner_cubes_test_v2.cpp.o[0m
[ 50%] Built target go_home_node
[ 54%] [32mBuilding CXX object CMakeFiles/cartesian_path_planner_cubes_test_go_v1_node.dir/src/cartesian_path_planner_cubes_test_go_v1.cpp.o[0m
[ 59%] [32m[1mLinking CXX executable cartesian_path_planner_cubes_v3_node[0m
[ 63%] [32m[1mLinking CXX executable cartesian_path_planner_cubes_test_v2_node[0m
[ 68%] [32m[1mLinking CXX executable cartesian_path_planner_cubes_test_v1_node[0m
[ 68%] Built target cartesian_path_planner_cubes_v3_node
[ 72%] [32mBuilding CXX object CMakeFiles/cartesian_path_planner_cubes_test_go_v2_node.dir/src/cartesian_path_planner_cubes_test_go_v2.cpp.o[0m
[ 72%] Built target cartesian_path_planner_cubes_test_v2_node
[ 77%] [32mBuilding CXX object CMakeFiles/cartesian_path_planner_cubes_v4_node.dir/src/cartesian_path_planner_cubes_v4.cpp.o[0m
[ 77%] Built target cartesian_path_planner_cubes_test_v1_node
[ 81%] [32mBuilding CXX object CMakeFiles/lidar_surface_scanner_node.dir/src/lidar_surface_scanner.cpp.o[0m
[ 86%] [32m[1mLinking CXX executable cartesian_path_planner_cubes_test_go_v1_node[0m
[ 86%] Built target cartesian_path_planner_cubes_test_go_v1_node
[ 90%] [32m[1mLinking CXX executable cartesian_path_planner_cubes_test_go_v2_node[0m
[ 90%] Built target cartesian_path_planner_cubes_test_go_v2_node
[ 95%] [32m[1mLinking CXX executable cartesian_path_planner_cubes_v4_node[0m
[ 95%] Built target cartesian_path_planner_cubes_v4_node
[100%] [32m[1mLinking CXX executable lidar_surface_scanner_node[0m
[100%] Built target lidar_surface_scanner_node
-- Install configuration: ""
-- Installing: /ros2_ws/install/spraying_pathways/lib/spraying_pathways/go_home_node
-- Set runtime path of "/ros2_ws/install/spraying_pathways/lib/spraying_pathways/go_home_node" to ""
-- Installing: /ros2_ws/install/spraying_pathways/lib/spraying_pathways/follow_joints_positions_node
-- Set runtime path of "/ros2_ws/install/spraying_pathways/lib/spraying_pathways/follow_joints_positions_node" to ""
-- Installing: /ros2_ws/install/spraying_pathways/lib/spraying_pathways/cartesian_path_planner_cubes_v2_node
-- Set runtime path of "/ros2_ws/install/spraying_pathways/lib/spraying_pathways/cartesian_path_planner_cubes_v2_node" to ""
-- Installing: /ros2_ws/install/spraying_pathways/lib/spraying_pathways/cartesian_path_planner_trajectory_v1_node
-- Set runtime path of "/ros2_ws/install/spraying_pathways/lib/spraying_pathways/cartesian_path_planner_trajectory_v1_node" to ""
-- Installing: /ros2_ws/install/spraying_pathways/lib/spraying_pathways/cartesian_path_planner_cubes_v3_node
-- Set runtime path of "/ros2_ws/install/spraying_pathways/lib/spraying_pathways/cartesian_path_planner_cubes_v3_node" to ""
-- Installing: /ros2_ws/install/spraying_pathways/lib/spraying_pathways/cartesian_path_planner_cubes_test_v1_node
-- Set runtime path of "/ros2_ws/install/spraying_pathways/lib/spraying_pathways/cartesian_path_planner_cubes_test_v1_node" to ""
-- Installing: /ros2_ws/install/spraying_pathways/lib/spraying_pathways/cartesian_path_planner_cubes_test_v2_node
-- Set runtime path of "/ros2_ws/install/spraying_pathways/lib/spraying_pathways/cartesian_path_planner_cubes_test_v2_node" to ""
-- Installing: /ros2_ws/install/spraying_pathways/lib/spraying_pathways/cartesian_path_planner_cubes_test_go_v1_node
-- Set runtime path of "/ros2_ws/install/spraying_pathways/lib/spraying_pathways/cartesian_path_planner_cubes_test_go_v1_node" to ""
-- Installing: /ros2_ws/install/spraying_pathways/lib/spraying_pathways/cartesian_path_planner_cubes_test_go_v2_node
-- Set runtime path of "/ros2_ws/install/spraying_pathways/lib/spraying_pathways/cartesian_path_planner_cubes_test_go_v2_node" to ""
-- Installing: /ros2_ws/install/spraying_pathways/lib/spraying_pathways/cartesian_path_planner_cubes_v4_node
-- Set runtime path of "/ros2_ws/install/spraying_pathways/lib/spraying_pathways/cartesian_path_planner_cubes_v4_node" to ""
-- Installing: /ros2_ws/install/spraying_pathways/lib/spraying_pathways/lidar_surface_scanner_node
-- Set runtime path of "/ros2_ws/install/spraying_pathways/lib/spraying_pathways/lidar_surface_scanner_node" to ""
-- Installing: /ros2_ws/install/spraying_pathways/lib/spraying_pathways/trajectory_logger.py
-- Installing: /ros2_ws/install/spraying_pathways/lib/spraying_pathways/plot_trajectory_log.py
-- Installing: /ros2_ws/install/spraying_pathways/share/spraying_pathways/launch
-- Installing: /ros2_ws/install/spraying_pathways/share/spraying_pathways/launch/bringup_v3.launch.py
-- Installing: /ros2_ws/install/spraying_pathways/share/spraying_pathways/launch/bringup_v2.launch.py
-- Installing: /ros2_ws/install/spraying_pathways/share/spraying_pathways/launch/bringup.launch.py
-- Installing: /ros2_ws/install/spraying_pathways/share/spraying_pathways/rviz
-- Installing: /ros2_ws/install/spraying_pathways/share/spraying_pathways/config
-- Installing: /ros2_ws/install/spraying_pathways/share/spraying_pathways/models
-- Installing: /ros2_ws/install/spraying_pathways/share/spraying_pathways/models/box_0_5
-- Installing: /ros2_ws/install/spraying_pathways/share/spraying_pathways/models/box_0_5/model.config
-- Installing: /ros2_ws/install/spraying_pathways/share/spraying_pathways/models/box_0_5/model.sdf
-- Installing: /ros2_ws/install/spraying_pathways/share/spraying_pathways/models/black_table
-- Installing: /ros2_ws/install/spraying_pathways/share/spraying_pathways/models/black_table/model.config
-- Installing: /ros2_ws/install/spraying_pathways/share/spraying_pathways/models/black_table/model.sdf
-- Installing: /ros2_ws/install/spraying_pathways/share/spraying_pathways/models/wood_table
-- Installing: /ros2_ws/install/spraying_pathways/share/spraying_pathways/models/wood_table/model.config
-- Installing: /ros2_ws/install/spraying_pathways/share/spraying_pathways/models/wood_table/model.sdf
-- Installing: /ros2_ws/install/spraying_pathways/share/spraying_pathways/worlds
-- Installing: /ros2_ws/install/spraying_pathways/share/spraying_pathways/worlds/table_world.world
-- Installing: /ros2_ws/install/spraying_pathways/share/spraying_pathways/worlds/first_test_case.world
-- Installing: /ros2_ws/install/spraying_pathways/share/ament_index/resource_index/package_run_dependencies/spraying_pathways
-- Installing: /ros2_ws/install/spraying_pathways/share/ament_index/resource_index/parent_prefix_path/spraying_pathways
-- Installing: /ros2_ws/install/spraying_pathways/share/spraying_pathways/environment/ament_prefix_path.sh
-- Installing: /ros2_ws/install/spraying_pathways/share/spraying_pathways/environment/ament_prefix_path.dsv
-- Installing: /ros2_ws/install/spraying_pathways/share/spraying_pathways/environment/path.sh
-- Installing: /ros2_ws/install/spraying_pathways/share/spraying_pathways/environment/path.dsv
-- Installing: /ros2_ws/install/spraying_pathways/share/spraying_pathways/local_setup.bash
-- Installing: /ros2_ws/install/spraying_pathways/share/spraying_pathways/local_setup.sh
-- Installing: /ros2_ws/install/spraying_pathways/share/spraying_pathways/local_setup.zsh
-- Installing: /ros2_ws/install/spraying_pathways/share/spraying_pathways/local_setup.dsv
-- Installing: /ros2_ws/install/spraying_pathways/share/spraying_pathways/package.dsv
-- Installing: /ros2_ws/install/spraying_pathways/share/ament_index/resource_index/packages/spraying_pathways
-- Installing: /ros2_ws/install/spraying_pathways/share/spraying_pathways/cmake/spraying_pathwaysConfig.cmake
-- Installing: /ros2_ws/install/spraying_pathways/share/spraying_pathways/cmake/spraying_pathwaysConfig-version.cmake
-- Installing: /ros2_ws/install/spraying_pathways/share/spraying_pathways/package.xml
