[0.015s] Invoking command in '/ros2_ws/build/spraying_pathways': CMAKE_PREFIX_PATH=${CMAKE_PREFIX_PATH}:/opt/ros/humble /usr/bin/cmake /ros2_ws/src/spraying_pathways -DCMAKE_INSTALL_PREFIX=/ros2_ws/install/spraying_pathways
[0.084s] -- The C compiler identification is GNU 11.4.0
[0.145s] -- The CXX compiler identification is GNU 11.4.0
[0.154s] -- Detecting C compiler ABI info
[0.234s] -- Detecting C compiler ABI info - done
[0.240s] -- Check for working C compiler: /usr/bin/cc - skipped
[0.240s] -- Detecting C compile features
[0.242s] -- Detecting C compile features - done
[0.245s] -- Detecting CXX compiler ABI info
[0.340s] -- Detecting CXX compiler ABI info - done
[0.346s] -- Check for working CXX compiler: /usr/bin/c++ - skipped
[0.346s] -- Detecting CXX compile features
[0.347s] -- Detecting CXX compile features - done
[0.350s] -- Found ament_cmake: 1.3.10 (/opt/ros/humble/share/ament_cmake/cmake)
[0.483s] -- Found Python3: /usr/bin/python3 (found version "3.10.12") found components: Interpreter 
[0.580s] -- Found rclcpp: 16.0.10 (/opt/ros/humble/share/rclcpp/cmake)
[0.623s] -- Found rosidl_generator_c: 3.1.5 (/opt/ros/humble/share/rosidl_generator_c/cmake)
[0.628s] -- Found rosidl_adapter: 3.1.5 (/opt/ros/humble/share/rosidl_adapter/cmake)
[0.637s] -- Found rosidl_generator_cpp: 3.1.5 (/opt/ros/humble/share/rosidl_generator_cpp/cmake)
[0.650s] -- Using all available rosidl_typesupport_c: rosidl_typesupport_fastrtps_c;rosidl_typesupport_introspection_c
[0.662s] -- Using all available rosidl_typesupport_cpp: rosidl_typesupport_fastrtps_cpp;rosidl_typesupport_introspection_cpp
[0.709s] -- Found rmw_implementation_cmake: 6.1.2 (/opt/ros/humble/share/rmw_implementation_cmake/cmake)
[0.709s] -- Found rmw_fastrtps_cpp: 6.2.6 (/opt/vulcanexus/humble/share/rmw_fastrtps_cpp/cmake)
[0.809s] -- Found OpenSSL: /usr/lib/x86_64-linux-gnu/libcrypto.so (found version "3.0.2")  
[0.842s] -- Found FastRTPS: /opt/vulcanexus/humble/include  
[0.891s] -- Using RMW implementation 'rmw_fastrtps_cpp' as default
[0.903s] -- Looking for pthread.h
[0.991s] -- Looking for pthread.h - found
[0.992s] -- Performing Test CMAKE_HAVE_LIBC_PTHREAD
[1.082s] -- Performing Test CMAKE_HAVE_LIBC_PTHREAD - Success
[1.082s] -- Found Threads: TRUE  
[1.124s] -- Found rclpy: 3.3.14 (/opt/ros/humble/share/rclpy/cmake)
[1.127s] -- Found moveit_ros_planning_interface: 2.5.9 (/opt/ros/humble/share/moveit_ros_planning_interface/cmake)
[1.154s] -- Found Boost: /usr/lib/x86_64-linux-gnu/cmake/Boost-1.74.0/BoostConfig.cmake (found version "1.74.0") found components: date_time filesystem program_options system thread 
[1.321s] -- Found Boost: /usr/lib/x86_64-linux-gnu/cmake/Boost-1.74.0/BoostConfig.cmake (found version "1.74.0") found components: chrono date_time filesystem iostreams program_options regex serialization system thread 
[1.367s] -- Found parameter_traits: 0.3.9 (/opt/ros/humble/share/parameter_traits/cmake)
[1.381s] -- Found Eigen3: TRUE (found version "3.4.0") 
[1.385s] -- Found rclcpp_lifecycle: 16.0.10 (/opt/ros/humble/share/rclcpp_lifecycle/cmake)
[1.413s] -- Found Boost: /usr/lib/x86_64-linux-gnu/cmake/Boost-1.74.0/BoostConfig.cmake (found version "1.74.0") found components: filesystem 
[1.518s] -- library: /usr/lib/x86_64-linux-gnu/libcurl.so
[1.559s] -- Ensuring Eigen3 include directory is part of orocos-kdl CMake target
[1.682s] -- Found Boost: /usr/lib/x86_64-linux-gnu/cmake/Boost-1.74.0/BoostConfig.cmake (found version "1.74.0") found components: system filesystem date_time program_options thread chrono 
[1.707s] -- Found Boost: /usr/lib/x86_64-linux-gnu/cmake/Boost-1.74.0/BoostConfig.cmake (found version "1.74.0") found components: thread system filesystem regex date_time program_options 
[1.725s] -- Found Boost: /usr/lib/x86_64-linux-gnu/cmake/Boost-1.74.0/BoostConfig.cmake (found version "1.74.0") found components: system filesystem date_time program_options thread 
[1.749s] -- Found gazebo_ros: 3.9.0 (/opt/ros/humble/share/gazebo_ros/cmake)
[1.761s] -- Found PkgConfig: /usr/bin/pkg-config (found version "0.29.2") 
[1.762s] -- Checking for module 'bullet>=2.82'
[1.777s] --   Found bullet, version 3.05
[1.901s] -- Found fcl: /usr/include (found suitable version "0.7.0", minimum required is "0.5.0") 
[1.961s] -- Found assimp: /usr/include (found version "5.2.0") 
[1.967s] -- Found DART: /usr/include (Required is at least version "6.6") found components: dart 
[1.979s] -- Found Boost: /usr/lib/x86_64-linux-gnu/cmake/Boost-1.74.0/BoostConfig.cmake (found suitable version "1.74.0", minimum required is "1.40.0") found components: thread system filesystem program_options regex iostreams date_time 
[1.990s] -- Found Protobuf: /usr/lib/x86_64-linux-gnu/libprotobuf.so (found version "3.12.4") 
[1.996s] -- Looking for ignition-math6 -- found version 6.15.1
[2.002s] -- Searching for dependencies of ignition-math6
[2.003s] -- Looking for OGRE...
[2.003s] -- OGRE_PREFIX_WATCH changed.
[2.009s] -- Checking for module 'OGRE'
[2.024s] --   Found OGRE, version 1.9.0
[2.064s] -- Found Ogre Ghadamon (1.9.0)
[2.070s] -- Found OGRE: optimized;/usr/lib/x86_64-linux-gnu/libOgreMain.so;debug;/usr/lib/x86_64-linux-gnu/libOgreMain.so
[2.078s] -- Looking for OGRE_Paging...
[2.080s] -- Found OGRE_Paging: optimized;/usr/lib/x86_64-linux-gnu/libOgrePaging.so;debug;/usr/lib/x86_64-linux-gnu/libOgrePaging.so
[2.080s] -- Looking for OGRE_Terrain...
[2.088s] -- Found OGRE_Terrain: optimized;/usr/lib/x86_64-linux-gnu/libOgreTerrain.so;debug;/usr/lib/x86_64-linux-gnu/libOgreTerrain.so
[2.088s] -- Looking for OGRE_Property...
[2.091s] -- Found OGRE_Property: optimized;/usr/lib/x86_64-linux-gnu/libOgreProperty.so;debug;/usr/lib/x86_64-linux-gnu/libOgreProperty.so
[2.091s] -- Looking for OGRE_RTShaderSystem...
[2.094s] -- Found OGRE_RTShaderSystem: optimized;/usr/lib/x86_64-linux-gnu/libOgreRTShaderSystem.so;debug;/usr/lib/x86_64-linux-gnu/libOgreRTShaderSystem.so
[2.094s] -- Looking for OGRE_Volume...
[2.097s] -- Found OGRE_Volume: optimized;/usr/lib/x86_64-linux-gnu/libOgreVolume.so;debug;/usr/lib/x86_64-linux-gnu/libOgreVolume.so
[2.097s] -- Looking for OGRE_Overlay...
[2.100s] -- Found OGRE_Overlay: optimized;/usr/lib/x86_64-linux-gnu/libOgreOverlay.so;debug;/usr/lib/x86_64-linux-gnu/libOgreOverlay.so
[2.172s] -- Looking for ignition-math6 -- found version 6.15.1
[2.174s] -- Looking for ignition-transport8 -- found version 8.2.1
[2.175s] -- Searching for dependencies of ignition-transport8
[2.193s] -- Found Protobuf: /usr/lib/x86_64-linux-gnu/libprotobuf.so (found suitable version "3.12.4", minimum required is "3") 
[2.203s] -- Config-file not installed for ZeroMQ -- checking for pkg-config
[2.209s] -- Checking for module 'libzmq >= 4'
[2.225s] --   Found libzmq , version 4.3.4
[2.270s] -- Found ZeroMQ: TRUE (Required is at least version "4") 
[2.276s] -- Checking for module 'uuid'
[2.291s] --   Found uuid, version 2.37.2
[2.330s] -- Found UUID: TRUE  
[2.334s] -- Looking for ignition-msgs5 -- found version 5.8.1
[2.334s] -- Searching for dependencies of ignition-msgs5
[2.356s] -- Looking for ignition-math6 -- found version 6.15.1
[2.362s] -- Checking for module 'tinyxml2'
[2.381s] --   Found tinyxml2, version 9.0.0
[2.424s] -- Looking for ignition-msgs5 -- found version 5.8.1
[2.427s] -- Looking for ignition-common3 -- found version 3.14.0
[2.428s] -- Searching for dependencies of ignition-common3
[2.428s] -- Looking for dlfcn.h - found
[2.429s] -- Looking for libdl - found
[2.430s] -- Found DL: TRUE  
[2.442s] -- Found tinyobjloader: /usr/lib/x86_64-linux-gnu/cmake/tinyobjloader/tinyobjloader-config.cmake (found version "2.0.0") 
[2.442s] -- Searching for <ignition-common3> component [graphics]
[2.445s] -- Looking for ignition-common3-graphics -- found version 3.14.0
[2.445s] -- Searching for dependencies of ignition-common3-graphics
[2.446s] -- Looking for ignition-math6 -- found version 6.15.1
[2.449s] -- Looking for ignition-fuel_tools4 -- found version 4.4.0
[2.449s] -- Searching for dependencies of ignition-fuel_tools4
[2.478s] -- Found CURL: /usr/lib/x86_64-linux-gnu/libcurl.so (found version "7.81.0")  
[2.487s] -- Checking for module 'jsoncpp'
[2.503s] --   Found jsoncpp, version 1.9.5
[2.544s] -- Found JSONCPP: TRUE  
[2.550s] -- Checking for module 'libzip'
[2.566s] --   Found libzip, version 1.7.3
[2.608s] -- Found ZIP: TRUE  
[2.608s] -- Looking for ignition-common3 -- found version 3.14.0
[2.608s] -- Looking for ignition-math6 -- found version 6.15.1
[2.609s] -- Looking for ignition-msgs5 -- found version 5.8.1
[2.613s] -- Gazebo version: 11.10
[2.613s] -- Checking for module 'tbb'
[2.635s] --   Found tbb, version 2021.5.0
[2.682s] -- Found laser_geometry: 2.4.0 (/opt/ros/humble/share/laser_geometry/cmake)
[2.687s] -- Found pcl_ros: 2.4.5 (/opt/ros/humble/share/pcl_ros/cmake)
[2.724s] -- Checking for module 'eigen3'
[2.740s] --   Found eigen3, version 3.4.0
[2.783s] -- Found Eigen: /usr/include/eigen3 (Required is at least version "3.1") 
[2.783s] -- Eigen found (include: /usr/include/eigen3, version: 3.4.0)
[2.804s] -- Checking for module 'flann'
[2.821s] --   Found flann, version 1.9.1
[2.868s] -- Found FLANN: /usr/lib/x86_64-linux-gnu/libflann_cpp.so  
[2.868s] -- FLANN found (include: /usr/include, lib: /usr/lib/x86_64-linux-gnu/libflann_cpp.so)
[3.901s] -- Checking for module 'libusb-1.0'
[3.918s] --   Found libusb-1.0, version 1.0.25
[3.964s] -- Found libusb: /usr/lib/x86_64-linux-gnu/libusb-1.0.so  
[3.965s] -- OpenNI found (version: 1.5.4.0, include: /usr/include/ni, lib: /usr/lib/libOpenNI.so;libusb::libusb)
[4.037s] -- OpenNI2 found (version: 2.2.0.33, include: /usr/include/openni2, lib: /usr/lib/x86_64-linux-gnu/libOpenNI2.so;libusb::libusb)
[4.158s] -- Eigen found (include: /usr/include/eigen3, version: 3.4.0)
[4.165s] -- OpenNI found (version: 1.5.4.0, include: /usr/include/ni, lib: /usr/lib/libOpenNI.so;libusb::libusb)
[4.174s] -- OpenNI2 found (version: 2.2.0.33, include: /usr/include/openni2, lib: /usr/lib/x86_64-linux-gnu/libOpenNI2.so;libusb::libusb)
[4.290s] -- Found Qhull version 8.0.2
[4.409s] -- OpenNI found (version: 1.5.4.0, include: /usr/include/ni, lib: /usr/lib/libOpenNI.so;libusb::libusb)
[4.519s] -- Found PCL_COMMON: /usr/lib/x86_64-linux-gnu/libpcl_common.so  
[4.520s] -- Found PCL_KDTREE: /usr/lib/x86_64-linux-gnu/libpcl_kdtree.so  
[4.521s] -- Found PCL_OCTREE: /usr/lib/x86_64-linux-gnu/libpcl_octree.so  
[4.521s] -- Found PCL_SEARCH: /usr/lib/x86_64-linux-gnu/libpcl_search.so  
[4.522s] -- Found PCL_SAMPLE_CONSENSUS: /usr/lib/x86_64-linux-gnu/libpcl_sample_consensus.so  
[4.523s] -- Found PCL_FILTERS: /usr/lib/x86_64-linux-gnu/libpcl_filters.so  
[4.523s] -- Found PCL_2D: /usr/include/pcl-1.12  
[4.523s] -- Found PCL_GEOMETRY: /usr/include/pcl-1.12  
[4.524s] -- Found PCL_IO: /usr/lib/x86_64-linux-gnu/libpcl_io.so  
[4.525s] -- Found PCL_FEATURES: /usr/lib/x86_64-linux-gnu/libpcl_features.so  
[4.526s] -- Found PCL_ML: /usr/lib/x86_64-linux-gnu/libpcl_ml.so  
[4.526s] -- Found PCL_SEGMENTATION: /usr/lib/x86_64-linux-gnu/libpcl_segmentation.so  
[4.527s] -- Found PCL_VISUALIZATION: /usr/lib/x86_64-linux-gnu/libpcl_visualization.so  
[4.528s] -- Found PCL_SURFACE: /usr/lib/x86_64-linux-gnu/libpcl_surface.so  
[4.528s] -- Found PCL_REGISTRATION: /usr/lib/x86_64-linux-gnu/libpcl_registration.so  
[4.529s] -- Found PCL_KEYPOINTS: /usr/lib/x86_64-linux-gnu/libpcl_keypoints.so  
[4.530s] -- Found PCL_TRACKING: /usr/lib/x86_64-linux-gnu/libpcl_tracking.so  
[4.530s] -- Found PCL_RECOGNITION: /usr/lib/x86_64-linux-gnu/libpcl_recognition.so  
[4.531s] -- Found PCL_STEREO: /usr/lib/x86_64-linux-gnu/libpcl_stereo.so  
[4.532s] -- Found PCL_APPS: /usr/lib/x86_64-linux-gnu/libpcl_apps.so  
[4.533s] -- Found PCL_IN_HAND_SCANNER: /usr/include/pcl-1.12  
[4.533s] -- Found PCL_MODELER: /usr/include/pcl-1.12  
[4.533s] -- Found PCL_POINT_CLOUD_EDITOR: /usr/include/pcl-1.12  
[4.534s] -- Found PCL_OUTOFCORE: /usr/lib/x86_64-linux-gnu/libpcl_outofcore.so  
[4.535s] -- Found PCL_PEOPLE: /usr/lib/x86_64-linux-gnu/libpcl_people.so  
[4.550s] -- Found rosbag2_cpp: 0.15.12 (/opt/ros/humble/share/rosbag2_cpp/cmake)
[4.564s] -- Found tf2_sensor_msgs: 0.25.7 (/opt/ros/humble/share/tf2_sensor_msgs/cmake)
[4.570s] -- Found tf2_py: 0.25.7 (/opt/ros/humble/share/tf2_py/cmake)
[4.591s] -- Found ament_lint_auto: 0.12.11 (/opt/ros/humble/share/ament_lint_auto/cmake)
[4.666s] -- Added test 'cppcheck' to perform static code analysis on C / C++ code
[4.667s] -- Configured cppcheck include dirs: 
[4.667s] -- Configured cppcheck exclude dirs and/or files: 
[4.668s] -- Added test 'flake8' to check Python code syntax and style conventions
[4.669s] -- Added test 'lint_cmake' to check CMake code style
[4.670s] -- Added test 'pep257' to check Python code against some of the docstring style conventions in PEP 257
[4.672s] -- Added test 'uncrustify' to check C / C++ code style
[4.672s] -- Configured uncrustify additional arguments: 
[4.673s] -- Added test 'xmllint' to check XML markup files
[4.680s] -- Configuring done
[4.907s] -- Generating done
[4.913s] -- Build files have been written to: /ros2_ws/build/spraying_pathways
[4.937s] Invoked command in '/ros2_ws/build/spraying_pathways' returned '0': CMAKE_PREFIX_PATH=${CMAKE_PREFIX_PATH}:/opt/ros/humble /usr/bin/cmake /ros2_ws/src/spraying_pathways -DCMAKE_INSTALL_PREFIX=/ros2_ws/install/spraying_pathways
[4.940s] Invoking command in '/ros2_ws/build/spraying_pathways': CMAKE_PREFIX_PATH=${CMAKE_PREFIX_PATH}:/opt/ros/humble /usr/bin/cmake --build /ros2_ws/build/spraying_pathways -- -j4 -l4
[5.017s] [  9%] [32mBuilding CXX object CMakeFiles/go_home_node.dir/src/go_home.cpp.o[0m
[5.017s] [  9%] [32mBuilding CXX object CMakeFiles/cartesian_path_planner_trajectory_v1_node.dir/src/cartesian_path_planner_trajectory_v1.cpp.o[0m
[5.017s] [ 13%] [32mBuilding CXX object CMakeFiles/cartesian_path_planner_cubes_v2_node.dir/src/cartesian_path_planner_cubes_v2.cpp.o[0m
[5.017s] [ 18%] [32mBuilding CXX object CMakeFiles/follow_joints_positions_node.dir/src/follow_joints_positions.cpp.o[0m
[10.299s] [01m[K/ros2_ws/src/spraying_pathways/src/cartesian_path_planner_trajectory_v1.cpp:[m[K In function ‘[01m[Kint main(int, char**)[m[K’:
[10.299s] [01m[K/ros2_ws/src/spraying_pathways/src/cartesian_path_planner_trajectory_v1.cpp:109:10:[m[K [01;35m[Kwarning: [m[Kunused variable ‘[01m[Kz_base[m[K’ [[01;35m[K-Wunused-variable[m[K]
[10.299s]   109 |   double [01;35m[Kz_base[m[K = 0.715 + 0.05; // defined for consistency (not used directly here)
[10.299s]       |          [01;35m[K^~~~~~[m[K
[12.881s] [ 22%] [32m[1mLinking CXX executable follow_joints_positions_node[0m
[13.253s] [ 22%] Built target follow_joints_positions_node
[13.288s] [ 27%] [32mBuilding CXX object CMakeFiles/cartesian_path_planner_cubes_v3_node.dir/src/cartesian_path_planner_cubes_v3.cpp.o[0m
[13.341s] [ 31%] [32m[1mLinking CXX executable cartesian_path_planner_trajectory_v1_node[0m
[13.515s] [ 36%] [32m[1mLinking CXX executable cartesian_path_planner_cubes_v2_node[0m
[13.662s] [ 36%] Built target cartesian_path_planner_trajectory_v1_node
[13.692s] [ 40%] [32mBuilding CXX object CMakeFiles/cartesian_path_planner_cubes_test_v1_node.dir/src/cartesian_path_planner_cubes_test_v1.cpp.o[0m
[13.784s] [ 45%] [32m[1mLinking CXX executable go_home_node[0m
[13.805s] [ 45%] Built target cartesian_path_planner_cubes_v2_node
[13.837s] [ 50%] [32mBuilding CXX object CMakeFiles/cartesian_path_planner_cubes_test_v2_node.dir/src/cartesian_path_planner_cubes_test_v2.cpp.o[0m
[14.098s] [ 50%] Built target go_home_node
[14.136s] [ 54%] [32mBuilding CXX object CMakeFiles/cartesian_path_planner_cubes_test_go_v1_node.dir/src/cartesian_path_planner_cubes_test_go_v1.cpp.o[0m
[14.216s] In file included from [01m[K/ros2_ws/src/spraying_pathways/src/cartesian_path_planner_cubes_v3.cpp:9[m[K:
[14.216s] [01m[K/opt/ros/humble/include/tf2_sensor_msgs/tf2_sensor_msgs.h:32:2:[m[K [01;35m[Kwarning: [m[K#warning This header is obsolete, please include tf2_sensor_msgs/tf2_sensor_msgs.hpp instead [[01;35m[K-Wcpp[m[K]
[14.216s]    32 | #[01;35m[Kwarning[m[K This header is obsolete, please include tf2_sensor_msgs/tf2_sensor_msgs.hpp instead
[14.216s]       |  [01;35m[K^~~~~~~[m[K
[21.641s] [ 59%] [32m[1mLinking CXX executable cartesian_path_planner_cubes_v3_node[0m
[21.848s] [ 63%] [32m[1mLinking CXX executable cartesian_path_planner_cubes_test_v2_node[0m
[21.867s] [ 68%] [32m[1mLinking CXX executable cartesian_path_planner_cubes_test_v1_node[0m
[21.990s] [ 68%] Built target cartesian_path_planner_cubes_v3_node
[22.019s] [ 72%] [32mBuilding CXX object CMakeFiles/cartesian_path_planner_cubes_test_go_v2_node.dir/src/cartesian_path_planner_cubes_test_go_v2.cpp.o[0m
[22.197s] [ 72%] Built target cartesian_path_planner_cubes_test_v2_node
[22.224s] [ 77%] [32mBuilding CXX object CMakeFiles/cartesian_path_planner_cubes_v4_node.dir/src/cartesian_path_planner_cubes_v4.cpp.o[0m
[22.252s] [ 77%] Built target cartesian_path_planner_cubes_test_v1_node
[22.291s] [ 81%] [32mBuilding CXX object CMakeFiles/lidar_surface_scanner_node.dir/src/lidar_surface_scanner.cpp.o[0m
[22.816s] [ 86%] [32m[1mLinking CXX executable cartesian_path_planner_cubes_test_go_v1_node[0m
[23.123s] [ 86%] Built target cartesian_path_planner_cubes_test_go_v1_node
[24.661s] In file included from [01m[K/ros2_ws/src/spraying_pathways/src/lidar_surface_scanner.cpp:12[m[K:
[24.661s] [01m[K/opt/ros/humble/include/tf2_sensor_msgs/tf2_sensor_msgs.h:32:2:[m[K [01;35m[Kwarning: [m[K#warning This header is obsolete, please include tf2_sensor_msgs/tf2_sensor_msgs.hpp instead [[01;35m[K-Wcpp[m[K]
[24.661s]    32 | #[01;35m[Kwarning[m[K This header is obsolete, please include tf2_sensor_msgs/tf2_sensor_msgs.hpp instead
[24.661s]       |  [01;35m[K^~~~~~~[m[K
[29.238s] [ 90%] [32m[1mLinking CXX executable cartesian_path_planner_cubes_test_go_v2_node[0m
[29.462s] [01m[K/ros2_ws/src/spraying_pathways/src/lidar_surface_scanner.cpp:[m[K In member function ‘[01m[Kvoid LidarSurfaceScanner::executeTrajectory()[m[K’:
[29.462s] [01m[K/ros2_ws/src/spraying_pathways/src/lidar_surface_scanner.cpp:170:98:[m[K [01;35m[Kwarning: [m[K‘[01m[Kusing MoveItErrorCode = class moveit::core::MoveItErrorCode[m[K’ is deprecated: Use moveit::core::MoveItErrorCode [[01;35m[K-Wdeprecated-declarations[m[K]
[29.462s]   170 |     bool success = (move_group->plan(joint_plan) == moveit::planning_interface::MoveItErrorCode::[01;35m[KSUCCESS[m[K);
[29.462s]       |                                                                                                  [01;35m[K^~~~~~~[m[K
[29.462s] In file included from [01m[K/ros2_ws/src/spraying_pathways/src/lidar_surface_scanner.cpp:5[m[K:
[29.462s] [01m[K/opt/ros/humble/include/moveit/move_group_interface/move_group_interface.h:71:7:[m[K [01;36m[Knote: [m[Kdeclared here
[29.462s]    71 | using [01;36m[KMoveItErrorCode[m[K [[deprecated("Use moveit::core::MoveItErrorCode")]] = moveit::core::MoveItErrorCode;
[29.463s]       |       [01;36m[K^~~~~~~~~~~~~~~[m[K
[29.463s] [01m[K/ros2_ws/src/spraying_pathways/src/lidar_surface_scanner.cpp:126:12:[m[K [01;35m[Kwarning: [m[Kunused variable ‘[01m[Ky_start[m[K’ [[01;35m[K-Wunused-variable[m[K]
[29.463s]   126 |     double [01;35m[Ky_start[m[K = corners[0].second;
[29.463s]       |            [01;35m[K^~~~~~~[m[K
[29.463s] [01m[K/ros2_ws/src/spraying_pathways/src/lidar_surface_scanner.cpp:127:12:[m[K [01;35m[Kwarning: [m[Kunused variable ‘[01m[Ky_end[m[K’ [[01;35m[K-Wunused-variable[m[K]
[29.463s]   127 |     double [01;35m[Ky_end[m[K = corners[3].second;
[29.463s]       |            [01;35m[K^~~~~[m[K
[29.574s] [ 90%] Built target cartesian_path_planner_cubes_test_go_v2_node
[29.977s] [ 95%] [32m[1mLinking CXX executable cartesian_path_planner_cubes_v4_node[0m
[30.258s] [ 95%] Built target cartesian_path_planner_cubes_v4_node
[39.107s] [100%] [32m[1mLinking CXX executable lidar_surface_scanner_node[0m
[40.242s] [100%] Built target lidar_surface_scanner_node
[40.255s] Invoked command in '/ros2_ws/build/spraying_pathways' returned '0': CMAKE_PREFIX_PATH=${CMAKE_PREFIX_PATH}:/opt/ros/humble /usr/bin/cmake --build /ros2_ws/build/spraying_pathways -- -j4 -l4
[40.373s] Invoking command in '/ros2_ws/build/spraying_pathways': CMAKE_PREFIX_PATH=${CMAKE_PREFIX_PATH}:/opt/ros/humble /usr/bin/cmake --install /ros2_ws/build/spraying_pathways
[40.382s] -- Install configuration: ""
[40.383s] -- Installing: /ros2_ws/install/spraying_pathways/lib/spraying_pathways/go_home_node
[40.384s] -- Set runtime path of "/ros2_ws/install/spraying_pathways/lib/spraying_pathways/go_home_node" to ""
[40.384s] -- Installing: /ros2_ws/install/spraying_pathways/lib/spraying_pathways/follow_joints_positions_node
[40.384s] -- Set runtime path of "/ros2_ws/install/spraying_pathways/lib/spraying_pathways/follow_joints_positions_node" to ""
[40.384s] -- Installing: /ros2_ws/install/spraying_pathways/lib/spraying_pathways/cartesian_path_planner_cubes_v2_node
[40.385s] -- Set runtime path of "/ros2_ws/install/spraying_pathways/lib/spraying_pathways/cartesian_path_planner_cubes_v2_node" to ""
[40.385s] -- Installing: /ros2_ws/install/spraying_pathways/lib/spraying_pathways/cartesian_path_planner_trajectory_v1_node
[40.386s] -- Set runtime path of "/ros2_ws/install/spraying_pathways/lib/spraying_pathways/cartesian_path_planner_trajectory_v1_node" to ""
[40.386s] -- Installing: /ros2_ws/install/spraying_pathways/lib/spraying_pathways/cartesian_path_planner_cubes_v3_node
[40.386s] -- Set runtime path of "/ros2_ws/install/spraying_pathways/lib/spraying_pathways/cartesian_path_planner_cubes_v3_node" to ""
[40.386s] -- Installing: /ros2_ws/install/spraying_pathways/lib/spraying_pathways/cartesian_path_planner_cubes_test_v1_node
[40.387s] -- Set runtime path of "/ros2_ws/install/spraying_pathways/lib/spraying_pathways/cartesian_path_planner_cubes_test_v1_node" to ""
[40.387s] -- Installing: /ros2_ws/install/spraying_pathways/lib/spraying_pathways/cartesian_path_planner_cubes_test_v2_node
[40.388s] -- Set runtime path of "/ros2_ws/install/spraying_pathways/lib/spraying_pathways/cartesian_path_planner_cubes_test_v2_node" to ""
[40.388s] -- Installing: /ros2_ws/install/spraying_pathways/lib/spraying_pathways/cartesian_path_planner_cubes_test_go_v1_node
[40.388s] -- Set runtime path of "/ros2_ws/install/spraying_pathways/lib/spraying_pathways/cartesian_path_planner_cubes_test_go_v1_node" to ""
[40.389s] -- Installing: /ros2_ws/install/spraying_pathways/lib/spraying_pathways/cartesian_path_planner_cubes_test_go_v2_node
[40.389s] -- Set runtime path of "/ros2_ws/install/spraying_pathways/lib/spraying_pathways/cartesian_path_planner_cubes_test_go_v2_node" to ""
[40.389s] -- Installing: /ros2_ws/install/spraying_pathways/lib/spraying_pathways/cartesian_path_planner_cubes_v4_node
[40.390s] -- Set runtime path of "/ros2_ws/install/spraying_pathways/lib/spraying_pathways/cartesian_path_planner_cubes_v4_node" to ""
[40.390s] -- Installing: /ros2_ws/install/spraying_pathways/lib/spraying_pathways/lidar_surface_scanner_node
[40.396s] -- Set runtime path of "/ros2_ws/install/spraying_pathways/lib/spraying_pathways/lidar_surface_scanner_node" to ""
[40.396s] -- Installing: /ros2_ws/install/spraying_pathways/lib/spraying_pathways/trajectory_logger.py
[40.396s] -- Installing: /ros2_ws/install/spraying_pathways/lib/spraying_pathways/plot_trajectory_log.py
[40.396s] -- Installing: /ros2_ws/install/spraying_pathways/share/spraying_pathways/launch
[40.396s] -- Installing: /ros2_ws/install/spraying_pathways/share/spraying_pathways/launch/bringup_v3.launch.py
[40.396s] -- Installing: /ros2_ws/install/spraying_pathways/share/spraying_pathways/launch/bringup_v2.launch.py
[40.396s] -- Installing: /ros2_ws/install/spraying_pathways/share/spraying_pathways/launch/bringup.launch.py
[40.397s] -- Installing: /ros2_ws/install/spraying_pathways/share/spraying_pathways/rviz
[40.397s] -- Installing: /ros2_ws/install/spraying_pathways/share/spraying_pathways/config
[40.397s] -- Installing: /ros2_ws/install/spraying_pathways/share/spraying_pathways/models
[40.397s] -- Installing: /ros2_ws/install/spraying_pathways/share/spraying_pathways/models/box_0_5
[40.397s] -- Installing: /ros2_ws/install/spraying_pathways/share/spraying_pathways/models/box_0_5/model.config
[40.397s] -- Installing: /ros2_ws/install/spraying_pathways/share/spraying_pathways/models/box_0_5/model.sdf
[40.397s] -- Installing: /ros2_ws/install/spraying_pathways/share/spraying_pathways/models/black_table
[40.397s] -- Installing: /ros2_ws/install/spraying_pathways/share/spraying_pathways/models/black_table/model.config
[40.398s] -- Installing: /ros2_ws/install/spraying_pathways/share/spraying_pathways/models/black_table/model.sdf
[40.398s] -- Installing: /ros2_ws/install/spraying_pathways/share/spraying_pathways/models/wood_table
[40.398s] -- Installing: /ros2_ws/install/spraying_pathways/share/spraying_pathways/models/wood_table/model.config
[40.398s] -- Installing: /ros2_ws/install/spraying_pathways/share/spraying_pathways/models/wood_table/model.sdf
[40.400s] -- Installing: /ros2_ws/install/spraying_pathways/share/spraying_pathways/worlds
[40.400s] -- Installing: /ros2_ws/install/spraying_pathways/share/spraying_pathways/worlds/table_world.world
[40.400s] -- Installing: /ros2_ws/install/spraying_pathways/share/spraying_pathways/worlds/first_test_case.world
[40.400s] -- Installing: /ros2_ws/install/spraying_pathways/share/ament_index/resource_index/package_run_dependencies/spraying_pathways
[40.400s] -- Installing: /ros2_ws/install/spraying_pathways/share/ament_index/resource_index/parent_prefix_path/spraying_pathways
[40.401s] -- Installing: /ros2_ws/install/spraying_pathways/share/spraying_pathways/environment/ament_prefix_path.sh
[40.401s] -- Installing: /ros2_ws/install/spraying_pathways/share/spraying_pathways/environment/ament_prefix_path.dsv
[40.401s] -- Installing: /ros2_ws/install/spraying_pathways/share/spraying_pathways/environment/path.sh
[40.402s] -- Installing: /ros2_ws/install/spraying_pathways/share/spraying_pathways/environment/path.dsv
[40.402s] -- Installing: /ros2_ws/install/spraying_pathways/share/spraying_pathways/local_setup.bash
[40.402s] -- Installing: /ros2_ws/install/spraying_pathways/share/spraying_pathways/local_setup.sh
[40.404s] -- Installing: /ros2_ws/install/spraying_pathways/share/spraying_pathways/local_setup.zsh
[40.404s] -- Installing: /ros2_ws/install/spraying_pathways/share/spraying_pathways/local_setup.dsv
[40.404s] -- Installing: /ros2_ws/install/spraying_pathways/share/spraying_pathways/package.dsv
[40.404s] -- Installing: /ros2_ws/install/spraying_pathways/share/ament_index/resource_index/packages/spraying_pathways
[40.404s] -- Installing: /ros2_ws/install/spraying_pathways/share/spraying_pathways/cmake/spraying_pathwaysConfig.cmake
[40.404s] -- Installing: /ros2_ws/install/spraying_pathways/share/spraying_pathways/cmake/spraying_pathwaysConfig-version.cmake
[40.404s] -- Installing: /ros2_ws/install/spraying_pathways/share/spraying_pathways/package.xml
[40.406s] Invoked command in '/ros2_ws/build/spraying_pathways' returned '0': CMAKE_PREFIX_PATH=${CMAKE_PREFIX_PATH}:/opt/ros/humble /usr/bin/cmake --install /ros2_ws/build/spraying_pathways
