[0.015s] Invoking command in '/ros2_ws/build/ur_simulation_gazebo': CMAKE_PREFIX_PATH=${CMAKE_PREFIX_PATH}:/opt/ros/humble /usr/bin/cmake /ros2_ws/src/ur_simulation_gazebo -DCMAKE_INSTALL_PREFIX=/ros2_ws/install/ur_simulation_gazebo
[0.076s] -- The C compiler identification is GNU 11.4.0
[0.142s] -- The CXX compiler identification is GNU 11.4.0
[0.151s] -- Detecting C compiler ABI info
[0.238s] -- Detecting C compiler ABI info - done
[0.244s] -- Check for working C compiler: /usr/bin/cc - skipped
[0.244s] -- Detecting C compile features
[0.244s] -- Detecting C compile features - done
[0.248s] -- Detecting CXX compiler ABI info
[0.340s] -- Detecting CXX compiler ABI info - done
[0.345s] -- Check for working CXX compiler: /usr/bin/c++ - skipped
[0.345s] -- Detecting CXX compile features
[0.345s] -- Detecting CXX compile features - done
[0.348s] -- Found ament_cmake: 1.3.10 (/opt/ros/humble/share/ament_cmake/cmake)
[0.485s] -- Found Python3: /usr/bin/python3 (found version "3.10.12") found components: Interpreter 
[0.575s] -- Found launch_testing_ament_cmake: 1.0.6 (/opt/ros/humble/share/launch_testing_ament_cmake/cmake)
[0.578s] -- Found python_cmake_module: 0.10.0 (/opt/ros/humble/share/python_cmake_module/cmake)
[0.601s] -- Found PythonInterp: /usr/bin/python3 (found suitable version "3.10.12", minimum required is "3.6") 
[0.610s] -- Found PythonLibs: /usr/lib/x86_64-linux-gnu/libpython3.10.so (found suitable version "3.10.12", minimum required is "3.5") 
[0.610s] -- Using PYTHON_EXECUTABLE: /usr/bin/python3
[0.610s] -- Using PYTHON_INCLUDE_DIRS: /usr/include/python3.10
[0.610s] -- Using PYTHON_LIBRARIES: /usr/lib/x86_64-linux-gnu/libpython3.10.so
[0.629s] -- Found PythonExtra: .so  
[0.631s] -- Found ament_cmake_pytest: 1.3.10 (/opt/ros/humble/share/ament_cmake_pytest/cmake)
[0.703s] -- Configuring done
[0.704s] -- Generating done
[0.705s] -- Build files have been written to: /ros2_ws/build/ur_simulation_gazebo
[0.709s] Invoked command in '/ros2_ws/build/ur_simulation_gazebo' returned '0': CMAKE_PREFIX_PATH=${CMAKE_PREFIX_PATH}:/opt/ros/humble /usr/bin/cmake /ros2_ws/src/ur_simulation_gazebo -DCMAKE_INSTALL_PREFIX=/ros2_ws/install/ur_simulation_gazebo
[0.711s] Invoking command in '/ros2_ws/build/ur_simulation_gazebo': CMAKE_PREFIX_PATH=${CMAKE_PREFIX_PATH}:/opt/ros/humble /usr/bin/cmake --build /ros2_ws/build/ur_simulation_gazebo -- -j4 -l4
[0.753s] Invoked command in '/ros2_ws/build/ur_simulation_gazebo' returned '0': CMAKE_PREFIX_PATH=${CMAKE_PREFIX_PATH}:/opt/ros/humble /usr/bin/cmake --build /ros2_ws/build/ur_simulation_gazebo -- -j4 -l4
[0.802s] Invoking command in '/ros2_ws/build/ur_simulation_gazebo': CMAKE_PREFIX_PATH=${CMAKE_PREFIX_PATH}:/opt/ros/humble /usr/bin/cmake --install /ros2_ws/build/ur_simulation_gazebo
[0.811s] -- Install configuration: ""
[0.811s] -- Installing: /ros2_ws/install/ur_simulation_gazebo/share/ur_simulation_gazebo/config
[0.811s] -- Installing: /ros2_ws/install/ur_simulation_gazebo/share/ur_simulation_gazebo/config/ur_controllers.yaml
[0.811s] -- Installing: /ros2_ws/install/ur_simulation_gazebo/share/ur_simulation_gazebo/launch
[0.811s] -- Installing: /ros2_ws/install/ur_simulation_gazebo/share/ur_simulation_gazebo/launch/ur_sim_moveit.launch.py
[0.811s] -- Installing: /ros2_ws/install/ur_simulation_gazebo/share/ur_simulation_gazebo/launch/ur_sim_control.launch.py
[0.812s] -- Installing: /ros2_ws/install/ur_simulation_gazebo/share/ament_index/resource_index/package_run_dependencies/ur_simulation_gazebo
[0.812s] -- Installing: /ros2_ws/install/ur_simulation_gazebo/share/ament_index/resource_index/parent_prefix_path/ur_simulation_gazebo
[0.812s] -- Installing: /ros2_ws/install/ur_simulation_gazebo/share/ur_simulation_gazebo/environment/ament_prefix_path.sh
[0.812s] -- Installing: /ros2_ws/install/ur_simulation_gazebo/share/ur_simulation_gazebo/environment/ament_prefix_path.dsv
[0.813s] -- Installing: /ros2_ws/install/ur_simulation_gazebo/share/ur_simulation_gazebo/environment/path.sh
[0.813s] -- Installing: /ros2_ws/install/ur_simulation_gazebo/share/ur_simulation_gazebo/environment/path.dsv
[0.813s] -- Installing: /ros2_ws/install/ur_simulation_gazebo/share/ur_simulation_gazebo/local_setup.bash
[0.813s] -- Installing: /ros2_ws/install/ur_simulation_gazebo/share/ur_simulation_gazebo/local_setup.sh
[0.813s] -- Installing: /ros2_ws/install/ur_simulation_gazebo/share/ur_simulation_gazebo/local_setup.zsh
[0.813s] -- Installing: /ros2_ws/install/ur_simulation_gazebo/share/ur_simulation_gazebo/local_setup.dsv
[0.814s] -- Installing: /ros2_ws/install/ur_simulation_gazebo/share/ur_simulation_gazebo/package.dsv
[0.814s] -- Installing: /ros2_ws/install/ur_simulation_gazebo/share/ament_index/resource_index/packages/ur_simulation_gazebo
[0.814s] -- Installing: /ros2_ws/install/ur_simulation_gazebo/share/ur_simulation_gazebo/cmake/ur_simulation_gazeboConfig.cmake
[0.814s] -- Installing: /ros2_ws/install/ur_simulation_gazebo/share/ur_simulation_gazebo/cmake/ur_simulation_gazeboConfig-version.cmake
[0.814s] -- Installing: /ros2_ws/install/ur_simulation_gazebo/share/ur_simulation_gazebo/package.xml
[0.816s] Invoked command in '/ros2_ws/build/ur_simulation_gazebo' returned '0': CMAKE_PREFIX_PATH=${CMAKE_PREFIX_PATH}:/opt/ros/humble /usr/bin/cmake --install /ros2_ws/build/ur_simulation_gazebo
