[0.025s] Invoking command in '/ros2_ws/build/spraying_pathways': CMAKE_PREFIX_PATH=${CMAKE_PREFIX_PATH}:/opt/ros/humble /usr/bin/cmake /ros2_ws/src/spraying_pathways -DCMAKE_INSTALL_PREFIX=/ros2_ws/install/spraying_pathways
[0.366s] -- The C compiler identification is GNU 11.4.0
[0.527s] -- The CXX compiler identification is GNU 11.4.0
[0.542s] -- Detecting C compiler ABI info
[0.662s] -- Detecting C compiler ABI info - done
[0.669s] -- Check for working C compiler: /usr/bin/cc - skipped
[0.669s] -- Detecting C compile features
[0.669s] -- Detecting C compile features - done
[0.672s] -- Detecting CXX compiler ABI info
[0.790s] -- Detecting CXX compiler ABI info - done
[0.798s] -- Check for working CXX compiler: /usr/bin/c++ - skipped
[0.798s] -- Detecting CXX compile features
[0.799s] -- Detecting CXX compile features - done
[0.803s] -- Found ament_cmake: 1.3.10 (/opt/ros/humble/share/ament_cmake/cmake)
[0.954s] -- Found Python3: /usr/bin/python3 (found version "3.10.12") found components: Interpreter 
[1.118s] -- Found rclcpp: 16.0.10 (/opt/ros/humble/share/rclcpp/cmake)
[1.211s] -- Found rosidl_generator_c: 3.1.5 (/opt/ros/humble/share/rosidl_generator_c/cmake)
[1.223s] -- Found rosidl_adapter: 3.1.5 (/opt/ros/humble/share/rosidl_adapter/cmake)
[1.243s] -- Found rosidl_generator_cpp: 3.1.5 (/opt/ros/humble/share/rosidl_generator_cpp/cmake)
[1.275s] -- Using all available rosidl_typesupport_c: rosidl_typesupport_fastrtps_c;rosidl_typesupport_introspection_c
[1.306s] -- Using all available rosidl_typesupport_cpp: rosidl_typesupport_fastrtps_cpp;rosidl_typesupport_introspection_cpp
[1.401s] -- Found rmw_implementation_cmake: 6.1.2 (/opt/ros/humble/share/rmw_implementation_cmake/cmake)
[1.407s] -- Found rmw_fastrtps_cpp: 6.2.6 (/opt/vulcanexus/humble/share/rmw_fastrtps_cpp/cmake)
[1.573s] -- Found OpenSSL: /usr/lib/x86_64-linux-gnu/libcrypto.so (found version "3.0.2")  
[1.603s] -- Found FastRTPS: /opt/vulcanexus/humble/include  
[1.643s] -- Using RMW implementation 'rmw_fastrtps_cpp' as default
[1.662s] -- Looking for pthread.h
[1.783s] -- Looking for pthread.h - found
[1.783s] -- Performing Test CMAKE_HAVE_LIBC_PTHREAD
[1.865s] -- Performing Test CMAKE_HAVE_LIBC_PTHREAD - Success
[1.865s] -- Found Threads: TRUE  
[1.972s] -- Found rclpy: 3.3.14 (/opt/ros/humble/share/rclpy/cmake)
[1.976s] -- Found moveit_ros_planning_interface: 2.5.9 (/opt/ros/humble/share/moveit_ros_planning_interface/cmake)
[2.034s] -- Found Boost: /usr/lib/x86_64-linux-gnu/cmake/Boost-1.74.0/BoostConfig.cmake (found version "1.74.0") found components: date_time filesystem program_options system thread 
[2.320s] -- Found Boost: /usr/lib/x86_64-linux-gnu/cmake/Boost-1.74.0/BoostConfig.cmake (found version "1.74.0") found components: chrono date_time filesystem iostreams program_options regex serialization system thread 
[2.380s] -- Found parameter_traits: 0.3.9 (/opt/ros/humble/share/parameter_traits/cmake)
[2.396s] -- Found Eigen3: TRUE (found version "3.4.0") 
[2.400s] -- Found rclcpp_lifecycle: 16.0.10 (/opt/ros/humble/share/rclcpp_lifecycle/cmake)
[2.438s] -- Found Boost: /usr/lib/x86_64-linux-gnu/cmake/Boost-1.74.0/BoostConfig.cmake (found version "1.74.0") found components: filesystem 
[2.566s] -- library: /usr/lib/x86_64-linux-gnu/libcurl.so
[2.615s] -- Ensuring Eigen3 include directory is part of orocos-kdl CMake target
[2.820s] -- Found Boost: /usr/lib/x86_64-linux-gnu/cmake/Boost-1.74.0/BoostConfig.cmake (found version "1.74.0") found components: system filesystem date_time program_options thread chrono 
[2.856s] -- Found Boost: /usr/lib/x86_64-linux-gnu/cmake/Boost-1.74.0/BoostConfig.cmake (found version "1.74.0") found components: thread system filesystem regex date_time program_options 
[2.884s] -- Found Boost: /usr/lib/x86_64-linux-gnu/cmake/Boost-1.74.0/BoostConfig.cmake (found version "1.74.0") found components: system filesystem date_time program_options thread 
[2.926s] -- Found gazebo_ros: 3.9.0 (/opt/ros/humble/share/gazebo_ros/cmake)
[2.947s] -- Found PkgConfig: /usr/bin/pkg-config (found version "0.29.2") 
[2.948s] -- Checking for module 'bullet>=2.82'
[2.969s] --   Found bullet, version 3.05
[3.125s] -- Found fcl: /usr/include (found suitable version "0.7.0", minimum required is "0.5.0") 
[3.205s] -- Found assimp: /usr/include (found version "5.2.0") 
[3.218s] -- Found DART: /usr/include (Required is at least version "6.6") found components: dart 
[3.238s] -- Found Boost: /usr/lib/x86_64-linux-gnu/cmake/Boost-1.74.0/BoostConfig.cmake (found suitable version "1.74.0", minimum required is "1.40.0") found components: thread system filesystem program_options regex iostreams date_time 
[3.280s] -- Found Protobuf: /usr/lib/x86_64-linux-gnu/libprotobuf.so (found version "3.12.4") 
[3.290s] -- Looking for ignition-math6 -- found version 6.15.1
[3.305s] -- Searching for dependencies of ignition-math6
[3.312s] -- Looking for OGRE...
[3.313s] -- OGRE_PREFIX_WATCH changed.
[3.321s] -- Checking for module 'OGRE'
[3.341s] --   Found OGRE, version 1.9.0
[3.396s] -- Found Ogre Ghadamon (1.9.0)
[3.403s] -- Found OGRE: optimized;/usr/lib/x86_64-linux-gnu/libOgreMain.so;debug;/usr/lib/x86_64-linux-gnu/libOgreMain.so
[3.414s] -- Looking for OGRE_Paging...
[3.418s] -- Found OGRE_Paging: optimized;/usr/lib/x86_64-linux-gnu/libOgrePaging.so;debug;/usr/lib/x86_64-linux-gnu/libOgrePaging.so
[3.418s] -- Looking for OGRE_Terrain...
[3.421s] -- Found OGRE_Terrain: optimized;/usr/lib/x86_64-linux-gnu/libOgreTerrain.so;debug;/usr/lib/x86_64-linux-gnu/libOgreTerrain.so
[3.421s] -- Looking for OGRE_Property...
[3.425s] -- Found OGRE_Property: optimized;/usr/lib/x86_64-linux-gnu/libOgreProperty.so;debug;/usr/lib/x86_64-linux-gnu/libOgreProperty.so
[3.425s] -- Looking for OGRE_RTShaderSystem...
[3.428s] -- Found OGRE_RTShaderSystem: optimized;/usr/lib/x86_64-linux-gnu/libOgreRTShaderSystem.so;debug;/usr/lib/x86_64-linux-gnu/libOgreRTShaderSystem.so
[3.428s] -- Looking for OGRE_Volume...
[3.432s] -- Found OGRE_Volume: optimized;/usr/lib/x86_64-linux-gnu/libOgreVolume.so;debug;/usr/lib/x86_64-linux-gnu/libOgreVolume.so
[3.432s] -- Looking for OGRE_Overlay...
[3.437s] -- Found OGRE_Overlay: optimized;/usr/lib/x86_64-linux-gnu/libOgreOverlay.so;debug;/usr/lib/x86_64-linux-gnu/libOgreOverlay.so
[3.519s] -- Looking for ignition-math6 -- found version 6.15.1
[3.525s] -- Looking for ignition-transport8 -- found version 8.2.1
[3.526s] -- Searching for dependencies of ignition-transport8
[3.548s] -- Found Protobuf: /usr/lib/x86_64-linux-gnu/libprotobuf.so (found suitable version "3.12.4", minimum required is "3") 
[3.560s] -- Config-file not installed for ZeroMQ -- checking for pkg-config
[3.566s] -- Checking for module 'libzmq >= 4'
[3.589s] --   Found libzmq , version 4.3.4
[3.641s] -- Found ZeroMQ: TRUE (Required is at least version "4") 
[3.650s] -- Checking for module 'uuid'
[3.667s] --   Found uuid, version 2.37.2
[3.710s] -- Found UUID: TRUE  
[3.715s] -- Looking for ignition-msgs5 -- found version 5.8.1
[3.716s] -- Searching for dependencies of ignition-msgs5
[3.736s] -- Looking for ignition-math6 -- found version 6.15.1
[3.743s] -- Checking for module 'tinyxml2'
[3.761s] --   Found tinyxml2, version 9.0.0
[3.804s] -- Looking for ignition-msgs5 -- found version 5.8.1
[3.809s] -- Looking for ignition-common3 -- found version 3.14.0
[3.810s] -- Searching for dependencies of ignition-common3
[3.811s] -- Looking for dlfcn.h - found
[3.811s] -- Looking for libdl - found
[3.812s] -- Found DL: TRUE  
[3.826s] -- Found tinyobjloader: /usr/lib/x86_64-linux-gnu/cmake/tinyobjloader/tinyobjloader-config.cmake (found version "2.0.0") 
[3.827s] -- Searching for <ignition-common3> component [graphics]
[3.831s] -- Looking for ignition-common3-graphics -- found version 3.14.0
[3.831s] -- Searching for dependencies of ignition-common3-graphics
[3.832s] -- Looking for ignition-math6 -- found version 6.15.1
[3.840s] -- Looking for ignition-fuel_tools4 -- found version 4.4.0
[3.840s] -- Searching for dependencies of ignition-fuel_tools4
[3.875s] -- Found CURL: /usr/lib/x86_64-linux-gnu/libcurl.so (found version "7.81.0")  
[3.889s] -- Checking for module 'jsoncpp'
[3.908s] --   Found jsoncpp, version 1.9.5
[3.959s] -- Found JSONCPP: TRUE  
[3.966s] -- Checking for module 'libzip'
[3.985s] --   Found libzip, version 1.7.3
[4.033s] -- Found ZIP: TRUE  
[4.034s] -- Looking for ignition-common3 -- found version 3.14.0
[4.034s] -- Looking for ignition-math6 -- found version 6.15.1
[4.035s] -- Looking for ignition-msgs5 -- found version 5.8.1
[4.044s] -- Gazebo version: 11.10
[4.044s] -- Checking for module 'tbb'
[4.063s] --   Found tbb, version 2021.5.0
[4.123s] -- Found ament_lint_auto: 0.12.11 (/opt/ros/humble/share/ament_lint_auto/cmake)
[4.230s] -- Added test 'cppcheck' to perform static code analysis on C / C++ code
[4.231s] -- Configured cppcheck include dirs: 
[4.231s] -- Configured cppcheck exclude dirs and/or files: 
[4.232s] -- Added test 'flake8' to check Python code syntax and style conventions
[4.233s] -- Added test 'lint_cmake' to check CMake code style
[4.234s] -- Added test 'pep257' to check Python code against some of the docstring style conventions in PEP 257
[4.238s] -- Added test 'uncrustify' to check C / C++ code style
[4.238s] -- Configured uncrustify additional arguments: 
[4.239s] -- Added test 'xmllint' to check XML markup files
[4.241s] -- Configuring done
[4.454s] -- Generating done
[4.460s] -- Build files have been written to: /ros2_ws/build/spraying_pathways
[4.473s] Invoked command in '/ros2_ws/build/spraying_pathways' returned '0': CMAKE_PREFIX_PATH=${CMAKE_PREFIX_PATH}:/opt/ros/humble /usr/bin/cmake /ros2_ws/src/spraying_pathways -DCMAKE_INSTALL_PREFIX=/ros2_ws/install/spraying_pathways
[4.475s] Invoking command in '/ros2_ws/build/spraying_pathways': CMAKE_PREFIX_PATH=${CMAKE_PREFIX_PATH}:/opt/ros/humble /usr/bin/cmake --build /ros2_ws/build/spraying_pathways -- -j4 -l4
[4.560s] [  5%] [32mBuilding CXX object CMakeFiles/go_home_node.dir/src/go_home.cpp.o[0m
[4.563s] [ 11%] [32mBuilding CXX object CMakeFiles/cartesian_path_planner_trajectory_v1_node.dir/src/cartesian_path_planner_trajectory_v1.cpp.o[0m
[4.563s] [ 16%] [32mBuilding CXX object CMakeFiles/follow_joints_positions_node.dir/src/follow_joints_positions.cpp.o[0m
[4.569s] [ 22%] [32mBuilding CXX object CMakeFiles/cartesian_path_planner_cubes_v2_node.dir/src/cartesian_path_planner_cubes_v2.cpp.o[0m
[25.420s] [ 27%] [32m[1mLinking CXX executable follow_joints_positions_node[0m
[25.688s] [ 33%] [32m[1mLinking CXX executable cartesian_path_planner_trajectory_v1_node[0m
[25.984s] [ 38%] [32m[1mLinking CXX executable cartesian_path_planner_cubes_v2_node[0m
[26.060s] [ 44%] [32m[1mLinking CXX executable go_home_node[0m
[26.346s] [ 44%] Built target follow_joints_positions_node
[26.400s] [ 50%] [32mBuilding CXX object CMakeFiles/cartesian_path_planner_cubes_v3_node.dir/src/cartesian_path_planner_cubes_v3.cpp.o[0m
[26.409s] [ 50%] Built target cartesian_path_planner_trajectory_v1_node
[26.421s] [ 50%] Built target cartesian_path_planner_cubes_v2_node
[26.466s] [ 55%] [32mBuilding CXX object CMakeFiles/cartesian_path_planner_cubes_test_v1_node.dir/src/cartesian_path_planner_cubes_test_v1.cpp.o[0m
[26.488s] [ 61%] [32mBuilding CXX object CMakeFiles/cartesian_path_planner_cubes_test_v2_node.dir/src/cartesian_path_planner_cubes_test_v2.cpp.o[0m
[26.499s] [ 61%] Built target go_home_node
[26.560s] [ 66%] [32mBuilding CXX object CMakeFiles/cartesian_path_planner_cubes_test_go_v1_node.dir/src/cartesian_path_planner_cubes_test_go_v1.cpp.o[0m
[35.986s] [ 72%] [32m[1mLinking CXX executable cartesian_path_planner_cubes_v3_node[0m
[36.330s] [ 72%] Built target cartesian_path_planner_cubes_v3_node
[36.390s] [ 77%] [32m[1mLinking CXX executable cartesian_path_planner_cubes_test_v2_node[0m
[36.393s] [ 83%] [32mBuilding CXX object CMakeFiles/cartesian_path_planner_cubes_test_go_v2_node.dir/src/cartesian_path_planner_cubes_test_go_v2.cpp.o[0m
[36.603s] [ 88%] [32m[1mLinking CXX executable cartesian_path_planner_cubes_test_v1_node[0m
[36.810s] [ 88%] Built target cartesian_path_planner_cubes_test_v2_node
[36.953s] [ 88%] Built target cartesian_path_planner_cubes_test_v1_node
[37.343s] [ 94%] [32m[1mLinking CXX executable cartesian_path_planner_cubes_test_go_v1_node[0m
[37.679s] [ 94%] Built target cartesian_path_planner_cubes_test_go_v1_node
[44.162s] [100%] [32m[1mLinking CXX executable cartesian_path_planner_cubes_test_go_v2_node[0m
[44.477s] [100%] Built target cartesian_path_planner_cubes_test_go_v2_node
[44.549s] Invoked command in '/ros2_ws/build/spraying_pathways' returned '0': CMAKE_PREFIX_PATH=${CMAKE_PREFIX_PATH}:/opt/ros/humble /usr/bin/cmake --build /ros2_ws/build/spraying_pathways -- -j4 -l4
[44.701s] Invoking command in '/ros2_ws/build/spraying_pathways': CMAKE_PREFIX_PATH=${CMAKE_PREFIX_PATH}:/opt/ros/humble /usr/bin/cmake --install /ros2_ws/build/spraying_pathways
[44.711s] -- Install configuration: ""
[44.712s] -- Installing: /ros2_ws/install/spraying_pathways/lib/spraying_pathways/go_home_node
[44.713s] -- Set runtime path of "/ros2_ws/install/spraying_pathways/lib/spraying_pathways/go_home_node" to ""
[44.713s] -- Installing: /ros2_ws/install/spraying_pathways/lib/spraying_pathways/follow_joints_positions_node
[44.714s] -- Set runtime path of "/ros2_ws/install/spraying_pathways/lib/spraying_pathways/follow_joints_positions_node" to ""
[44.714s] -- Installing: /ros2_ws/install/spraying_pathways/lib/spraying_pathways/cartesian_path_planner_cubes_v2_node
[44.715s] -- Set runtime path of "/ros2_ws/install/spraying_pathways/lib/spraying_pathways/cartesian_path_planner_cubes_v2_node" to ""
[44.715s] -- Installing: /ros2_ws/install/spraying_pathways/lib/spraying_pathways/cartesian_path_planner_trajectory_v1_node
[44.715s] -- Set runtime path of "/ros2_ws/install/spraying_pathways/lib/spraying_pathways/cartesian_path_planner_trajectory_v1_node" to ""
[44.715s] -- Installing: /ros2_ws/install/spraying_pathways/lib/spraying_pathways/cartesian_path_planner_cubes_v3_node
[44.716s] -- Set runtime path of "/ros2_ws/install/spraying_pathways/lib/spraying_pathways/cartesian_path_planner_cubes_v3_node" to ""
[44.717s] -- Installing: /ros2_ws/install/spraying_pathways/lib/spraying_pathways/cartesian_path_planner_cubes_test_v1_node
[44.717s] -- Set runtime path of "/ros2_ws/install/spraying_pathways/lib/spraying_pathways/cartesian_path_planner_cubes_test_v1_node" to ""
[44.717s] -- Installing: /ros2_ws/install/spraying_pathways/lib/spraying_pathways/cartesian_path_planner_cubes_test_v2_node
[44.718s] -- Set runtime path of "/ros2_ws/install/spraying_pathways/lib/spraying_pathways/cartesian_path_planner_cubes_test_v2_node" to ""
[44.718s] -- Installing: /ros2_ws/install/spraying_pathways/lib/spraying_pathways/cartesian_path_planner_cubes_test_go_v1_node
[44.719s] -- Set runtime path of "/ros2_ws/install/spraying_pathways/lib/spraying_pathways/cartesian_path_planner_cubes_test_go_v1_node" to ""
[44.719s] -- Installing: /ros2_ws/install/spraying_pathways/lib/spraying_pathways/cartesian_path_planner_cubes_test_go_v2_node
[44.720s] -- Set runtime path of "/ros2_ws/install/spraying_pathways/lib/spraying_pathways/cartesian_path_planner_cubes_test_go_v2_node" to ""
[44.721s] -- Installing: /ros2_ws/install/spraying_pathways/lib/spraying_pathways/trajectory_logger.py
[44.721s] -- Installing: /ros2_ws/install/spraying_pathways/lib/spraying_pathways/plot_trajectory_log.py
[44.722s] -- Installing: /ros2_ws/install/spraying_pathways/share/spraying_pathways/launch
[44.722s] -- Installing: /ros2_ws/install/spraying_pathways/share/spraying_pathways/launch/bringup.launch.py
[44.723s] -- Installing: /ros2_ws/install/spraying_pathways/share/spraying_pathways/rviz
[44.724s] -- Installing: /ros2_ws/install/spraying_pathways/share/spraying_pathways/config
[44.724s] -- Installing: /ros2_ws/install/spraying_pathways/share/spraying_pathways/models
[44.724s] -- Installing: /ros2_ws/install/spraying_pathways/share/spraying_pathways/models/box_0_5
[44.724s] -- Installing: /ros2_ws/install/spraying_pathways/share/spraying_pathways/models/box_0_5/model.config
[44.724s] -- Installing: /ros2_ws/install/spraying_pathways/share/spraying_pathways/models/box_0_5/model.sdf
[44.725s] -- Installing: /ros2_ws/install/spraying_pathways/share/ament_index/resource_index/package_run_dependencies/spraying_pathways
[44.726s] -- Installing: /ros2_ws/install/spraying_pathways/share/ament_index/resource_index/parent_prefix_path/spraying_pathways
[44.727s] -- Installing: /ros2_ws/install/spraying_pathways/share/spraying_pathways/environment/ament_prefix_path.sh
[44.727s] -- Installing: /ros2_ws/install/spraying_pathways/share/spraying_pathways/environment/ament_prefix_path.dsv
[44.727s] -- Installing: /ros2_ws/install/spraying_pathways/share/spraying_pathways/environment/path.sh
[44.727s] -- Installing: /ros2_ws/install/spraying_pathways/share/spraying_pathways/environment/path.dsv
[44.729s] -- Installing: /ros2_ws/install/spraying_pathways/share/spraying_pathways/local_setup.bash
[44.729s] -- Installing: /ros2_ws/install/spraying_pathways/share/spraying_pathways/local_setup.sh
[44.729s] -- Installing: /ros2_ws/install/spraying_pathways/share/spraying_pathways/local_setup.zsh
[44.729s] -- Installing: /ros2_ws/install/spraying_pathways/share/spraying_pathways/local_setup.dsv
[44.729s] -- Installing: /ros2_ws/install/spraying_pathways/share/spraying_pathways/package.dsv
[44.729s] -- Installing: /ros2_ws/install/spraying_pathways/share/ament_index/resource_index/packages/spraying_pathways
[44.729s] -- Installing: /ros2_ws/install/spraying_pathways/share/spraying_pathways/cmake/spraying_pathwaysConfig.cmake
[44.729s] -- Installing: /ros2_ws/install/spraying_pathways/share/spraying_pathways/cmake/spraying_pathwaysConfig-version.cmake
[44.729s] -- Installing: /ros2_ws/install/spraying_pathways/share/spraying_pathways/package.xml
[44.734s] Invoked command in '/ros2_ws/build/spraying_pathways' returned '0': CMAKE_PREFIX_PATH=${CMAKE_PREFIX_PATH}:/opt/ros/humble /usr/bin/cmake --install /ros2_ws/build/spraying_pathways
